[2m18:20:22[22m [31m[1m[vite][22m[39m [31mws proxy socket error:[39m
Error: read ECONNRESET
    at TCP.onStreamRead (node:internal/stream_base_commons:216:20)
[2m18:20:22[22m [31m[1m[vite][22m[39m [31mws proxy socket error:[39m
Error: read ECONNRESET
    at TCP.onStreamRead (node:internal/stream_base_commons:216:20)
[2m18:23:11[22m [31m[1m[vite][22m[39m [31mws proxy socket error:[39m
Error: write ECONNABORTED
    at afterWriteDispatched (node:internal/stream_base_commons:159:15)
    at writeGeneric (node:internal/stream_base_commons:150:3)
    at Socket._writeGeneric (node:net:1025:11)
    at Socket._write (node:net:1037:8)
    at writeOrBuffer (node:internal/streams/writable:570:12)
    at _write (node:internal/streams/writable:499:10)
    at Writable.write (node:internal/streams/writable:508:10)
    at IncomingMessage.ondata (node:internal/streams/readable:1012:24)
    at IncomingMessage.emit (node:events:509:28)
    at addChunk (node:internal/streams/readable:563:12)
    at readableAddChunkPushByteMode (node:internal/streams/readable:514:3)
    at Readable.push (node:internal/streams/readable:394:5)
    at HTTPParser.parserOnBody (node:_http_common:137:24)
    at Socket.socketOnData (node:_http_client:633:22)
    at Socket.emit (node:events:509:28)
    at addChunk (node:internal/streams/readable:563:12)
    at readableAddChunkPushByteMode (node:internal/streams/readable:514:3)
    at Readable.push (node:internal/streams/readable:394:5)
    at TCP.onStreamRead (node:internal/stream_base_commons:189:23)
[2m18:23:11[22m [31m[1m[vite][22m[39m [31mws proxy socket error:[39m
Error: read ECONNRESET
    at TCP.onStreamRead (node:internal/stream_base_commons:216:20)
[2m18:23:40[22m [31m[1m[vite][22m[39m [31mws proxy socket error:[39m
Error: write ECONNABORTED
    at afterWriteDispatched (node:internal/stream_base_commons:159:15)
    at writeGeneric (node:internal/stream_base_commons:150:3)
    at Socket._writeGeneric (node:net:1025:11)
    at Socket._write (node:net:1037:8)
    at writeOrBuffer (node:internal/streams/writable:570:12)
    at _write (node:internal/streams/writable:499:10)
    at Writable.write (node:internal/streams/writable:508:10)
    at IncomingMessage.ondata (node:internal/streams/readable:1012:24)
    at IncomingMessage.emit (node:events:509:28)
    at addChunk (node:internal/streams/readable:563:12)
    at readableAddChunkPushByteMode (node:internal/streams/readable:514:3)
    at Readable.push (node:internal/streams/readable:394:5)
    at HTTPParser.parserOnBody (node:_http_common:137:24)
    at Socket.socketOnData (node:_http_client:633:22)
    at Socket.emit (node:events:509:28)
    at addChunk (node:internal/streams/readable:563:12)
    at readableAddChunkPushByteMode (node:internal/streams/readable:514:3)
    at Readable.push (node:internal/streams/readable:394:5)
    at TCP.onStreamRead (node:internal/stream_base_commons:189:23)
[2m18:23:40[22m [31m[1m[vite][22m[39m [31mws proxy socket error:[39m
Error: read ECONNRESET
    at TCP.onStreamRead (node:internal/stream_base_commons:216:20)
[2m18:24:15[22m [31m[1m[vite][22m[39m [31mws proxy socket error:[39m
Error: write ECONNABORTED
    at afterWriteDispatched (node:internal/stream_base_commons:159:15)
    at writeGeneric (node:internal/stream_base_commons:150:3)
    at Socket._writeGeneric (node:net:1025:11)
    at Socket._write (node:net:1037:8)
    at writeOrBuffer (node:internal/streams/writable:570:12)
    at _write (node:internal/streams/writable:499:10)
    at Writable.write (node:internal/streams/writable:508:10)
    at IncomingMessage.ondata (node:internal/streams/readable:1012:24)
    at IncomingMessage.emit (node:events:509:28)
    at addChunk (node:internal/streams/readable:563:12)
    at readableAddChunkPushByteMode (node:internal/streams/readable:514:3)
    at Readable.push (node:internal/streams/readable:394:5)
    at HTTPParser.parserOnBody (node:_http_common:137:24)
    at Socket.socketOnData (node:_http_client:633:22)
    at Socket.emit (node:events:509:28)
    at addChunk (node:internal/streams/readable:563:12)
    at readableAddChunkPushByteMode (node:internal/streams/readable:514:3)
    at Readable.push (node:internal/streams/readable:394:5)
    at TCP.onStreamRead (node:internal/stream_base_commons:189:23)
[2m18:24:15[22m [31m[1m[vite][22m[39m [31mws proxy socket error:[39m
Error: read ECONNRESET
    at TCP.onStreamRead (node:internal/stream_base_commons:216:20)
[2m18:26:00[22m [31m[1m[vite][22m[39m [31mws proxy socket error:[39m
Error: write ECONNABORTED
    at afterWriteDispatched (node:internal/stream_base_commons:159:15)
    at writeGeneric (node:internal/stream_base_commons:150:3)
    at Socket._writeGeneric (node:net:1025:11)
    at Socket._write (node:net:1037:8)
    at writeOrBuffer (node:internal/streams/writable:570:12)
    at _write (node:internal/streams/writable:499:10)
    at Writable.write (node:internal/streams/writable:508:10)
    at IncomingMessage.ondata (node:internal/streams/readable:1012:24)
    at IncomingMessage.emit (node:events:509:28)
    at addChunk (node:internal/streams/readable:563:12)
    at readableAddChunkPushByteMode (node:internal/streams/readable:514:3)
    at Readable.push (node:internal/streams/readable:394:5)
    at HTTPParser.parserOnBody (node:_http_common:137:24)
    at Socket.socketOnData (node:_http_client:633:22)
    at Socket.emit (node:events:509:28)
    at addChunk (node:internal/streams/readable:563:12)
    at readableAddChunkPushByteMode (node:internal/streams/readable:514:3)
    at Readable.push (node:internal/streams/readable:394:5)
    at TCP.onStreamRead (node:internal/stream_base_commons:189:23)
[2m18:26:00[22m [31m[1m[vite][22m[39m [31mws proxy socket error:[39m
Error: read ECONNRESET
    at TCP.onStreamRead (node:internal/stream_base_commons:216:20)
[2m18:36:58[22m [31m[1m[vite][22m[39m [31mInternal server error: Failed to resolve import "./pages/ProfilePage" from "src/App.tsx". Does the file exist?[39m
  Plugin: [35mvite:import-analysis[39m
  File: [36mD:/projects/mental_health_website/frontend/src/App.tsx[39m:21:38
[33m  41 |  const MoodPage = lazy(_c1 = () => import("./pages/MoodPage"));
  42 |  _c10 = MoodPage;
  43 |  const ProfilePage = lazy(_c11 = () => import("./pages/ProfilePage"));
     |                                               ^
  44 |  _c12 = ProfilePage;
  45 |  const ShareEditorPage = lazy(_c13 = () => import("./pages/ShareEditorPage"));[39m
      at TransformPluginContext._formatLog (file:///D:/projects/mental_health_website/frontend/node_modules/vite/dist/node/chunks/dep-Dm0c1Wj2.js:42658:41)
      at TransformPluginContext.error (file:///D:/projects/mental_health_website/frontend/node_modules/vite/dist/node/chunks/dep-Dm0c1Wj2.js:42655:16)
      at normalizeUrl (file:///D:/projects/mental_health_website/frontend/node_modules/vite/dist/node/chunks/dep-Dm0c1Wj2.js:40634:23)
      at process.processTicksAndRejections (node:internal/process/task_queues:104:5)
      at async file:///D:/projects/mental_health_website/frontend/node_modules/vite/dist/node/chunks/dep-Dm0c1Wj2.js:40753:37
      at async Promise.all (index 14)
      at async TransformPluginContext.transform (file:///D:/projects/mental_health_website/frontend/node_modules/vite/dist/node/chunks/dep-Dm0c1Wj2.js:40680:7)
      at async EnvironmentPluginContainer.transform (file:///D:/projects/mental_health_website/frontend/node_modules/vite/dist/node/chunks/dep-Dm0c1Wj2.js:42453:18)
      at async loadAndTransform (file:///D:/projects/mental_health_website/frontend/node_modules/vite/dist/node/chunks/dep-Dm0c1Wj2.js:35845:27)
      at async viteTransformMiddleware (file:///D:/projects/mental_health_website/frontend/node_modules/vite/dist/node/chunks/dep-Dm0c1Wj2.js:37369:24)
[2m18:36:58[22m [31m[1m[vite][22m[39m [31mInternal server error: Failed to resolve import "./pages/ProfilePage" from "src/App.tsx". Does the file exist?[39m
  Plugin: [35mvite:import-analysis[39m
  File: [36mD:/projects/mental_health_website/frontend/src/App.tsx[39m:21:38
[33m  41 |  const MoodPage = lazy(_c1 = () => import("./pages/MoodPage"));
  42 |  _c10 = MoodPage;
  43 |  const ProfilePage = lazy(_c11 = () => import("./pages/ProfilePage"));
     |                                               ^
  44 |  _c12 = ProfilePage;
  45 |  const ShareEditorPage = lazy(_c13 = () => import("./pages/ShareEditorPage"));[39m
      at TransformPluginContext._formatLog (file:///D:/projects/mental_health_website/frontend/node_modules/vite/dist/node/chunks/dep-Dm0c1Wj2.js:42658:41)
      at TransformPluginContext.error (file:///D:/projects/mental_health_website/frontend/node_modules/vite/dist/node/chunks/dep-Dm0c1Wj2.js:42655:16)
      at normalizeUrl (file:///D:/projects/mental_health_website/frontend/node_modules/vite/dist/node/chunks/dep-Dm0c1Wj2.js:40634:23)
      at process.processTicksAndRejections (node:internal/process/task_queues:104:5)
      at async file:///D:/projects/mental_health_website/frontend/node_modules/vite/dist/node/chunks/dep-Dm0c1Wj2.js:40753:37
      at async Promise.all (index 14)
      at async TransformPluginContext.transform (file:///D:/projects/mental_health_website/frontend/node_modules/vite/dist/node/chunks/dep-Dm0c1Wj2.js:40680:7)
      at async EnvironmentPluginContainer.transform (file:///D:/projects/mental_health_website/frontend/node_modules/vite/dist/node/chunks/dep-Dm0c1Wj2.js:42453:18)
      at async loadAndTransform (file:///D:/projects/mental_health_website/frontend/node_modules/vite/dist/node/chunks/dep-Dm0c1Wj2.js:35845:27)
      at async viteTransformMiddleware (file:///D:/projects/mental_health_website/frontend/node_modules/vite/dist/node/chunks/dep-Dm0c1Wj2.js:37369:24)
[2m18:36:58[22m [31m[1m[vite][22m[39m [31mInternal server error: Failed to resolve import "./pages/ProfilePage" from "src/App.tsx". Does the file exist?[39m
  Plugin: [35mvite:import-analysis[39m
  File: [36mD:/projects/mental_health_website/frontend/src/App.tsx[39m:21:38
[33m  41 |  const MoodPage = lazy(_c1 = () => import("./pages/MoodPage"));
  42 |  _c10 = MoodPage;
  43 |  const ProfilePage = lazy(_c11 = () => import("./pages/ProfilePage"));
     |                                               ^
  44 |  _c12 = ProfilePage;
  45 |  const ShareEditorPage = lazy(_c13 = () => import("./pages/ShareEditorPage"));[39m
      at TransformPluginContext._formatLog (file:///D:/projects/mental_health_website/frontend/node_modules/vite/dist/node/chunks/dep-Dm0c1Wj2.js:42658:41)
      at TransformPluginContext.error (file:///D:/projects/mental_health_website/frontend/node_modules/vite/dist/node/chunks/dep-Dm0c1Wj2.js:42655:16)
      at normalizeUrl (file:///D:/projects/mental_health_website/frontend/node_modules/vite/dist/node/chunks/dep-Dm0c1Wj2.js:40634:23)
      at process.processTicksAndRejections (node:internal/process/task_queues:104:5)
      at async file:///D:/projects/mental_health_website/frontend/node_modules/vite/dist/node/chunks/dep-Dm0c1Wj2.js:40753:37
      at async Promise.all (index 14)
      at async TransformPluginContext.transform (file:///D:/projects/mental_health_website/frontend/node_modules/vite/dist/node/chunks/dep-Dm0c1Wj2.js:40680:7)
      at async EnvironmentPluginContainer.transform (file:///D:/projects/mental_health_website/frontend/node_modules/vite/dist/node/chunks/dep-Dm0c1Wj2.js:42453:18)
      at async loadAndTransform (file:///D:/projects/mental_health_website/frontend/node_modules/vite/dist/node/chunks/dep-Dm0c1Wj2.js:35845:27)
      at async viteTransformMiddleware (file:///D:/projects/mental_health_website/frontend/node_modules/vite/dist/node/chunks/dep-Dm0c1Wj2.js:37369:24)
[2m18:36:58[22m [31m[1m[vite][22m[39m [31mInternal server error: Failed to resolve import "./pages/ProfilePage" from "src/App.tsx". Does the file exist?[39m
  Plugin: [35mvite:import-analysis[39m
  File: [36mD:/projects/mental_health_website/frontend/src/App.tsx[39m:21:38
[33m  41 |  const MoodPage = lazy(_c1 = () => import("./pages/MoodPage"));
  42 |  _c10 = MoodPage;
  43 |  const ProfilePage = lazy(_c11 = () => import("./pages/ProfilePage"));
     |                                               ^
  44 |  _c12 = ProfilePage;
  45 |  const ShareEditorPage = lazy(_c13 = () => import("./pages/ShareEditorPage"));[39m
      at TransformPluginContext._formatLog (file:///D:/projects/mental_health_website/frontend/node_modules/vite/dist/node/chunks/dep-Dm0c1Wj2.js:42658:41)
      at TransformPluginContext.error (file:///D:/projects/mental_health_website/frontend/node_modules/vite/dist/node/chunks/dep-Dm0c1Wj2.js:42655:16)
      at normalizeUrl (file:///D:/projects/mental_health_website/frontend/node_modules/vite/dist/node/chunks/dep-Dm0c1Wj2.js:40634:23)
      at process.processTicksAndRejections (node:internal/process/task_queues:104:5)
      at async file:///D:/projects/mental_health_website/frontend/node_modules/vite/dist/node/chunks/dep-Dm0c1Wj2.js:40753:37
      at async Promise.all (index 14)
      at async TransformPluginContext.transform (file:///D:/projects/mental_health_website/frontend/node_modules/vite/dist/node/chunks/dep-Dm0c1Wj2.js:40680:7)
      at async EnvironmentPluginContainer.transform (file:///D:/projects/mental_health_website/frontend/node_modules/vite/dist/node/chunks/dep-Dm0c1Wj2.js:42453:18)
      at async loadAndTransform (file:///D:/projects/mental_health_website/frontend/node_modules/vite/dist/node/chunks/dep-Dm0c1Wj2.js:35845:27)
[2m18:36:58[22m [31m[1m[vite][22m[39m [31mInternal server error: Failed to resolve import "./pages/ProfilePage" from "src/App.tsx". Does the file exist?[39m
  Plugin: [35mvite:import-analysis[39m
  File: [36mD:/projects/mental_health_website/frontend/src/App.tsx[39m:21:38
[33m  41 |  const MoodPage = lazy(_c1 = () => import("./pages/MoodPage"));
  42 |  _c10 = MoodPage;
  43 |  const ProfilePage = lazy(_c11 = () => import("./pages/ProfilePage"));
     |                                               ^
  44 |  _c12 = ProfilePage;
  45 |  const ShareEditorPage = lazy(_c13 = () => import("./pages/ShareEditorPage"));[39m
      at TransformPluginContext._formatLog (file:///D:/projects/mental_health_website/frontend/node_modules/vite/dist/node/chunks/dep-Dm0c1Wj2.js:42658:41)
      at TransformPluginContext.error (file:///D:/projects/mental_health_website/frontend/node_modules/vite/dist/node/chunks/dep-Dm0c1Wj2.js:42655:16)
      at normalizeUrl (file:///D:/projects/mental_health_website/frontend/node_modules/vite/dist/node/chunks/dep-Dm0c1Wj2.js:40634:23)
      at process.processTicksAndRejections (node:internal/process/task_queues:104:5)
      at async file:///D:/projects/mental_health_website/frontend/node_modules/vite/dist/node/chunks/dep-Dm0c1Wj2.js:40753:37
      at async Promise.all (index 14)
      at async TransformPluginContext.transform (file:///D:/projects/mental_health_website/frontend/node_modules/vite/dist/node/chunks/dep-Dm0c1Wj2.js:40680:7)
      at async EnvironmentPluginContainer.transform (file:///D:/projects/mental_health_website/frontend/node_modules/vite/dist/node/chunks/dep-Dm0c1Wj2.js:42453:18)
      at async loadAndTransform (file:///D:/projects/mental_health_website/frontend/node_modules/vite/dist/node/chunks/dep-Dm0c1Wj2.js:35845:27)
[2m18:36:58[22m [31m[1m[vite][22m[39m [31mInternal server error: Failed to resolve import "./pages/ProfilePage" from "src/App.tsx". Does the file exist?[39m
  Plugin: [35mvite:import-analysis[39m
  File: [36mD:/projects/mental_health_website/frontend/src/App.tsx[39m:21:38
[33m  41 |  const MoodPage = lazy(_c1 = () => import("./pages/MoodPage"));
  42 |  _c10 = MoodPage;
  43 |  const ProfilePage = lazy(_c11 = () => import("./pages/ProfilePage"));
     |                                               ^
  44 |  _c12 = ProfilePage;
  45 |  const ShareEditorPage = lazy(_c13 = () => import("./pages/ShareEditorPage"));[39m
      at TransformPluginContext._formatLog (file:///D:/projects/mental_health_website/frontend/node_modules/vite/dist/node/chunks/dep-Dm0c1Wj2.js:42658:41)
      at TransformPluginContext.error (file:///D:/projects/mental_health_website/frontend/node_modules/vite/dist/node/chunks/dep-Dm0c1Wj2.js:42655:16)
      at normalizeUrl (file:///D:/projects/mental_health_website/frontend/node_modules/vite/dist/node/chunks/dep-Dm0c1Wj2.js:40634:23)
      at process.processTicksAndRejections (node:internal/process/task_queues:104:5)
      at async file:///D:/projects/mental_health_website/frontend/node_modules/vite/dist/node/chunks/dep-Dm0c1Wj2.js:40753:37
      at async Promise.all (index 14)
      at async TransformPluginContext.transform (file:///D:/projects/mental_health_website/frontend/node_modules/vite/dist/node/chunks/dep-Dm0c1Wj2.js:40680:7)
      at async EnvironmentPluginContainer.transform (file:///D:/projects/mental_health_website/frontend/node_modules/vite/dist/node/chunks/dep-Dm0c1Wj2.js:42453:18)
      at async loadAndTransform (file:///D:/projects/mental_health_website/frontend/node_modules/vite/dist/node/chunks/dep-Dm0c1Wj2.js:35845:27)
[2m18:36:58[22m [31m[1m[vite][22m[39m [31mInternal server error: Failed to resolve import "./pages/ProfilePage" from "src/App.tsx". Does the file exist?[39m
  Plugin: [35mvite:import-analysis[39m
  File: [36mD:/projects/mental_health_website/frontend/src/App.tsx[39m:21:38
[33m  41 |  const MoodPage = lazy(_c1 = () => import("./pages/MoodPage"));
  42 |  _c10 = MoodPage;
  43 |  const ProfilePage = lazy(_c11 = () => import("./pages/ProfilePage"));
     |                                               ^
  44 |  _c12 = ProfilePage;
  45 |  const ShareEditorPage = lazy(_c13 = () => import("./pages/ShareEditorPage"));[39m
      at TransformPluginContext._formatLog (file:///D:/projects/mental_health_website/frontend/node_modules/vite/dist/node/chunks/dep-Dm0c1Wj2.js:42658:41)
      at TransformPluginContext.error (file:///D:/projects/mental_health_website/frontend/node_modules/vite/dist/node/chunks/dep-Dm0c1Wj2.js:42655:16)
      at normalizeUrl (file:///D:/projects/mental_health_website/frontend/node_modules/vite/dist/node/chunks/dep-Dm0c1Wj2.js:40634:23)
      at process.processTicksAndRejections (node:internal/process/task_queues:104:5)
      at async file:///D:/projects/mental_health_website/frontend/node_modules/vite/dist/node/chunks/dep-Dm0c1Wj2.js:40753:37
      at async Promise.all (index 14)
      at async TransformPluginContext.transform (file:///D:/projects/mental_health_website/frontend/node_modules/vite/dist/node/chunks/dep-Dm0c1Wj2.js:40680:7)
      at async EnvironmentPluginContainer.transform (file:///D:/projects/mental_health_website/frontend/node_modules/vite/dist/node/chunks/dep-Dm0c1Wj2.js:42453:18)
      at async loadAndTransform (file:///D:/projects/mental_health_website/frontend/node_modules/vite/dist/node/chunks/dep-Dm0c1Wj2.js:35845:27)
[2m18:36:58[22m [31m[1m[vite][22m[39m [31mInternal server error: Failed to resolve import "./pages/ProfilePage" from "src/App.tsx". Does the file exist?[39m
  Plugin: [35mvite:import-analysis[39m
  File: [36mD:/projects/mental_health_website/frontend/src/App.tsx[39m:21:38
[33m  41 |  const MoodPage = lazy(_c1 = () => import("./pages/MoodPage"));
  42 |  _c10 = MoodPage;
  43 |  const ProfilePage = lazy(_c11 = () => import("./pages/ProfilePage"));
     |                                               ^
  44 |  _c12 = ProfilePage;
  45 |  const ShareEditorPage = lazy(_c13 = () => import("./pages/ShareEditorPage"));[39m
      at TransformPluginContext._formatLog (file:///D:/projects/mental_health_website/frontend/node_modules/vite/dist/node/chunks/dep-Dm0c1Wj2.js:42658:41)
      at TransformPluginContext.error (file:///D:/projects/mental_health_website/frontend/node_modules/vite/dist/node/chunks/dep-Dm0c1Wj2.js:42655:16)
      at normalizeUrl (file:///D:/projects/mental_health_website/frontend/node_modules/vite/dist/node/chunks/dep-Dm0c1Wj2.js:40634:23)
      at process.processTicksAndRejections (node:internal/process/task_queues:104:5)
      at async file:///D:/projects/mental_health_website/frontend/node_modules/vite/dist/node/chunks/dep-Dm0c1Wj2.js:40753:37
      at async Promise.all (index 14)
      at async TransformPluginContext.transform (file:///D:/projects/mental_health_website/frontend/node_modules/vite/dist/node/chunks/dep-Dm0c1Wj2.js:40680:7)
      at async EnvironmentPluginContainer.transform (file:///D:/projects/mental_health_website/frontend/node_modules/vite/dist/node/chunks/dep-Dm0c1Wj2.js:42453:18)
      at async loadAndTransform (file:///D:/projects/mental_health_website/frontend/node_modules/vite/dist/node/chunks/dep-Dm0c1Wj2.js:35845:27)
      at async viteTransformMiddleware (file:///D:/projects/mental_health_website/frontend/node_modules/vite/dist/node/chunks/dep-Dm0c1Wj2.js:37369:24)
[2m18:36:58[22m [31m[1m[vite][22m[39m [31mInternal server error: Failed to resolve import "./pages/ProfilePage" from "src/App.tsx". Does the file exist?[39m
  Plugin: [35mvite:import-analysis[39m
  File: [36mD:/projects/mental_health_website/frontend/src/App.tsx[39m:21:38
[33m  41 |  const MoodPage = lazy(_c1 = () => import("./pages/MoodPage"));
  42 |  _c10 = MoodPage;
  43 |  const ProfilePage = lazy(_c11 = () => import("./pages/ProfilePage"));
     |                                               ^
  44 |  _c12 = ProfilePage;
  45 |  const ShareEditorPage = lazy(_c13 = () => import("./pages/ShareEditorPage"));[39m
      at TransformPluginContext._formatLog (file:///D:/projects/mental_health_website/frontend/node_modules/vite/dist/node/chunks/dep-Dm0c1Wj2.js:42658:41)
      at TransformPluginContext.error (file:///D:/projects/mental_health_website/frontend/node_modules/vite/dist/node/chunks/dep-Dm0c1Wj2.js:42655:16)
      at normalizeUrl (file:///D:/projects/mental_health_website/frontend/node_modules/vite/dist/node/chunks/dep-Dm0c1Wj2.js:40634:23)
      at process.processTicksAndRejections (node:internal/process/task_queues:104:5)
      at async file:///D:/projects/mental_health_website/frontend/node_modules/vite/dist/node/chunks/dep-Dm0c1Wj2.js:40753:37
      at async Promise.all (index 14)
      at async TransformPluginContext.transform (file:///D:/projects/mental_health_website/frontend/node_modules/vite/dist/node/chunks/dep-Dm0c1Wj2.js:40680:7)
      at async EnvironmentPluginContainer.transform (file:///D:/projects/mental_health_website/frontend/node_modules/vite/dist/node/chunks/dep-Dm0c1Wj2.js:42453:18)
      at async loadAndTransform (file:///D:/projects/mental_health_website/frontend/node_modules/vite/dist/node/chunks/dep-Dm0c1Wj2.js:35845:27)
      at async viteTransformMiddleware (file:///D:/projects/mental_health_website/frontend/node_modules/vite/dist/node/chunks/dep-Dm0c1Wj2.js:37369:24)
[2m18:36:58[22m [31m[1m[vite][22m[39m [31mInternal server error: Failed to resolve import "./pages/ProfilePage" from "src/App.tsx". Does the file exist?[39m
  Plugin: [35mvite:import-analysis[39m
  File: [36mD:/projects/mental_health_website/frontend/src/App.tsx[39m:21:38
[33m  41 |  const MoodPage = lazy(_c1 = () => import("./pages/MoodPage"));
  42 |  _c10 = MoodPage;
  43 |  const ProfilePage = lazy(_c11 = () => import("./pages/ProfilePage"));
     |                                               ^
  44 |  _c12 = ProfilePage;
  45 |  const ShareEditorPage = lazy(_c13 = () => import("./pages/ShareEditorPage"));[39m
      at TransformPluginContext._formatLog (file:///D:/projects/mental_health_website/frontend/node_modules/vite/dist/node/chunks/dep-Dm0c1Wj2.js:42658:41)
      at TransformPluginContext.error (file:///D:/projects/mental_health_website/frontend/node_modules/vite/dist/node/chunks/dep-Dm0c1Wj2.js:42655:16)
      at normalizeUrl (file:///D:/projects/mental_health_website/frontend/node_modules/vite/dist/node/chunks/dep-Dm0c1Wj2.js:40634:23)
      at process.processTicksAndRejections (node:internal/process/task_queues:104:5)
      at async file:///D:/projects/mental_health_website/frontend/node_modules/vite/dist/node/chunks/dep-Dm0c1Wj2.js:40753:37
      at async Promise.all (index 14)
      at async TransformPluginContext.transform (file:///D:/projects/mental_health_website/frontend/node_modules/vite/dist/node/chunks/dep-Dm0c1Wj2.js:40680:7)
      at async EnvironmentPluginContainer.transform (file:///D:/projects/mental_health_website/frontend/node_modules/vite/dist/node/chunks/dep-Dm0c1Wj2.js:42453:18)
      at async loadAndTransform (file:///D:/projects/mental_health_website/frontend/node_modules/vite/dist/node/chunks/dep-Dm0c1Wj2.js:35845:27)
      at async viteTransformMiddleware (file:///D:/projects/mental_health_website/frontend/node_modules/vite/dist/node/chunks/dep-Dm0c1Wj2.js:37369:24)
[2m18:36:58[22m [31m[1m[vite][22m[39m [31mInternal server error: Failed to resolve import "./pages/ProfilePage" from "src/App.tsx". Does the file exist?[39m
  Plugin: [35mvite:import-analysis[39m
  File: [36mD:/projects/mental_health_website/frontend/src/App.tsx[39m:21:38
[33m  41 |  const MoodPage = lazy(_c1 = () => import("./pages/MoodPage"));
  42 |  _c10 = MoodPage;
  43 |  const ProfilePage = lazy(_c11 = () => import("./pages/ProfilePage"));
     |                                               ^
  44 |  _c12 = ProfilePage;
  45 |  const ShareEditorPage = lazy(_c13 = () => import("./pages/ShareEditorPage"));[39m
      at TransformPluginContext._formatLog (file:///D:/projects/mental_health_website/frontend/node_modules/vite/dist/node/chunks/dep-Dm0c1Wj2.js:42658:41)
      at TransformPluginContext.error (file:///D:/projects/mental_health_website/frontend/node_modules/vite/dist/node/chunks/dep-Dm0c1Wj2.js:42655:16)
      at normalizeUrl (file:///D:/projects/mental_health_website/frontend/node_modules/vite/dist/node/chunks/dep-Dm0c1Wj2.js:40634:23)
      at process.processTicksAndRejections (node:internal/process/task_queues:104:5)
      at async file:///D:/projects/mental_health_website/frontend/node_modules/vite/dist/node/chunks/dep-Dm0c1Wj2.js:40753:37
      at async Promise.all (index 14)
      at async TransformPluginContext.transform (file:///D:/projects/mental_health_website/frontend/node_modules/vite/dist/node/chunks/dep-Dm0c1Wj2.js:40680:7)
      at async EnvironmentPluginContainer.transform (file:///D:/projects/mental_health_website/frontend/node_modules/vite/dist/node/chunks/dep-Dm0c1Wj2.js:42453:18)
      at async loadAndTransform (file:///D:/projects/mental_health_website/frontend/node_modules/vite/dist/node/chunks/dep-Dm0c1Wj2.js:35845:27)
      at async viteTransformMiddleware (file:///D:/projects/mental_health_website/frontend/node_modules/vite/dist/node/chunks/dep-Dm0c1Wj2.js:37369:24)
[2m18:36:58[22m [31m[1m[vite][22m[39m [31mws proxy socket error:[39m
Error: read ECONNRESET
    at TCP.onStreamRead (node:internal/stream_base_commons:216:20)
[2m18:38:29[22m [31m[1m[vite][22m[39m [31mws proxy socket error:[39m
Error: write ECONNABORTED
    at afterWriteDispatched (node:internal/stream_base_commons:159:15)
    at writeGeneric (node:internal/stream_base_commons:150:3)
    at Socket._writeGeneric (node:net:1025:11)
    at Socket._write (node:net:1037:8)
    at writeOrBuffer (node:internal/streams/writable:570:12)
    at _write (node:internal/streams/writable:499:10)
    at Writable.write (node:internal/streams/writable:508:10)
    at IncomingMessage.ondata (node:internal/streams/readable:1012:24)
    at IncomingMessage.emit (node:events:509:28)
    at addChunk (node:internal/streams/readable:563:12)
    at readableAddChunkPushByteMode (node:internal/streams/readable:514:3)
    at Readable.push (node:internal/streams/readable:394:5)
    at HTTPParser.parserOnBody (node:_http_common:137:24)
    at Socket.socketOnData (node:_http_client:633:22)
    at Socket.emit (node:events:509:28)
    at addChunk (node:internal/streams/readable:563:12)
    at readableAddChunkPushByteMode (node:internal/streams/readable:514:3)
    at Readable.push (node:internal/streams/readable:394:5)
    at TCP.onStreamRead (node:internal/stream_base_commons:189:23)
[2m18:42:58[22m [31m[1m[vite][22m[39m [31mhttp proxy error: /api/discussions/plaza[39m
Error: connect ECONNREFUSED 127.0.0.1:8000
    at TCPConnectWrap.afterConnect [as oncomplete] (node:net:1705:16)
[2m19:01:01[22m [31m[1m[vite][22m[39m [31mws proxy socket error:[39m
Error: read ECONNRESET
    at TCP.onStreamRead (node:internal/stream_base_commons:216:20)
[2m19:06:03[22m [31m[1m[vite][22m[39m [31mhttp proxy error: /api/discussions/plaza[39m
Error: connect ECONNREFUSED 127.0.0.1:8000
    at TCPConnectWrap.afterConnect [as oncomplete] (node:net:1705:16)
[2m19:06:05[22m [31m[1m[vite][22m[39m [31mhttp proxy error: /api/discussions/plaza[39m
Error: connect ECONNREFUSED 127.0.0.1:8000
    at TCPConnectWrap.afterConnect [as oncomplete] (node:net:1705:16)
[2m19:06:11[22m [31m[1m[vite][22m[39m [31mhttp proxy error: /api/discussions/plaza[39m
Error: connect ECONNREFUSED 127.0.0.1:8000
    at TCPConnectWrap.afterConnect [as oncomplete] (node:net:1705:16)
[2m19:06:13[22m [31m[1m[vite][22m[39m [31mhttp proxy error: /api/discussions/plaza[39m
Error: connect ECONNREFUSED 127.0.0.1:8000
    at TCPConnectWrap.afterConnect [as oncomplete] (node:net:1705:16)
[2m20:32:03[22m [31m[1m[vite][22m[39m [31mws proxy socket error:[39m
Error: write ECONNABORTED
    at afterWriteDispatched (node:internal/stream_base_commons:159:15)
    at writeGeneric (node:internal/stream_base_commons:150:3)
    at Socket._writeGeneric (node:net:1025:11)
    at Socket._write (node:net:1037:8)
    at writeOrBuffer (node:internal/streams/writable:570:12)
    at _write (node:internal/streams/writable:499:10)
    at Writable.write (node:internal/streams/writable:508:10)
    at IncomingMessage.ondata (node:internal/streams/readable:1012:24)
    at IncomingMessage.emit (node:events:509:28)
    at addChunk (node:internal/streams/readable:563:12)
    at readableAddChunkPushByteMode (node:internal/streams/readable:514:3)
    at Readable.push (node:internal/streams/readable:394:5)
    at HTTPParser.parserOnBody (node:_http_common:137:24)
    at Socket.socketOnData (node:_http_client:633:22)
    at Socket.emit (node:events:509:28)
    at addChunk (node:internal/streams/readable:563:12)
    at readableAddChunkPushByteMode (node:internal/streams/readable:514:3)
    at Readable.push (node:internal/streams/readable:394:5)
    at TCP.onStreamRead (node:internal/stream_base_commons:189:23)
[2m20:32:03[22m [31m[1m[vite][22m[39m [31mws proxy socket error:[39m
Error: read ECONNRESET
    at TCP.onStreamRead (node:internal/stream_base_commons:216:20)
