
> mental-health-ai-frontend@1.0.0 dev
> vite --host 0.0.0.0 --host 127.0.0.1


  [32m[1mVITE[22m v6.4.3[39m  [2mready in [0m[1m527[22m[2m[0m ms[22m

  [32m➜[39m  [1mLocal[22m:   [36mhttp://127.0.0.1:[1m5173[22m/[39m
[2m[32m  ➜[39m[22m[2m  press [22m[1mh + enter[22m[2m to show help[22m
[2m18:22:58[22m [36m[1m[vite][22m[39m [90m[2m(client)[22m[39m [32mhmr update [39m[2m/src/pages/CommunityPage.tsx[22m
[2m18:27:50[22m [36m[1m[vite][22m[39m [90m[2m(client)[22m[39m [32mhmr update [39m[2m/src/pages/ConsultPage.tsx[22m
[2m18:27:50[22m [36m[1m[vite][22m[39m [90m[2m(client)[22m[39m [32mhmr update [39m[2m/src/styles.css[22m
[2m18:28:20[22m [36m[1m[vite][22m[39m [90m[2m(client)[22m[39m [32mhmr update [39m[2m/src/pages/ConsultPage.tsx[22m
[2m18:36:58[22m [36m[1m[vite][22m[39m [90m[2m(client)[22m[39m [32mhmr update [39m[2m/src/App.tsx, /src/components/AuthPanel.tsx, /src/pages/DashboardPage.tsx, /src/pages/ArticlesPage.tsx, /src/pages/ConsultPage.tsx, /src/pages/CommunityPage.tsx, /src/components/CommunityMediaComposer.tsx, /src/pages/ShareEditorPage.tsx, /src/components/RequireLogin.tsx[22m
[2m18:36:58[22m [36m[1m[vite][22m[39m [90m[2m(client)[22m[39m [32mhmr update [39m[2m/src/components/AuthPanel.tsx, /src/pages/DashboardPage.tsx, /src/pages/ArticlesPage.tsx, /src/pages/ConsultPage.tsx, /src/pages/CommunityPage.tsx, /src/components/CommunityMediaComposer.tsx, /src/pages/ShareEditorPage.tsx[22m
[2m18:36:58[22m [36m[1m[vite][22m[39m [90m[2m(client)[22m[39m [32mhmr update [39m[2m/src/components/AuthPanel.tsx[22m
[2m18:36:58[22m [36m[1m[vite][22m[39m [90m[2m(client)[22m[39m [32mhmr update [39m[2m/src/App.tsx[22m
[2m18:38:28[22m [36m[1m[vite][22m[39m [90m[2m(client)[22m[39m [32mpage reload [39m[2msrc/pages/ProfilePage.tsx[22m
[2m18:39:22[22m [36m[1m[vite][22m[39m [90m[2m(client)[22m[39m [32mhmr update [39m[2m/src/styles.css[22m
[2m18:39:42[22m [36m[1m[vite][22m[39m [90m[2m(client)[22m[39m [32mhmr update [39m[2m/src/styles.css[22m
[2m18:49:54[22m [36m[1m[vite][22m[39m [90m[2m(client)[22m[39m [32mhmr update [39m[2m/src/components/AuthPanel.tsx, /src/pages/DashboardPage.tsx, /src/pages/ArticlesPage.tsx, /src/pages/ConsultPage.tsx, /src/pages/CommunityPage.tsx, /src/components/CommunityMediaComposer.tsx, /src/pages/ShareEditorPage.tsx, /src/pages/ProfilePage.tsx[22m
[2m18:49:54[22m [36m[1m[vite][22m[39m [90m[2m(client)[22m[39m [32mhmr update [39m[2m/src/pages/ConsultPage.tsx[22m
[2m18:49:54[22m [36m[1m[vite][22m[39m [90m[2m(client)[22m[39m [32mhmr update [39m[2m/src/styles.css[22m
[2m18:53:09[22m [36m[1m[vite][22m[39m [90m[2m(client)[22m[39m [32mhmr update [39m[2m/src/components/AuthPanel.tsx, /src/pages/DashboardPage.tsx, /src/pages/ArticlesPage.tsx, /src/pages/ConsultPage.tsx, /src/pages/CommunityPage.tsx, /src/components/CommunityMediaComposer.tsx, /src/pages/ShareEditorPage.tsx, /src/pages/ProfilePage.tsx[22m
[2m19:01:01[22m [36m[1m[vite][22m[39m [90m[2m(client)[22m[39m [32mhmr update [39m[2m/src/components/AuthPanel.tsx, /src/pages/DashboardPage.tsx, /src/pages/ArticlesPage.tsx, /src/pages/ConsultPage.tsx, /src/pages/CommunityPage.tsx, /src/components/CommunityMediaComposer.tsx, /src/pages/ShareEditorPage.tsx, /src/pages/ProfilePage.tsx[22m
[2m19:01:01[22m [36m[1m[vite][22m[39m [90m[2m(client)[22m[39m [32mhmr update [39m[2m/src/pages/ArticlesPage.tsx[22m
[2m19:01:01[22m [36m[1m[vite][22m[39m [90m[2m(client)[22m[39m [32mhmr update [39m[2m/src/styles.css[22m
[2m19:02:53[22m [36m[1m[vite][22m[39m [90m[2m(client)[22m[39m [32mhmr update [39m[2m/src/styles.css[22m
[2m19:03:03[22m [36m[1m[vite][22m[39m [90m[2m(client)[22m[39m [32mhmr update [39m[2m/src/components/AuthPanel.tsx, /src/pages/DashboardPage.tsx, /src/pages/ArticlesPage.tsx, /src/pages/ConsultPage.tsx, /src/pages/CommunityPage.tsx, /src/components/CommunityMediaComposer.tsx, /src/pages/ShareEditorPage.tsx, /src/pages/ProfilePage.tsx[22m
