INFO:     Started server process [15236]
INFO:     Waiting for application startup.
INFO:     Application startup complete.
INFO:     Uvicorn running on http://127.0.0.1:8000 (Press CTRL+C to quit)
2026-07-17 16:25:05,208 INFO mental_health.api GET /api/health 200 4.4ms request_id=c48b7ce1-9d6c-4a90-9b8b-95c5fd1381f3
2026-07-17 16:26:02,035 INFO mental_health.api GET /api/admin/reports 200 91.4ms request_id=48cb1388-ffc1-4958-8019-e4e7eb8ed78e
2026-07-17 16:26:02,061 INFO mental_health.api GET /api/admin/moderation 200 115.6ms request_id=8bf6552c-e6eb-41ec-9812-3028cf7e6c5e
2026-07-17 16:26:02,078 INFO mental_health.api GET /api/admin/users 200 129.7ms request_id=42bb8cb2-041a-4184-9a1e-068e1ce6686b
2026-07-17 16:26:02,081 INFO mental_health.api GET /api/admin/risk-events 200 139.9ms request_id=05c6fd81-b945-43e0-beaf-657468ef425d
2026-07-17 16:26:02,087 INFO mental_health.api GET /api/admin/trends 200 151.9ms request_id=85f02d90-1966-4f07-8ea9-ba3db513e557
2026-07-17 16:26:02,094 INFO mental_health.api GET /api/admin/overview 200 160.0ms request_id=58ad32c7-e0a9-4b2d-8315-03b506cd9071
2026-07-17 16:26:02,121 INFO mental_health.api GET /api/admin/sensitive-words 200 48.5ms request_id=f69999e9-c469-4639-a036-d3164bd5c63f
2026-07-17 16:26:02,127 INFO mental_health.api GET /api/admin/articles 200 43.2ms request_id=1956ed5d-45a3-46e8-a831-745593ca562e
2026-07-17 16:26:02,130 INFO mental_health.api GET /api/admin/audit-logs 200 33.5ms request_id=0ff8bfbb-842f-4bad-b208-1249c175738b
2026-07-17 16:26:10,438 INFO mental_health.api GET /api/admin/risk-events/1/timeline 200 11.3ms request_id=4b26d68b-31a2-4e75-a0b2-311bbd411305
2026-07-17 16:27:04,729 INFO mental_health.api PATCH /api/admin/risk-events/1 200 69.9ms request_id=657d5e5f-2f40-48b9-b152-1f6fb5f6c69f
2026-07-17 16:27:04,782 INFO mental_health.api GET /api/admin/reports 200 31.3ms request_id=666b75d6-d888-4b0f-aadd-e56a9aeedb40
2026-07-17 16:27:04,790 INFO mental_health.api GET /api/admin/risk-events 200 46.0ms request_id=d1ce2fa2-9dbb-4347-8e91-5552a7bf677f
2026-07-17 16:27:04,798 INFO mental_health.api GET /api/admin/moderation 200 45.2ms request_id=3ef6dd1b-1055-4686-9276-675f5b3924cf
2026-07-17 16:27:04,801 INFO mental_health.api GET /api/admin/audit-logs 200 47.3ms request_id=18b4e717-239e-4439-9b56-3ec0e7fb3557
2026-07-17 16:27:04,806 INFO mental_health.api GET /api/admin/overview 200 64.9ms request_id=e3663e12-3621-4570-855a-25ca39102cd7
2026-07-17 16:27:04,812 INFO mental_health.api GET /api/admin/risk-events/1/timeline 200 54.0ms request_id=5fb1c7a3-38e7-41e8-a069-f28281f960b9
2026-07-17 16:29:17,638 INFO mental_health.api GET /api/admin/moderation 200 36.2ms request_id=39797769-3a9b-4f39-a43d-2a95fece6889
2026-07-17 16:29:17,652 INFO mental_health.api GET /api/admin/reports 200 56.7ms request_id=47ed3cad-267e-46d8-906c-8cf96ceb8921
2026-07-17 16:29:17,660 INFO mental_health.api GET /api/admin/users 200 56.5ms request_id=0cd5ea04-dedb-4801-be98-f94999e2d44b
2026-07-17 16:29:17,664 INFO mental_health.api GET /api/admin/risk-events 200 73.2ms request_id=07e711e2-e90a-4a98-92d3-bc5876c9c0a7
2026-07-17 16:29:17,671 INFO mental_health.api GET /api/admin/trends 200 85.4ms request_id=870a3605-3661-4e8a-8eeb-bcd20086b428
2026-07-17 16:29:17,680 INFO mental_health.api GET /api/admin/overview 200 96.3ms request_id=e7a812a0-54be-4285-bd2f-76c8fdcdd49f
2026-07-17 16:29:17,695 INFO mental_health.api GET /api/admin/sensitive-words 200 36.0ms request_id=5aedbea4-dfe5-4c4c-8fe8-eae4ab49d444
2026-07-17 16:29:17,705 INFO mental_health.api GET /api/admin/articles 200 31.8ms request_id=c941f45a-3b74-4e37-ba61-3aea6f669b46
2026-07-17 16:29:17,706 INFO mental_health.api GET /api/admin/audit-logs 200 26.7ms request_id=6bb4411e-f4e6-4015-a693-9ce495c78a7e
2026-07-17 16:29:50,438 INFO mental_health.api GET /api/analytics/overview 200 34.6ms request_id=fd19e0dd-6738-4fa2-80f5-c809122c0d6c
2026-07-17 16:29:50,453 INFO mental_health.api GET /api/analytics/mood-trend 200 44.6ms request_id=4d5d7186-562c-4bc9-b59d-74da38f8b6d2
2026-07-17 16:29:50,476 INFO mental_health.api GET /api/analytics/user-activity 200 66.7ms request_id=673072c0-b5bb-4cd9-ba2e-a734098ef2f0
2026-07-17 16:30:30,098 INFO mental_health.api POST /api/auth/login 200 530.6ms request_id=0fff0424-08ff-45c9-9d76-4f47392edc37
2026-07-17 16:30:30,143 INFO mental_health.api GET /api/analytics/mood-forecast 200 17.9ms request_id=b1b752e9-ef97-4862-822d-db0ec7338af3
2026-07-17 16:30:30,147 INFO mental_health.api GET /api/mood/mine 200 26.1ms request_id=3bb19223-4e42-4ac9-bc03-95d3b8ef9dd5
2026-07-17 16:30:30,206 INFO mental_health.api GET /api/users/me/notifications 200 43.7ms request_id=b72e8427-47f2-4042-bd29-4fa38f12a7a5
2026-07-17 16:30:30,209 INFO mental_health.api GET /api/mood/risk-status 200 42.5ms request_id=4bd5270d-cdf0-426e-aa9c-f619986214ef
2026-07-17 16:30:30,215 INFO mental_health.api GET /api/recommendations/articles 200 46.8ms request_id=9f67731c-5a95-4ce9-95ea-bd1255f86027
2026-07-17 16:31:32,527 INFO mental_health.api GET /api/health 200 2.7ms request_id=829e9a06-d0cd-4f11-aff5-5681e2766818
2026-07-17 16:34:20,362 INFO mental_health.api GET /api/analytics/overview 200 38.4ms request_id=63759fc1-ba5e-4fc6-8e69-3341f5bd0b12
2026-07-17 16:34:20,383 INFO mental_health.api GET /api/analytics/mood-trend 200 51.4ms request_id=e3d0d135-169e-428a-bfb8-d8c315e891c1
2026-07-17 16:34:20,404 INFO mental_health.api GET /api/analytics/mood-forecast 200 62.2ms request_id=1d43d193-dc13-4d24-b5b6-a3fdb60ed250
2026-07-17 16:34:20,418 INFO mental_health.api GET /api/mood/mine 200 83.8ms request_id=883b8791-b51b-4356-b8b3-37b8fdd88489
2026-07-17 16:34:20,420 INFO mental_health.api GET /api/mood/risk-status 200 74.7ms request_id=f49a3d77-5f66-495a-b8c9-589eef885b30
2026-07-17 16:34:20,435 INFO mental_health.api GET /api/analytics/user-activity 200 98.2ms request_id=5987b453-883f-4881-8b7b-922ef35f82c4
2026-07-17 16:34:20,443 INFO mental_health.api GET /api/recommendations/articles 200 56.4ms request_id=e6256cd4-351f-4290-926d-a0702f82da60
2026-07-17 16:34:20,451 INFO mental_health.api GET /api/users/me/notifications 200 42.5ms request_id=ca7f1205-c998-452e-b3a5-38a11bc25003
2026-07-17 16:34:31,728 INFO mental_health.api GET /api/analytics/overview 200 20.9ms request_id=a37cfe4d-eacc-4e57-9192-87d626dc5a2b
2026-07-17 16:34:31,736 INFO mental_health.api GET /api/analytics/mood-trend 200 25.7ms request_id=11e158ec-8d66-4b22-8c7d-c4831b135aa9
2026-07-17 16:34:31,750 INFO mental_health.api GET /api/analytics/user-activity 200 39.8ms request_id=56b3d6ce-f747-4535-b96f-31b9c384da66
2026-07-17 16:34:48,493 INFO mental_health.api POST /api/auth/login 200 462.7ms request_id=ceb94303-27e9-4ed7-ab11-1581ac2331e4
2026-07-17 16:34:48,547 INFO mental_health.api GET /api/mood/mine 200 32.6ms request_id=d537c9b4-73ee-4d0d-8baf-662704d43228
2026-07-17 16:34:48,554 INFO mental_health.api GET /api/analytics/mood-forecast 200 37.5ms request_id=733a0f08-9ab4-4615-8422-44f7a172488a
2026-07-17 16:34:48,558 INFO mental_health.api GET /api/mood/risk-status 200 39.9ms request_id=8559e6be-3fbd-4730-8f78-912c25a9dc54
2026-07-17 16:34:48,565 INFO mental_health.api GET /api/recommendations/articles 200 40.8ms request_id=1898d179-a167-4dee-a0a1-7eee17583876
2026-07-17 16:34:48,567 INFO mental_health.api GET /api/users/me/notifications 200 40.3ms request_id=7d8b6d0e-3d29-4fe9-a4a7-cc6d79a5f891
2026-07-17 16:34:55,483 INFO mental_health.api POST /api/auth/login 401 5.7ms request_id=b0930980-893e-4838-add0-538c45edae74
2026-07-17 16:35:05,241 INFO mental_health.api POST /api/auth/send-code 200 6.3ms request_id=b29e2410-d75c-4568-9cb3-1d9fb11b36ee
2026-07-17 16:35:13,689 INFO mental_health.api POST /api/auth/register 200 483.8ms request_id=9c0e70fd-af90-49a9-b388-60163360b183
2026-07-17 16:35:15,694 INFO mental_health.api POST /api/auth/login 401 6.0ms request_id=196a03ef-a553-4e8d-8768-7f5d88c9a068
2026-07-17 16:35:36,254 INFO mental_health.api POST /api/auth/login 200 466.5ms request_id=d4bfca33-b068-4305-b9e8-391befd3696e
2026-07-17 16:35:36,326 INFO mental_health.api GET /api/mood/risk-status 200 36.3ms request_id=c48b159c-5c4f-4767-b618-00d6ca45a061
2026-07-17 16:35:36,329 INFO mental_health.api GET /api/mood/mine 200 42.5ms request_id=c2330e31-3608-4393-880c-6eb2b76804eb
2026-07-17 16:35:36,343 INFO mental_health.api GET /api/analytics/mood-forecast 200 52.6ms request_id=f133c932-1b7d-4907-b795-45528ff0809e
2026-07-17 16:35:36,348 INFO mental_health.api GET /api/recommendations/articles 200 50.9ms request_id=cde31029-db0b-4538-9053-67dedeebe03a
2026-07-17 16:35:36,350 INFO mental_health.api GET /api/users/me/notifications 200 50.3ms request_id=129d0901-6c9a-40fa-b8ad-065e8c267f8c
2026-07-17 16:35:44,700 INFO mental_health.api GET /api/articles/ 200 12.8ms request_id=4e9837b6-70c1-42db-8e71-c2ae31bcc30c
2026-07-17 16:35:44,704 INFO mental_health.api GET /api/recommendations/articles 200 14.7ms request_id=886c4146-8bc5-40c6-a08b-c1dbca580924
2026-07-17 16:36:02,008 INFO mental_health.api GET /api/discussions/ 200 32.0ms request_id=356805dc-cfea-4bb0-bad2-b4b3591d7e95
2026-07-17 16:36:02,017 INFO mental_health.api GET /api/discussions/mine 200 36.9ms request_id=849e8232-e183-4ad0-bb90-00d36e283e67
2026-07-17 16:36:04,605 INFO mental_health.api POST /api/discussions/1/like 200 29.8ms request_id=cb8c8947-6d27-4e45-88bf-ba2d3bd77e46
2026-07-17 16:36:04,625 INFO mental_health.api GET /api/discussions/ 200 8.3ms request_id=6f388405-38f2-4985-9f4f-e700b26ba4b2
2026-07-17 16:36:06,734 INFO mental_health.api POST /api/discussions/1/like 200 20.0ms request_id=e9a7a315-6a5c-42f1-b5c2-86c13fa98a86
2026-07-17 16:36:06,749 INFO mental_health.api GET /api/discussions/ 200 5.5ms request_id=2559a917-9ad5-47b0-befe-4ed185600c35
2026-07-17 16:36:07,447 INFO mental_health.api GET /api/discussions/1/replies 200 12.9ms request_id=e0076ccb-a334-4c0e-8062-2ccd31e59827
2026-07-17 16:36:17,952 INFO mental_health.api POST /api/discussions/1/like 200 17.0ms request_id=9c17c60d-b2fd-4979-a105-8f14deb5fad1
2026-07-17 16:36:17,968 INFO mental_health.api GET /api/discussions/ 200 6.4ms request_id=4354450f-4cca-45c1-8883-390fa60843d1
2026-07-17 16:36:20,113 INFO mental_health.api GET /api/discussions/2/replies 200 7.9ms request_id=5c3db140-2e1d-45c9-b0a2-379402283cc5
2026-07-17 16:36:21,813 INFO mental_health.api POST /api/discussions/2/reports 200 24.6ms request_id=d0c654e5-aed9-4e19-b986-3318cf9fa1e8
2026-07-17 16:36:25,913 INFO mental_health.api GET /api/discussions/1/replies 200 9.2ms request_id=580ba68e-98b9-4cba-9fce-05171d5eba7d
2026-07-17 16:36:28,105 INFO mental_health.api GET /api/articles/ 200 14.4ms request_id=ceec8f2a-a6e4-4393-ab9e-3b76882f5092
2026-07-17 16:36:28,113 INFO mental_health.api GET /api/recommendations/articles 200 22.4ms request_id=aacacd1b-e96f-4145-bcba-f54df7219d40
2026-07-17 16:36:29,336 INFO mental_health.api GET /api/consultations/ 200 9.3ms request_id=1b8238cb-3b68-41e4-b3f1-d39b48e8a42f
2026-07-17 16:36:34,497 INFO mental_health.api GET /api/consult/conversations 200 22.1ms request_id=100706d7-ac1c-42e6-81a8-8e11c123f817
2026-07-17 16:36:34,499 INFO mental_health.api GET /api/users/me/profile 200 22.5ms request_id=a8354794-b4a3-404a-b25d-ee18453637ad
2026-07-17 16:36:34,503 INFO mental_health.api GET /api/consult/history/conv-1784277394455-tsauo8 200 23.0ms request_id=d08c3412-a04f-4f23-9572-dc9d4022fbb3
2026-07-17 16:37:03,203 INFO mental_health.api POST /api/consult/chat 200 10823.7ms request_id=0db15185-a8b4-48b0-8a3f-97ec651b2dde
2026-07-17 16:37:03,238 INFO mental_health.api GET /api/users/me/profile 200 20.2ms request_id=a726d492-b58f-4269-9dd9-64fb816023f0
2026-07-17 16:37:03,242 INFO mental_health.api GET /api/consult/history/conv-1784277394455-tsauo8 200 27.9ms request_id=73a1a7ca-2c0a-4060-94f6-d17993e616ce
2026-07-17 16:37:03,243 INFO mental_health.api GET /api/consult/conversations 200 26.8ms request_id=ccce015f-cf55-4eae-92c4-1f8daddc900d
2026-07-17 16:37:17,907 INFO mental_health.api GET /api/mood/ 200 8.8ms request_id=dee3ab38-e75c-4d97-8785-914289fa3d7e
2026-07-17 16:37:24,227 INFO mental_health.api GET /api/analytics/overview 200 42.3ms request_id=e6191ba9-ffa4-497f-b45d-3a44067e3ba0
2026-07-17 16:37:24,249 INFO mental_health.api GET /api/mood/mine 200 58.2ms request_id=fefbc4bc-b2f5-4177-bd4f-18493279f1de
2026-07-17 16:37:24,253 INFO mental_health.api GET /api/analytics/mood-forecast 200 48.2ms request_id=d99e4230-3d8c-40cf-abc8-40666d311c3f
2026-07-17 16:37:24,266 INFO mental_health.api GET /api/analytics/mood-trend 200 77.4ms request_id=145d871b-47c5-44a4-8148-560364bf4259
2026-07-17 16:37:24,269 INFO mental_health.api GET /api/mood/risk-status 200 62.3ms request_id=7974df4a-aa17-41c0-a2c0-88035fe68174
2026-07-17 16:37:24,283 INFO mental_health.api GET /api/analytics/user-activity 200 82.7ms request_id=e9a07ecf-e5dd-479b-b943-3ae4aede2d5e
2026-07-17 16:37:24,291 INFO mental_health.api GET /api/recommendations/articles 200 43.4ms request_id=eb0efc54-69a3-498c-b90f-13220af84fef
2026-07-17 16:37:24,295 INFO mental_health.api GET /api/users/me/notifications 200 19.9ms request_id=a4383b91-d4f5-46b1-89cb-a1a8afe6b91d
2026-07-17 16:37:29,732 INFO mental_health.api GET /api/articles/ 200 8.8ms request_id=315e4fab-046e-4b49-9ad3-5653bfae4f7d
2026-07-17 16:37:29,741 INFO mental_health.api GET /api/recommendations/articles 200 17.6ms request_id=2b1d4f5c-36fc-4743-981c-260fc0a27754
2026-07-17 16:37:38,957 INFO mental_health.api GET /api/consultations/ 200 6.1ms request_id=2633a048-24a8-4ae6-98e6-d3e66c2bde85
2026-07-17 16:37:43,346 INFO mental_health.api GET /api/users/me/profile 200 19.9ms request_id=fe6934c2-6ef3-4358-bc2d-0ec4b795d131
2026-07-17 16:37:43,349 INFO mental_health.api GET /api/consult/history/conv-1784277394455-tsauo8 200 20.6ms request_id=e72b65e4-0b33-49e2-b051-b1677c072e39
2026-07-17 16:37:43,358 INFO mental_health.api GET /api/consult/conversations 200 35.5ms request_id=19ee4f86-920a-4222-8adf-edb5dd2175a7
2026-07-17 16:37:45,753 INFO mental_health.api GET /api/consultations/ 200 5.3ms request_id=6f2fb2c3-38e0-4958-b842-a6b3c5922882
2026-07-17 16:37:53,091 INFO mental_health.api POST /api/consultations/ 200 42.8ms request_id=61a8b1c0-9f61-4a2d-a75e-be300286b4e9
2026-07-17 16:37:53,106 INFO mental_health.api GET /api/consultations/ 200 5.6ms request_id=dd6a35e5-4433-4a56-b0e3-14aa20e4f2f0
2026-07-17 16:37:56,617 INFO mental_health.api DELETE /api/consultations/5 200 36.7ms request_id=74cfc56f-fb67-45a1-9182-2d31ee5481da
2026-07-17 16:37:56,639 INFO mental_health.api GET /api/consultations/ 200 5.9ms request_id=6d09afb6-f25f-469e-bc8a-e8cc13bbc720
2026-07-17 16:38:07,695 INFO mental_health.api GET /api/consult/conversations 200 27.1ms request_id=e200e3f2-8c9e-44e3-9b10-8a9f05208eab
2026-07-17 16:38:07,698 INFO mental_health.api GET /api/users/me/profile 200 26.3ms request_id=3c2d3bcc-1ac0-48d3-a4ff-e70741a64e01
2026-07-17 16:38:07,700 INFO mental_health.api GET /api/consult/history/conv-1784277394455-tsauo8 200 26.2ms request_id=13cb1dce-717d-4327-9978-95660d563003
2026-07-17 16:38:09,630 INFO mental_health.api GET /api/mood/ 200 7.6ms request_id=884d4364-9ea7-4fe7-9df5-1269b66b0835
2026-07-17 16:38:13,686 INFO mental_health.api GET /api/analytics/overview 200 33.1ms request_id=2ffe76eb-4690-407f-be62-f06749ade610
2026-07-17 16:38:13,711 INFO mental_health.api GET /api/mood/mine 200 52.1ms request_id=5eac2091-f033-4014-9576-34206897e870
2026-07-17 16:38:13,714 INFO mental_health.api GET /api/analytics/mood-forecast 200 45.6ms request_id=2f5381db-3e5d-46ef-b640-6b299f1011f6
2026-07-17 16:38:13,717 INFO mental_health.api GET /api/mood/risk-status 200 46.8ms request_id=1878f2c0-6c83-44a1-a223-96d780835c96
2026-07-17 16:38:13,724 INFO mental_health.api GET /api/analytics/mood-trend 200 66.9ms request_id=1af0ca77-583a-4719-9358-82a84fa65c7e
2026-07-17 16:38:13,735 INFO mental_health.api GET /api/analytics/user-activity 200 69.3ms request_id=0ad51ae2-ab70-4332-b38a-6da4e69f1511
2026-07-17 16:38:13,740 INFO mental_health.api GET /api/recommendations/articles 200 35.4ms request_id=ba4c1a5a-febe-4eac-9410-b0419f5294c0
2026-07-17 16:38:13,747 INFO mental_health.api GET /api/users/me/notifications 200 14.8ms request_id=d2e36d42-b6fa-4e2f-87a9-02605ad007d5
2026-07-17 16:38:37,620 INFO mental_health.api GET /favicon.ico 404 7.7ms request_id=38ae55a3-e59b-4f6a-af67-0502ed2e4837
2026-07-17 16:48:27,507 INFO mental_health.api GET /api/mood/ 200 9.1ms request_id=83c7197c-fbff-415f-826b-74828e37bc09
2026-07-17 16:48:30,221 INFO mental_health.api GET /api/consultations/ 200 6.3ms request_id=15c88d71-9eb1-4911-99cb-d9712b1fe757
2026-07-17 16:48:35,122 INFO mental_health.api GET /api/users/me/profile 200 48.5ms request_id=12e7344a-974e-4a4f-94af-fa4658143db5
2026-07-17 16:48:35,130 INFO mental_health.api GET /api/consult/history/conv-1784277394455-tsauo8 200 53.3ms request_id=f6ea5462-fde6-46d7-8b1f-28596ab88bd2
2026-07-17 16:48:35,137 INFO mental_health.api GET /api/consult/conversations 200 66.0ms request_id=d4ca38ae-9c22-45b5-8a2d-49e0a6297b36
2026-07-17 16:48:36,923 INFO mental_health.api GET /api/consult/history/conv-1784278116898-3ywgvq 200 8.0ms request_id=09e0e3fc-941c-4ddd-a886-223f973b850b
2026-07-17 16:49:26,923 INFO mental_health.api GET /api/consult/history/conv-1784277394455-tsauo8 200 7.4ms request_id=ca7731b4-2243-44b8-91e6-f7119674badd
2026-07-17 16:50:53,618 INFO mental_health.api GET /api/users/me/profile 200 38.2ms request_id=3e545902-014c-470a-bf0d-a16ec2979fe5
2026-07-17 16:50:53,622 INFO mental_health.api GET /api/consult/history/conv-1784277394455-tsauo8 200 42.5ms request_id=2ecb7bed-5a27-421e-9edf-0fe6f3f4e61b
2026-07-17 16:50:53,627 INFO mental_health.api GET /api/consult/conversations 200 49.5ms request_id=b40545ed-09fb-464f-9f67-f6075338f21b
2026-07-17 16:50:53,647 INFO mental_health.api GET /api/analytics/overview 200 50.4ms request_id=320eff81-48ca-4a59-b39a-119fae40474a
2026-07-17 16:50:53,650 INFO mental_health.api GET /api/analytics/mood-trend 200 55.8ms request_id=b44bbdfe-45e8-41d9-9d01-5da2e1708fee
2026-07-17 16:50:53,673 INFO mental_health.api GET /api/analytics/mood-forecast 200 62.0ms request_id=373f130f-1bb3-431a-b86f-f1274b04f447
2026-07-17 16:50:53,682 INFO mental_health.api GET /api/mood/mine 200 75.2ms request_id=ed65e9f0-c37b-44f2-8bea-be32b3d9f07e
2026-07-17 16:50:53,684 INFO mental_health.api GET /api/mood/risk-status 200 71.2ms request_id=8d9d369a-b8ab-485a-87b6-6ab94d1aa557
2026-07-17 16:50:53,706 INFO mental_health.api GET /api/analytics/user-activity 200 96.6ms request_id=ef72eb32-50d0-4979-9a3c-88a2015edad0
2026-07-17 16:50:53,729 INFO mental_health.api GET /api/users/me/notifications 200 56.6ms request_id=17b16454-c7f3-4b5c-9328-386be3e71c42
2026-07-17 16:50:53,732 INFO mental_health.api GET /api/recommendations/articles 200 61.8ms request_id=177a1ec1-8484-41de-bb26-d78fa71e9226
2026-07-17 16:50:53,738 INFO mental_health.api GET /api/analytics/overview 200 41.9ms request_id=e83f757a-ec7b-4def-b188-c5d9219cca33
2026-07-17 16:50:53,740 INFO mental_health.api GET /api/analytics/mood-forecast 200 35.3ms request_id=fbc6cffd-6166-4fe4-822a-d0b41f38cd85
2026-07-17 16:50:53,750 INFO mental_health.api GET /api/analytics/mood-trend 200 50.0ms request_id=4f8789d2-6a87-49e3-957c-819181f76184
2026-07-17 16:50:53,762 INFO mental_health.api GET /api/mood/mine 200 36.4ms request_id=03a567b8-d98f-4c8a-b498-199eaf9d8fa4
2026-07-17 16:50:53,778 INFO mental_health.api GET /api/mood/risk-status 200 36.2ms request_id=b49eb8eb-4bac-43c8-adc6-83803fc98ef0
2026-07-17 16:50:53,796 INFO mental_health.api GET /api/users/me/notifications 200 39.7ms request_id=005d5545-354f-44cc-95c6-a4d236537f77
2026-07-17 16:50:53,804 INFO mental_health.api GET /api/recommendations/articles 200 45.7ms request_id=acddb103-52ef-46b0-bcbb-ae2e0057c461
2026-07-17 16:50:53,808 INFO mental_health.api GET /api/analytics/user-activity 200 60.3ms request_id=765a2e9e-ac29-4184-8aea-1ce2aebbf1de
2026-07-17 16:53:08,039 INFO mental_health.api GET /api/consultations/ 200 6.4ms request_id=d3fd7c4f-ee20-4d73-b89b-be1bbefb2df8
2026-07-17 16:53:35,910 INFO mental_health.api GET /api/analytics/mood-trend 200 8.1ms request_id=90101a8b-e13b-49b3-9750-c990256a193c
2026-07-17 16:55:42,871 INFO mental_health.api GET /api/analytics/mood-trend 200 6.8ms request_id=80e62633-ca42-41c2-8947-a45e8604ec7e
2026-07-17 16:59:23,184 INFO mental_health.api GET /api/articles/ 200 14.7ms request_id=a5c56550-25bf-4ec1-8bbd-88495a6680ea
2026-07-17 16:59:23,190 INFO mental_health.api GET /api/recommendations/articles 200 20.2ms request_id=6c1955b4-d55d-4965-bf57-87bded2d5684
2026-07-17 16:59:43,216 INFO mental_health.api GET /api/consultations/ 200 8.2ms request_id=987ca0db-f4d1-4ad9-b87a-41c52e99fe69
2026-07-17 16:59:45,844 INFO mental_health.api GET /api/articles/ 200 9.0ms request_id=8f737f62-9f93-458d-a925-8f14bc1ea469
2026-07-17 16:59:45,858 INFO mental_health.api GET /api/recommendations/articles 200 23.0ms request_id=7b5a4a45-7453-4fe7-9a62-3aa004b7162e
2026-07-17 17:00:08,634 INFO mental_health.api GET /api/mood/mine 200 39.7ms request_id=fc2515ac-40f1-4de9-8aba-bec56eb65789
2026-07-17 17:00:08,638 INFO mental_health.api GET /api/analytics/overview 200 45.6ms request_id=e19fc871-5f33-45d9-8b45-7e273c7815d1
2026-07-17 17:00:08,640 INFO mental_health.api GET /api/analytics/mood-trend 200 45.8ms request_id=967daeb9-dd1d-437f-b451-ba2c4dedb92d
2026-07-17 17:00:08,662 INFO mental_health.api GET /api/analytics/mood-forecast 200 52.3ms request_id=d5a2c3a0-4336-4781-9710-c2030ccfe729
2026-07-17 17:00:08,673 INFO mental_health.api GET /api/mood/risk-status 200 46.0ms request_id=ca5f3a31-dcbf-47b9-9e1b-1e8317f37617
2026-07-17 17:00:08,679 INFO mental_health.api GET /api/analytics/user-activity 200 69.4ms request_id=b147fd2c-55fc-4944-b793-0bf43aff2687
2026-07-17 17:00:08,704 INFO mental_health.api GET /api/users/me/notifications 200 43.5ms request_id=4c8adf4f-5f17-47a2-96c8-682219b56daf
2026-07-17 17:00:08,711 INFO mental_health.api GET /api/recommendations/articles 200 53.5ms request_id=4b789400-1ea5-4912-b55b-5b1c97ea7bf1
2026-07-17 17:00:08,716 INFO mental_health.api GET /api/mood/mine 200 54.3ms request_id=14fcd126-3c46-4905-8340-8381bb76a7eb
2026-07-17 17:00:08,719 INFO mental_health.api GET /api/analytics/overview 200 36.1ms request_id=0333c648-cb7c-4dc2-93db-f5877e4b72a6
2026-07-17 17:00:08,735 INFO mental_health.api GET /api/analytics/mood-forecast 200 35.9ms request_id=fe3dcee9-9716-4dee-8cff-6563c97b80d7
2026-07-17 17:00:08,737 INFO mental_health.api GET /api/analytics/mood-trend 200 41.9ms request_id=41332f53-f90c-4cf0-a9c1-bc3372b71233
2026-07-17 17:00:08,760 INFO mental_health.api GET /api/mood/risk-status 200 40.9ms request_id=176ce1a2-b29f-40e6-a158-0f194be5b4f2
2026-07-17 17:00:08,775 INFO mental_health.api GET /api/users/me/notifications 200 43.7ms request_id=317b4a01-cdac-4097-b36f-41e7cadbfce5
2026-07-17 17:00:08,784 INFO mental_health.api GET /api/recommendations/articles 200 45.2ms request_id=65691868-869c-46c4-b7dc-04b4164d07b5
2026-07-17 17:00:08,788 INFO mental_health.api GET /api/analytics/user-activity 200 61.7ms request_id=a4607e3c-008c-41d9-88ca-ee4f84d17d39
2026-07-17 17:00:09,582 INFO mental_health.api GET /api/articles/ 200 9.5ms request_id=e6e9278e-b68c-4802-b3b5-aaf9aafe772a
2026-07-17 17:00:09,592 INFO mental_health.api GET /api/recommendations/articles 200 19.6ms request_id=f9436a11-22a5-4ef3-ad77-d6a966a0f1b2
2026-07-17 17:00:36,130 INFO mental_health.api GET /api/discussions/ 200 15.4ms request_id=f8da2473-ad32-42c7-9c09-f39f703cd53d
2026-07-17 17:00:36,135 INFO mental_health.api GET /api/discussions/mine 200 18.6ms request_id=83500ef9-0bf2-45c0-bdde-7930c20558b8
2026-07-17 17:00:37,623 INFO mental_health.api GET /api/articles/ 200 14.4ms request_id=f88958e1-0011-4eee-8bdf-23e0f8d45a91
2026-07-17 17:00:37,632 INFO mental_health.api GET /api/recommendations/articles 200 20.2ms request_id=d9596018-0270-4df8-9b59-d440a2edf844
2026-07-17 17:02:27,593 INFO mental_health.api POST /api/knowledge/ask 200 13496.5ms request_id=d8a60d06-cbbc-4242-8f5b-478feb1d4fe2
2026-07-17 17:02:53,128 INFO mental_health.api GET /api/consult/conversations 200 19.1ms request_id=45542449-df53-423d-96b2-e2d659280a93
2026-07-17 17:02:53,132 INFO mental_health.api GET /api/consult/history/conv-1784278973059-ysph0l 200 19.1ms request_id=15b726b0-0049-43a0-8d0a-b8b49b5281c5
2026-07-17 17:02:53,134 INFO mental_health.api GET /api/users/me/profile 200 21.8ms request_id=413d8545-4be9-41e5-891d-1698b2bf6f78
2026-07-17 17:03:17,013 INFO mental_health.api GET /api/consult/conversations 200 8.4ms request_id=77f5ced2-db91-4078-9cb7-c9439bc5d779
2026-07-17 17:04:22,702 INFO mental_health.api GET /api/consult/conversations 200 7.0ms request_id=84c240b7-44ac-4047-a62e-e9615c46db6a
2026-07-17 17:05:48,945 INFO mental_health.api GET /api/discussions/ 200 13.7ms request_id=5ae489ea-76e4-4f2c-9325-2ddbb3165bfc
2026-07-17 17:05:48,950 INFO mental_health.api GET /api/discussions/mine 200 17.0ms request_id=ad419fe5-7992-4daa-aaec-d15b629c0bc6
2026-07-17 17:08:44,624 INFO mental_health.api GET /api/discussions/ 200 48.0ms request_id=65347f06-718e-488f-a853-2e6745f03b0c
2026-07-17 17:08:44,660 INFO mental_health.api GET /api/discussions/mine 200 82.9ms request_id=ab9f9f23-5f86-48a2-8e9d-fd683069a47e
2026-07-17 17:08:44,667 INFO mental_health.api GET /api/analytics/overview 200 82.8ms request_id=eaeeb085-9cca-4e4e-afa5-8a2da6a1b3e8
2026-07-17 17:08:44,669 INFO mental_health.api GET /api/analytics/mood-trend 200 83.1ms request_id=77d7795f-69b0-4769-8ea3-8b632cff6ce5
2026-07-17 17:08:44,673 INFO mental_health.api GET /api/consult/conversations 200 74.3ms request_id=e87ee3b9-a0d9-4304-a320-409ec8e815ce
2026-07-17 17:08:44,675 INFO mental_health.api GET /api/analytics/mood-forecast 200 79.7ms request_id=1fe4404c-f3de-4b09-9787-0c94e791f13a
2026-07-17 17:08:44,678 INFO mental_health.api GET /api/analytics/user-activity 200 84.4ms request_id=557d1f6f-9774-4aab-aa77-aeb4270be682
2026-07-17 17:08:44,684 INFO mental_health.api GET /api/mood/mine 200 91.7ms request_id=f7e7f261-3701-416d-8e0e-7adb5c4cfd50
2026-07-17 17:08:44,721 INFO mental_health.api GET /api/mood/risk-status 200 38.1ms request_id=7e5adb82-c06a-4623-a7cb-dcd09eada445
2026-07-17 17:08:44,735 INFO mental_health.api GET /api/consult/history/conv-1784278973059-ysph0l 200 41.0ms request_id=6925608e-efa9-4322-b570-5dd1e9dcd3f4
2026-07-17 17:08:44,737 INFO mental_health.api GET /api/users/me/notifications 200 40.9ms request_id=21377e28-49ca-417d-9650-864d4bbc550b
2026-07-17 17:08:44,740 INFO mental_health.api GET /api/recommendations/articles 200 54.1ms request_id=ea4c30eb-a7f4-4324-a20d-1f7f55a13550
2026-07-17 17:08:44,742 INFO mental_health.api GET /api/users/me/profile 200 50.4ms request_id=0622bcc7-3318-437a-b826-a4af25a46e2c
2026-07-17 17:09:03,245 INFO mental_health.api GET /api/users/me/profile 200 24.3ms request_id=99ca80f6-bdd5-42ce-983c-2971a922d313
2026-07-17 17:09:03,249 INFO mental_health.api GET /api/consult/conversations 200 32.1ms request_id=69ebe45a-c702-4869-932a-df0f9967b199
2026-07-17 17:09:03,252 INFO mental_health.api GET /api/consult/history/conv-1784277394455-tsauo8 200 25.5ms request_id=843830e8-190c-4144-8c35-002b193df3c3
2026-07-17 17:11:18,841 INFO mental_health.api POST /api/auth/login 200 514.0ms request_id=96521566-fdd8-4231-94c3-38bc69f4a696
2026-07-17 17:11:29,756 INFO mental_health.api POST /api/consult/chat 200 10631.9ms request_id=037a508d-9808-4b5d-adb6-c41bdc1bce71
2026-07-17 17:12:10,363 INFO mental_health.api GET /api/analytics/overview 200 35.0ms request_id=826ebe92-838f-47ad-aca9-d4a5100d0b37
2026-07-17 17:12:10,410 INFO mental_health.api GET /api/analytics/mood-forecast 200 67.1ms request_id=d2e32b13-19c7-424e-a698-278324ff5561
2026-07-17 17:12:10,416 INFO mental_health.api GET /api/analytics/mood-trend 200 85.9ms request_id=d7a3bfac-a36e-498b-93b4-ece6c1fc254c
2026-07-17 17:12:10,417 INFO mental_health.api GET /api/mood/mine 200 87.0ms request_id=72e0f61f-aeb7-4714-a4dc-96c442659a6b
2026-07-17 17:12:10,419 INFO mental_health.api GET /api/analytics/user-activity 200 78.8ms request_id=76bc6de3-459a-47e9-bf2d-03a06b2ad48a
2026-07-17 17:12:10,424 INFO mental_health.api GET /api/mood/risk-status 200 79.2ms request_id=afc36515-5770-48ae-a794-f2ff33244229
2026-07-17 17:12:10,444 INFO mental_health.api GET /api/users/me/notifications 200 14.4ms request_id=701a6d81-6f47-47a8-b998-d2c09ca6fa03
2026-07-17 17:12:10,453 INFO mental_health.api GET /api/recommendations/articles 200 39.7ms request_id=8b9a4f3b-3775-4475-aadd-d32bd460e388
2026-07-17 17:12:22,753 INFO mental_health.api GET /api/consult/conversations 200 27.2ms request_id=35a8d048-1344-4bc6-b39d-b676e197f17a
2026-07-17 17:12:22,790 INFO mental_health.api GET /api/consult/history/conv-1784278973059-ysph0l 200 57.3ms request_id=f286a76d-64d9-4c96-bd43-1b0463bd4697
2026-07-17 17:12:22,791 INFO mental_health.api GET /api/users/me/profile 200 62.0ms request_id=bc0d9bf2-2a66-444c-8b9e-d00e2739a216
2026-07-17 17:13:01,273 INFO mental_health.api PATCH /api/consult/conversations/qa-manage-conversation 405 1.2ms request_id=0da2f731-2559-40f3-a896-5d3d9e8403c7
2026-07-17 17:13:30,494 INFO mental_health.api POST /api/auth/login 200 514.6ms request_id=85c51159-e75c-4941-9e6e-929875859e3b
2026-07-17 17:13:30,760 INFO mental_health.api PATCH /api/consult/conversations/qa-manage-conversation 405 1.2ms request_id=8ce2fb14-5768-4a24-9027-244d354e0f8c
2026-07-17 17:14:21,320 INFO mental_health.api GET /api/users/me/profile 200 21.2ms request_id=86c29e48-bcc9-4d16-a4cb-7f7320c53d26
2026-07-17 17:14:21,321 INFO mental_health.api GET /api/consult/history/conv-1784277394455-tsauo8 200 20.1ms request_id=33ca0c57-19b7-4342-ba71-6de812e21166
2026-07-17 17:14:21,324 INFO mental_health.api GET /api/consult/conversations 200 26.0ms request_id=c0d603a4-0ccd-424f-9764-249426ba5f1a
2026-07-17 17:14:23,907 INFO mental_health.api GET /api/analytics/mood-trend 200 30.6ms request_id=715b4869-5970-4c7a-a425-653e7f51cc54
2026-07-17 17:14:23,922 INFO mental_health.api GET /api/mood/mine 200 43.2ms request_id=384ef148-2f04-4b1a-8df4-1f24cc90d9db
2026-07-17 17:14:23,926 INFO mental_health.api GET /api/analytics/mood-forecast 200 38.2ms request_id=bcca3ad9-8b9d-4639-80fc-0f3a763ecb6e
2026-07-17 17:14:23,935 INFO mental_health.api GET /api/analytics/overview 200 57.8ms request_id=09956465-40f1-4256-a315-0774dc2b26fb
2026-07-17 17:14:23,939 INFO mental_health.api GET /api/mood/risk-status 200 50.6ms request_id=aacb3c4d-da79-478f-ba55-928b6634677b
2026-07-17 17:14:23,949 INFO mental_health.api GET /api/analytics/user-activity 200 66.5ms request_id=8d80e290-b3ca-4174-b505-6f70c4398091
2026-07-17 17:14:23,960 INFO mental_health.api GET /api/recommendations/articles 200 38.4ms request_id=115fc089-71c1-4b18-88ea-192e1d2367c3
2026-07-17 17:14:23,964 INFO mental_health.api GET /api/users/me/notifications 200 20.6ms request_id=e7b78852-c3c8-4b17-9bc4-b06680e6c700
