INFO:     Started server process [12212]
INFO:     Waiting for application startup.
INFO:     Application startup complete.
INFO:     Uvicorn running on http://127.0.0.1:8000 (Press CTRL+C to quit)
2026-07-17 18:01:36,105 INFO mental_health.api GET /api/health 200 2.3ms request_id=792de709-6954-4a1f-a7cc-f35b4ad73abe
2026-07-17 18:02:34,422 INFO mental_health.api GET /api/articles/ 200 25.1ms request_id=b854cbfd-01e1-4794-a741-d7a8ee0ba31b
2026-07-17 18:02:34,440 INFO mental_health.api GET /api/recommendations/articles 200 43.0ms request_id=7766b7b9-49d2-4849-996a-f4d58eff8d3a
2026-07-17 18:03:09,609 INFO mental_health.api POST /api/knowledge/ask 200 15934.9ms request_id=719492a3-0ed1-4bd8-9cb5-c97522c6c15e
2026-07-17 18:11:33,755 INFO mental_health.api GET /api/articles/ 200 31.8ms request_id=d53016ab-3e77-4c32-af67-f0fbd840786a
2026-07-17 18:11:33,776 INFO mental_health.api GET /api/recommendations/articles 200 51.1ms request_id=5c992db1-a887-4d44-b062-6b31eaad9c99
2026-07-17 18:11:33,784 INFO mental_health.api GET /api/users/me/profile 200 55.0ms request_id=48899a50-2826-4726-ae9d-593b7d2bbff2
2026-07-17 18:11:33,787 INFO mental_health.api GET /api/consult/history/conv-1784278973059-ysph0l 200 55.8ms request_id=2929bae4-f4d3-45c4-8a5c-4cc5fe870360
2026-07-17 18:11:33,799 INFO mental_health.api GET /api/consult/conversations 200 71.2ms request_id=d4f23dea-eaf1-4f7f-94cb-e4f0286bec86
2026-07-17 18:11:33,842 INFO mental_health.api GET /api/analytics/mood-trend 200 46.0ms request_id=c9fb2f1e-13ca-4baa-b57f-348b33878b02
2026-07-17 18:11:33,848 INFO mental_health.api GET /api/mood/mine 200 49.6ms request_id=c6467022-3c7b-4f06-9c9d-f9ef7fbb1e76
2026-07-17 18:11:33,850 INFO mental_health.api GET /api/analytics/overview 200 75.6ms request_id=3c25f0dc-1894-4790-ba73-2a3e5e92575e
2026-07-17 18:11:33,856 INFO mental_health.api GET /api/analytics/mood-forecast 200 37.0ms request_id=286c2b9d-66eb-4d26-ba76-b951495697d4
2026-07-17 18:11:33,861 INFO mental_health.api GET /api/analytics/user-activity 200 54.8ms request_id=d4eb58f6-747a-42eb-bf6e-c054f366d6a3
2026-07-17 18:11:33,877 INFO mental_health.api GET /api/mood/risk-status 200 22.0ms request_id=f0e5f653-48f5-4bdb-af82-4d4f46d71d8e
2026-07-17 18:11:33,890 INFO mental_health.api GET /api/articles/ 200 16.6ms request_id=91c66ece-1ed5-4236-ac13-07e4a74c1021
2026-07-17 18:11:33,908 INFO mental_health.api GET /api/users/me/notifications 200 34.7ms request_id=eee76cef-3b78-4539-bcbc-887f7272a4ba
2026-07-17 18:11:33,916 INFO mental_health.api GET /api/recommendations/articles 200 39.1ms request_id=c0cec1bc-0862-46fc-aedd-d9a3e09a27e3
2026-07-17 18:11:33,989 INFO mental_health.api GET /api/recommendations/articles 200 12.3ms request_id=31e10f26-5efc-452c-859a-d55d39900f97
2026-07-17 18:11:34,676 INFO mental_health.api GET /api/articles/ 200 8.0ms request_id=c1ca72bd-7485-405f-85eb-6f2aa97f439f
2026-07-17 18:11:34,690 INFO mental_health.api GET /api/recommendations/articles 200 22.1ms request_id=ec214fa8-dfb1-4d72-9e7a-0360efb76afd
2026-07-17 18:11:34,693 INFO mental_health.api GET /api/articles/ 200 8.4ms request_id=86d6b95c-ea5f-4765-9232-e636de68f08a
2026-07-17 18:11:34,707 INFO mental_health.api GET /api/recommendations/articles 200 10.0ms request_id=d31a54d5-b7d9-446a-8ee3-d30292dfba6d
2026-07-17 18:11:34,729 INFO mental_health.api GET /api/users/me/profile 200 14.1ms request_id=c56e8ff7-ef13-4801-a68b-abfc2386aaec
2026-07-17 18:11:34,733 INFO mental_health.api GET /api/consult/history/conv-1784283094690-4ut0wh 200 16.9ms request_id=982046dd-e14b-4b05-9774-7d360dd84206
2026-07-17 18:11:34,741 INFO mental_health.api GET /api/consult/conversations 200 28.6ms request_id=3a2a29bf-12b6-442e-bc6a-1dd0a3981f0b
2026-07-17 18:11:34,765 INFO mental_health.api GET /api/analytics/overview 200 19.7ms request_id=b04f725a-b49c-4e87-b753-be9a0e5268de
2026-07-17 18:11:34,781 INFO mental_health.api GET /api/analytics/mood-forecast 200 28.8ms request_id=4a13391b-3302-4edf-983b-04695529f20d
2026-07-17 18:11:34,783 INFO mental_health.api GET /api/analytics/mood-trend 200 35.5ms request_id=59d66717-9be9-401d-b5fa-167601c0818f
2026-07-17 18:11:34,786 INFO mental_health.api GET /api/mood/risk-status 200 32.3ms request_id=f71dae61-6d07-4732-9192-49beae6123c4
2026-07-17 18:11:34,789 INFO mental_health.api GET /api/analytics/user-activity 200 36.8ms request_id=a489797f-aa26-4124-818a-1da981974b10
2026-07-17 18:11:34,790 INFO mental_health.api GET /api/mood/mine 200 40.0ms request_id=b1a1ad41-31e6-4c8d-bc01-cdb72ecc5ef1
2026-07-17 18:11:34,802 INFO mental_health.api GET /api/recommendations/articles 200 25.7ms request_id=88c12a9f-c008-4ddb-8cf8-f29cd95bab05
2026-07-17 18:11:34,805 INFO mental_health.api GET /api/users/me/notifications 200 11.9ms request_id=a2d96acd-1da2-4f73-a3ff-fc7a30d5891c
2026-07-17 18:17:23,978 INFO mental_health.api GET /api/content/public-conversations 200 7.7ms request_id=f0c7666a-7771-4c5e-8605-e13ead8a0223
2026-07-17 18:17:24,338 INFO mental_health.api GET /api/content/public-conversations 200 5.7ms request_id=9d23fc5c-8f26-4190-845a-d4329fc8a583
2026-07-17 18:17:24,387 INFO mental_health.api GET /api/content/public-conversations 200 6.2ms request_id=b6d70b70-5fff-4537-bfd8-d301a136836b
2026-07-17 18:17:24,442 INFO mental_health.api GET /api/content/public-conversations 200 6.7ms request_id=8a3cd400-f91b-4dc6-8bc8-d1793384dd74
2026-07-17 18:17:24,749 INFO mental_health.api GET /api/content/public-conversations 200 6.7ms request_id=e4614179-d78b-458c-8b24-49c3b3f4542c
2026-07-17 18:17:26,781 INFO mental_health.api GET /api/analytics/overview 200 42.2ms request_id=e6651968-3bb5-4ff4-bf27-99ef72283534
2026-07-17 18:17:26,798 INFO mental_health.api GET /api/analytics/mood-trend 200 56.7ms request_id=17dbf80b-5896-4bc2-a9b2-aa495afc255e
2026-07-17 18:17:26,810 INFO mental_health.api GET /api/mood/risk-status 200 46.5ms request_id=a3b9d9eb-ba9d-4b3f-bdad-141824fe0076
2026-07-17 18:17:26,811 INFO mental_health.api GET /api/analytics/mood-forecast 200 51.4ms request_id=0fb995e9-b50d-48d8-af64-dc588f83a1e0
2026-07-17 18:17:26,820 INFO mental_health.api GET /api/analytics/user-activity 200 63.4ms request_id=7d77a8f4-ff42-4556-bf59-fc66324a8c2e
2026-07-17 18:17:26,826 INFO mental_health.api GET /api/mood/mine 200 81.2ms request_id=a0605036-65b6-4aba-aac3-796a4e2ab756
2026-07-17 18:17:26,836 INFO mental_health.api GET /api/recommendations/articles 200 40.7ms request_id=dc24dab8-7fb4-4627-a1ab-756a2b091e64
2026-07-17 18:17:26,840 INFO mental_health.api GET /api/users/me/notifications 200 25.1ms request_id=d43a5ea4-1a13-4029-ac92-b4c90b4d0fe5
2026-07-17 18:17:28,361 INFO mental_health.api GET /api/mood/ 200 7.3ms request_id=8cc62a98-e658-4e99-b9e4-4ddabbb7ffa9
2026-07-17 18:17:29,951 INFO mental_health.api GET /api/analytics/overview 200 19.4ms request_id=d46bfaab-2259-4d64-a86d-64b15c47a7ec
2026-07-17 18:17:29,971 INFO mental_health.api GET /api/mood/risk-status 200 29.5ms request_id=aaec126f-f84e-47d4-b74f-4b75aa8af8e7
2026-07-17 18:17:29,972 INFO mental_health.api GET /api/analytics/mood-forecast 200 34.1ms request_id=fd6cc63d-c67e-4acf-8ccc-a602e15baeef
2026-07-17 18:17:29,979 INFO mental_health.api GET /api/analytics/mood-trend 200 42.6ms request_id=955241c6-4240-4220-a782-7e1403987b22
2026-07-17 18:17:29,986 INFO mental_health.api GET /api/analytics/user-activity 200 48.7ms request_id=c72345ec-9246-49fa-9b48-a3a009faca9f
2026-07-17 18:17:29,988 INFO mental_health.api GET /api/mood/mine 200 51.9ms request_id=6d4687de-cbe1-4a8c-87e7-8f3f8d99181b
2026-07-17 18:17:29,994 INFO mental_health.api GET /api/recommendations/articles 200 30.3ms request_id=0f2d55c9-6234-4436-8539-b436623a4fcd
2026-07-17 18:17:30,000 INFO mental_health.api GET /api/users/me/notifications 200 12.8ms request_id=1438c031-67d6-47cd-b6c7-a384d884a21f
2026-07-17 18:17:31,217 INFO mental_health.api GET /api/users/me/profile 200 20.4ms request_id=f3146e5d-a27a-490e-a7e6-1eca5622a307
2026-07-17 18:17:31,225 INFO mental_health.api GET /api/consult/history/conv-1784277394455-tsauo8 200 26.3ms request_id=b8cd5a70-5b3d-4eda-ab14-28b0f1f67287
2026-07-17 18:17:31,228 INFO mental_health.api GET /api/consult/conversations 200 33.4ms request_id=59f956bd-7a8d-41f2-9fb0-9ead803a1842
2026-07-17 18:17:35,433 INFO mental_health.api GET /api/mood/ 200 4.9ms request_id=b9c5dd59-e6b8-4374-942b-d9e08f7db1a5
2026-07-17 18:17:38,609 INFO mental_health.api GET /api/analytics/overview 200 17.9ms request_id=8e441f55-a8e0-4339-ba2d-841b66b8eb07
2026-07-17 18:17:38,632 INFO mental_health.api GET /api/analytics/user-activity 200 36.9ms request_id=456adb84-f562-47f5-ace7-9e0aa92482f9
2026-07-17 18:17:38,633 INFO mental_health.api GET /api/analytics/mood-forecast 200 33.1ms request_id=93f5d5a6-63da-45e6-88a6-64a8f81cf295
2026-07-17 18:17:38,634 INFO mental_health.api GET /api/mood/risk-status 200 32.0ms request_id=695a8a47-2c7a-44b2-85fd-4ec5bb68c19a
2026-07-17 18:17:38,643 INFO mental_health.api GET /api/analytics/mood-trend 200 44.3ms request_id=6e4bb35d-6b6c-4e5f-8b78-334e7f5b3c22
2026-07-17 18:17:38,648 INFO mental_health.api GET /api/mood/mine 200 48.4ms request_id=2195e73c-4f42-41e9-9016-9e9a16cffd63
2026-07-17 18:17:38,653 INFO mental_health.api GET /api/recommendations/articles 200 29.3ms request_id=4c21399f-3d98-453f-8dd2-3704396a36a5
2026-07-17 18:17:38,657 INFO mental_health.api GET /api/users/me/notifications 200 14.6ms request_id=a6f43159-693c-432d-bc78-f1e1ab385ea3
2026-07-17 18:17:43,532 INFO mental_health.api GET /api/articles/ 200 15.4ms request_id=4b3f0113-6467-4e6d-bd41-3b1695082947
2026-07-17 18:17:43,539 INFO mental_health.api GET /api/recommendations/articles 200 20.9ms request_id=eb2e433b-eef3-4c3f-b992-e7d2a60a1a20
WARNING:  Unsupported upgrade request.
WARNING:  No supported WebSocket library detected. Please use "pip install 'uvicorn[standard]'", or install 'websockets' or 'wsproto' manually.
2026-07-17 18:18:08,422 INFO mental_health.api GET /api/discussions/plaza 422 7.0ms request_id=6f591a6b-6c5a-4e8f-ae28-a67c14de6e2f
2026-07-17 18:18:08,427 INFO mental_health.api GET /api/discussions/plaza/ws 404 8.6ms request_id=c0dfa583-f00b-4521-ad47-7f07e26f2d32
WARNING:  Unsupported upgrade request.
WARNING:  No supported WebSocket library detected. Please use "pip install 'uvicorn[standard]'", or install 'websockets' or 'wsproto' manually.
2026-07-17 18:18:08,445 INFO mental_health.api GET /api/discussions/mine 200 12.3ms request_id=62c25eec-fd19-4326-86cb-d5109b360b5d
2026-07-17 18:18:08,448 INFO mental_health.api GET /api/discussions/ 200 14.8ms request_id=aa57f793-3ac7-4366-bdf2-d421936741dd
2026-07-17 18:18:08,453 INFO mental_health.api GET /api/discussions/plaza/ws 404 7.8ms request_id=be0ac131-0759-4d88-9c34-7b5ca1ffe08f
2026-07-17 18:18:09,438 INFO mental_health.api GET /api/discussions/plaza 422 1.9ms request_id=092be3d4-cab9-457a-ae04-5ff93de0d4f9
2026-07-17 18:18:13,228 INFO mental_health.api POST /api/discussions/media 405 1.4ms request_id=5eedaa42-3467-424b-a949-fcf197efcac2
2026-07-17 18:18:14,446 INFO mental_health.api GET /api/discussions/plaza 422 1.5ms request_id=0a4d65b4-c31d-459a-bf5f-f0c54f004781
2026-07-17 18:18:15,904 INFO mental_health.api GET /api/discussions/plaza 422 2.2ms request_id=ad767593-0ee5-4b5d-875a-e272605186cd
2026-07-17 18:18:20,928 INFO mental_health.api GET /api/discussions/plaza 422 2.1ms request_id=7cfd43f2-d8de-4eae-b6e5-f2a66290c81b
2026-07-17 18:18:21,936 INFO mental_health.api GET /api/discussions/plaza 422 1.4ms request_id=6210393b-cc4a-48ac-b7ac-ef0c59cf6ea9
2026-07-17 18:18:24,890 INFO mental_health.api POST /api/discussions/media 405 1.4ms request_id=e1aa312b-fd9e-4050-974a-88cc84f41c1d
2026-07-17 18:18:26,955 INFO mental_health.api GET /api/discussions/plaza 422 1.5ms request_id=00b7076b-1014-488d-9fdd-2adbd540582c
2026-07-17 18:18:27,970 INFO mental_health.api GET /api/discussions/plaza 422 1.7ms request_id=c07d5d81-0fa4-4045-8805-3379e81c53ee
2026-07-17 18:18:28,603 INFO mental_health.api GET /api/articles/ 200 6.3ms request_id=609546eb-cfb7-4710-8c1b-e841f7fa7e75
2026-07-17 18:18:28,611 INFO mental_health.api GET /api/recommendations/articles 200 14.0ms request_id=0d842173-fac6-4d36-b613-424515ca83ee
2026-07-17 18:18:30,259 INFO mental_health.api GET /api/content/public-conversations 200 5.6ms request_id=3c932dd0-6729-45ed-90ad-41138e2aa918
2026-07-17 18:18:32,256 INFO mental_health.api GET /api/articles/ 200 7.3ms request_id=c0507e6d-7796-4ceb-a98d-0df0f3801b8e
2026-07-17 18:18:32,270 INFO mental_health.api GET /api/recommendations/articles 200 18.7ms request_id=1fe65399-57fc-4851-b4ea-296b9b4a696a
2026-07-17 18:18:32,913 INFO mental_health.api GET /api/users/me/profile 200 14.6ms request_id=4dd87ecb-1806-4290-9946-1b17b49d0b6b
2026-07-17 18:18:32,921 INFO mental_health.api GET /api/consult/history/conv-1784277394455-tsauo8 200 22.0ms request_id=64722e82-ac05-407f-9e99-079521f07ea2
2026-07-17 18:18:32,924 INFO mental_health.api GET /api/consult/conversations 200 28.1ms request_id=c02c8b54-58e0-4494-ac25-d179b734c53e
