INFO:     Started server process [3120]
INFO:     Waiting for application startup.
INFO:     Application startup complete.
INFO:     Uvicorn running on http://127.0.0.1:8000 (Press CTRL+C to quit)
2026-07-17 15:56:53,568 INFO mental_health.api GET /api/health 200 3.1ms request_id=c6e37e9c-fe8d-463a-a562-4e3e01b02ca0
2026-07-17 15:58:51,117 INFO mental_health.api GET /api/admin/sensitive-words 200 59.4ms request_id=cc5e7812-3880-4dcf-a101-fe67fa665cac
2026-07-17 15:58:51,134 INFO mental_health.api GET /api/admin/users 200 78.0ms request_id=12a86ba5-19ca-418f-aee5-463d86dd9348
2026-07-17 15:58:51,138 INFO mental_health.api GET /api/admin/risk-events 200 90.6ms request_id=52daa59d-e626-4fcb-bc3e-33e9f056ece7
2026-07-17 15:58:51,150 INFO mental_health.api GET /api/admin/trends 200 103.6ms request_id=e3c9bb4a-4875-436b-a593-cea1eb9f4bf7
2026-07-17 15:58:51,155 INFO mental_health.api GET /api/admin/reports 200 100.5ms request_id=2da98392-7cf0-468c-aed2-d98f61a8254a
2026-07-17 15:58:51,168 INFO mental_health.api GET /api/admin/overview 200 125.1ms request_id=07c4f31f-f0fe-4240-9471-8aa148b54e54
2026-07-17 15:58:51,173 INFO mental_health.api GET /api/admin/moderation 200 39.5ms request_id=93b9467d-d44f-4775-b8e7-61096a808417
2026-07-17 15:58:51,175 INFO mental_health.api GET /api/admin/articles 200 17.8ms request_id=e561cf94-aa02-4975-9979-a6a3593cd8e4
2026-07-17 15:59:39,085 INFO mental_health.api GET /api/discussions/ 200 8.4ms request_id=e15c00e7-35d1-46a1-aa6f-894cbce74250
2026-07-17 15:59:39,087 INFO mental_health.api GET /api/discussions/mine 200 10.1ms request_id=f4d89dbd-2bd3-4203-8c0d-2219fd6e9a68
2026-07-17 16:00:47,064 INFO mental_health.api GET /api/admin/moderation 200 22.2ms request_id=d36a9014-f349-4862-8fc3-ee8ae0ab3829
2026-07-17 16:00:47,069 INFO mental_health.api GET /api/admin/risk-events 200 35.1ms request_id=3cfd32a5-ada4-4334-b621-c30dce826b88
2026-07-17 16:00:47,073 INFO mental_health.api GET /api/admin/reports 200 33.3ms request_id=2a30e556-2fa1-4794-9444-6f9d1a8423c4
2026-07-17 16:00:47,077 INFO mental_health.api GET /api/admin/users 200 34.1ms request_id=6efe64c9-5b3a-4d44-8314-7a21f8e1b4ec
2026-07-17 16:00:47,080 INFO mental_health.api GET /api/admin/trends 200 46.3ms request_id=089b23b5-48de-42fa-b230-f7cad4ea34ec
2026-07-17 16:00:47,085 INFO mental_health.api GET /api/admin/overview 200 53.6ms request_id=cf6ecf2e-6e66-45b4-be3d-c57f0f1b55a2
2026-07-17 16:00:47,095 INFO mental_health.api GET /api/admin/sensitive-words 200 18.9ms request_id=4e232a4c-5e77-466a-bbc6-0b1a4ba3bce6
2026-07-17 16:00:47,097 INFO mental_health.api GET /api/admin/articles 200 14.8ms request_id=db3acefd-818e-4017-858b-87ea1c2504c3
2026-07-17 16:02:37,896 INFO mental_health.api GET /api/admin/risk-events 200 29.5ms request_id=74533e07-6bb1-4782-85dd-9445de81c7e0
2026-07-17 16:02:37,901 INFO mental_health.api GET /api/admin/reports 200 28.1ms request_id=e94da1e1-1918-4a59-a1fd-8deebbafc8e0
2026-07-17 16:02:37,906 INFO mental_health.api GET /api/admin/moderation 200 31.8ms request_id=bef3452c-c776-4687-a539-4f42c2088d98
2026-07-17 16:02:37,909 INFO mental_health.api GET /api/admin/users 200 32.5ms request_id=8f2b3497-6e4b-47c9-a6f7-4f12f1d0934c
2026-07-17 16:02:37,914 INFO mental_health.api GET /api/admin/trends 200 48.5ms request_id=dd877a4d-22e2-4a50-8a67-3e6af94ce290
2026-07-17 16:02:37,920 INFO mental_health.api GET /api/admin/overview 200 55.4ms request_id=6e9acf3d-e7bb-4575-9775-888363bab6fb
2026-07-17 16:02:37,933 INFO mental_health.api GET /api/admin/sensitive-words 200 14.9ms request_id=90ac73d4-18ec-453a-b25b-a31acffd4132
2026-07-17 16:02:37,934 INFO mental_health.api GET /api/admin/articles 200 14.7ms request_id=fae1bc41-779c-4627-b7a7-4dacfe8b2c0c
2026-07-17 16:02:53,782 INFO mental_health.api GET /api/health 200 3.2ms request_id=de94efb9-c437-4855-90f4-1f824b70f610
2026-07-17 16:13:26,623 INFO mental_health.api GET /api/admin/reports 200 33.9ms request_id=d159c9de-330d-4bd1-ad17-073a419756f5
2026-07-17 16:13:26,639 INFO mental_health.api GET /api/admin/moderation 200 47.9ms request_id=820babe9-6e01-4f79-96ef-603d23b8dfea
2026-07-17 16:13:26,644 INFO mental_health.api GET /api/admin/risk-events 200 62.3ms request_id=67b3eb7f-2750-4d38-985b-9229a09b28e8
2026-07-17 16:13:26,650 INFO mental_health.api GET /api/admin/users 200 58.0ms request_id=8d0c3fe8-379f-408b-8889-edde56792466
2026-07-17 16:13:26,651 INFO mental_health.api GET /api/admin/trends 200 70.6ms request_id=675828c0-9c37-4d7b-beb6-1d80130f9609
2026-07-17 16:13:26,658 INFO mental_health.api GET /api/admin/overview 200 80.4ms request_id=8ffdee27-1bc2-4247-b980-b23c22a7ffe0
2026-07-17 16:13:26,668 INFO mental_health.api GET /api/admin/sensitive-words 200 21.1ms request_id=f5638784-713d-41cf-85ae-5f2acb121327
2026-07-17 16:13:26,673 INFO mental_health.api GET /api/admin/articles 200 18.3ms request_id=6092b015-d32a-41ac-b753-ca32443f4827
2026-07-17 16:13:50,631 INFO mental_health.api GET /api/admin/risk-events 200 35.3ms request_id=e02fe129-33cc-43ee-bb6f-1b4606aa3226
2026-07-17 16:13:50,648 INFO mental_health.api GET /api/admin/reports 200 49.2ms request_id=78cdf42d-db00-4cbe-8c6a-14c53aeae22e
2026-07-17 16:13:50,650 INFO mental_health.api GET /api/admin/users 200 44.6ms request_id=b0efad17-3e4c-4985-bb41-f6ed394d4ad6
2026-07-17 16:13:50,656 INFO mental_health.api GET /api/admin/moderation 200 52.0ms request_id=b832cd60-c378-4baa-8495-c93f1940f9a3
2026-07-17 16:13:50,662 INFO mental_health.api GET /api/admin/trends 200 70.0ms request_id=2cdbb54a-5ddb-4b11-aa58-8ec0a887b168
2026-07-17 16:13:50,670 INFO mental_health.api GET /api/admin/overview 200 74.4ms request_id=99c1e059-64d1-4aa5-a357-2a5f18d79a7e
2026-07-17 16:13:50,680 INFO mental_health.api GET /api/admin/sensitive-words 200 31.9ms request_id=de70d266-6bb7-45c6-853c-b8a163128b6a
2026-07-17 16:13:50,684 INFO mental_health.api GET /api/admin/articles 200 17.4ms request_id=2ab14fed-d729-41b9-a582-480fdce606eb
2026-07-17 16:13:50,689 INFO mental_health.api GET /api/admin/audit-logs 404 23.9ms request_id=5bd10594-9b77-4c3f-886d-58358df0fd85
2026-07-17 16:13:52,572 INFO mental_health.api GET /api/admin/audit-logs 404 6.2ms request_id=59bfd315-1e8a-48b9-8f59-36e80ebde477
2026-07-17 16:14:39,651 INFO mental_health.api GET /api/admin/risk-events 200 65.0ms request_id=dae468f7-79cf-4206-848d-893fb2119efb
2026-07-17 16:14:39,662 INFO mental_health.api GET /api/admin/moderation 200 58.9ms request_id=67204386-715b-4394-9da2-fef3f8a18d9e
2026-07-17 16:14:39,670 INFO mental_health.api GET /api/admin/reports 200 69.1ms request_id=e808d4e3-8d72-4671-b65f-277775ee933a
2026-07-17 16:14:39,671 INFO mental_health.api GET /api/admin/users 200 66.3ms request_id=82da9a8e-5525-4d03-89b1-1d9d1ed1f7f6
2026-07-17 16:14:39,675 INFO mental_health.api GET /api/admin/trends 200 90.8ms request_id=44816ca1-fc30-422c-a6c6-7383846da215
2026-07-17 16:14:39,682 INFO mental_health.api GET /api/admin/overview 200 102.9ms request_id=de6836fb-af8e-4929-bf36-63e6fadd6669
2026-07-17 16:14:39,697 INFO mental_health.api GET /api/admin/sensitive-words 200 27.7ms request_id=e85f5267-6ee7-4015-a0f9-a90660bd5d3a
2026-07-17 16:14:39,701 INFO mental_health.api GET /api/admin/articles 200 19.1ms request_id=b10f99e2-53ba-4dc2-9549-6637a9fdfd6e
2026-07-17 16:14:39,704 INFO mental_health.api GET /api/admin/audit-logs 404 19.0ms request_id=030f388e-6b00-4787-b513-bb7a5c14edd4
2026-07-17 16:14:41,578 INFO mental_health.api GET /api/admin/audit-logs 404 7.0ms request_id=0aaba9c3-f1ae-4816-bfa1-2abbee89a8ac
2026-07-17 16:15:04,628 INFO mental_health.api GET /api/admin/reports 200 37.8ms request_id=c699db65-022f-4752-ab09-ca3888e80b2f
2026-07-17 16:15:04,632 INFO mental_health.api GET /api/admin/risk-events 200 48.9ms request_id=b598ecc4-f9e6-417e-84e8-a2913b397ce4
2026-07-17 16:15:04,635 INFO mental_health.api GET /api/admin/moderation 200 42.7ms request_id=dfdb0797-dcf7-44af-8dcf-3c4d33cf4120
2026-07-17 16:15:04,652 INFO mental_health.api GET /api/admin/trends 200 66.5ms request_id=15d79390-dd29-448a-84d3-b48864cc5c98
2026-07-17 16:15:04,654 INFO mental_health.api GET /api/admin/users 200 59.2ms request_id=1e132500-f222-4e3c-8f1d-b8727287de90
2026-07-17 16:15:04,658 INFO mental_health.api GET /api/admin/overview 200 81.7ms request_id=7f8b0c0a-05be-46e1-b20f-bde98fe7847f
2026-07-17 16:15:04,674 INFO mental_health.api GET /api/admin/articles 200 17.7ms request_id=d1102586-2638-4eb1-94bb-1bf6e6ff86ce
2026-07-17 16:15:04,679 INFO mental_health.api GET /api/admin/audit-logs 404 18.4ms request_id=5aa4fe40-52f1-491b-9cae-4061fc088fa1
2026-07-17 16:15:04,687 INFO mental_health.api GET /api/admin/sensitive-words 200 36.7ms request_id=df331fa7-1f2d-4eb5-9bc4-d04bc2c2a636
2026-07-17 16:15:06,568 INFO mental_health.api GET /api/admin/audit-logs 404 5.8ms request_id=b2b37894-8edc-4235-b5e2-868211f15ba1
2026-07-17 16:20:48,625 INFO mental_health.api GET /api/admin/risk-events 200 39.4ms request_id=70c011c6-d794-4291-a3c3-2a2daf38ce90
2026-07-17 16:20:48,629 INFO mental_health.api GET /api/admin/reports 200 37.9ms request_id=fdd857e0-28ac-4ded-a8ca-204a89837dd7
2026-07-17 16:20:48,637 INFO mental_health.api GET /api/admin/moderation 200 43.9ms request_id=322a67c6-2e0e-458e-a83e-b98d02edc798
2026-07-17 16:20:48,644 INFO mental_health.api GET /api/admin/users 200 49.1ms request_id=5884c0b2-5cca-45bb-ad2a-d39b5a48a85e
2026-07-17 16:20:48,646 INFO mental_health.api GET /api/admin/trends 200 61.5ms request_id=d99bedc3-0654-4375-8c13-0dba1d128c34
2026-07-17 16:20:48,653 INFO mental_health.api GET /api/admin/overview 200 72.1ms request_id=088e06ea-a12b-4791-85c4-22cdae4b4cc2
2026-07-17 16:20:48,667 INFO mental_health.api GET /api/admin/sensitive-words 200 24.0ms request_id=8c7f144f-ef2d-4669-9bbb-51fce0f9dd4f
2026-07-17 16:20:48,668 INFO mental_health.api GET /api/admin/articles 200 19.8ms request_id=482bdcd3-b173-4883-a88d-64e84e27f090
2026-07-17 16:20:48,674 INFO mental_health.api GET /api/admin/audit-logs 404 18.8ms request_id=d25b7237-33dc-48ed-a3e0-5462d4c1422f
2026-07-17 16:20:50,578 INFO mental_health.api GET /api/admin/audit-logs 404 5.5ms request_id=6ad3c2d0-abb3-4d05-9896-40ae40616fa7
2026-07-17 16:21:04,612 INFO mental_health.api GET /api/admin/risk-events 200 29.9ms request_id=9aeea15e-824b-4a24-b8f4-f6aedf5c735d
2026-07-17 16:21:04,648 INFO mental_health.api GET /api/admin/moderation 200 66.7ms request_id=53f6a7f3-0f95-4596-ba31-24928b5f8eae
2026-07-17 16:21:04,655 INFO mental_health.api GET /api/admin/trends 200 73.8ms request_id=09ab31a4-748c-4d13-9558-e40864b0e2ed
2026-07-17 16:21:04,657 INFO mental_health.api GET /api/admin/overview 200 80.0ms request_id=40bbd00f-33e0-4c2c-9582-44810841829d
2026-07-17 16:21:04,658 INFO mental_health.api GET /api/admin/users 200 75.4ms request_id=3c75cdb2-5ff7-44d8-a3ff-b483a6440a1c
2026-07-17 16:21:04,661 INFO mental_health.api GET /api/admin/reports 200 79.5ms request_id=60143c4a-3ad9-41d9-88fc-2242bb6e95f1
2026-07-17 16:21:04,678 INFO mental_health.api GET /api/admin/sensitive-words 200 17.6ms request_id=eb620e5f-9a1e-4557-a713-1e67b61b9ca4
2026-07-17 16:21:04,683 INFO mental_health.api GET /api/admin/articles 200 17.6ms request_id=742b94f9-5b42-48c5-94d0-5a5c86657bd6
2026-07-17 16:21:04,686 INFO mental_health.api GET /api/admin/audit-logs 404 17.4ms request_id=1788e9d1-b62c-4b5e-85c7-147a107fb998
2026-07-17 16:21:06,568 INFO mental_health.api GET /api/admin/audit-logs 404 5.4ms request_id=f91ea5f1-80bb-4be1-8f5f-dd9cc2bf93cc
