INFO:     Started server process [21000]
INFO:     Waiting for application startup.
INFO:     Application startup complete.
INFO:     Uvicorn running on http://127.0.0.1:8000 (Press CTRL+C to quit)
2026-07-17 18:19:06,813 INFO mental_health.api GET /api/articles/ 200 36.1ms request_id=10a5de66-3322-4da7-b767-e4a7d55a9eb1
2026-07-17 18:19:06,820 INFO mental_health.api GET /api/analytics/overview 200 12.6ms request_id=3523b904-f2f3-4d35-b71e-9acbf429182f
2026-07-17 18:19:06,849 INFO mental_health.api GET /api/consult/history/conv-1784283546747-ap4ef4 200 65.1ms request_id=a9005165-abdc-403b-84a1-20e065dd321c
2026-07-17 18:19:06,865 INFO mental_health.api GET /api/users/me/profile 200 81.3ms request_id=043f47c7-9f6b-4912-9454-d4fbcaa41a4e
2026-07-17 18:19:06,880 INFO mental_health.api GET /api/consult/conversations 200 98.5ms request_id=eb16d33f-b842-4085-a1dc-80927e09de52
2026-07-17 18:19:06,890 INFO mental_health.api GET /api/analytics/mood-trend 200 59.4ms request_id=351f9f80-b42e-4766-bd9c-25fe09a6da55
2026-07-17 18:19:06,893 INFO mental_health.api GET /api/mood/mine 200 54.7ms request_id=cd721bd5-c273-46ba-a793-b06b8225b18d
2026-07-17 18:19:06,895 INFO mental_health.api GET /api/recommendations/articles 200 116.1ms request_id=729a2e92-865d-49e4-a017-f1fa10fee34f
2026-07-17 18:19:06,912 INFO mental_health.api GET /api/analytics/user-activity 200 47.7ms request_id=31a1abd8-6fee-4226-aa40-7173031bcb72
2026-07-17 18:19:06,916 INFO mental_health.api GET /api/analytics/mood-forecast 200 38.5ms request_id=934cdce3-92bb-459e-b6a4-3ad3d65e79bf
2026-07-17 18:19:06,934 INFO mental_health.api GET /api/mood/risk-status 200 37.2ms request_id=921d17f8-a475-4eb8-8c59-5c226c3c9c3b
2026-07-17 18:19:06,935 INFO mental_health.api GET /api/articles/ 200 28.7ms request_id=0d366b1a-bd66-44c8-b0a9-ec88c16e40fa
2026-07-17 18:19:06,938 INFO mental_health.api GET /api/users/me/notifications 200 35.8ms request_id=46b9454c-c1bd-4867-8878-8e6e9c0cf8bc
2026-07-17 18:19:06,940 INFO mental_health.api GET /api/recommendations/articles 200 29.6ms request_id=80112308-99a3-4af0-b789-b75686f27364
2026-07-17 18:19:06,952 INFO mental_health.api GET /api/recommendations/articles 200 7.7ms request_id=4f191fd5-9ee8-407d-936f-fa9ee5b32806
WARNING:  Unsupported upgrade request.
WARNING:  No supported WebSocket library detected. Please use "pip install 'uvicorn[standard]'", or install 'websockets' or 'wsproto' manually.
2026-07-17 18:20:22,939 INFO mental_health.api GET /api/discussions/plaza 200 7.6ms request_id=4ab47ab3-5e06-458d-88a9-792f6b927dc2
2026-07-17 18:20:22,943 INFO mental_health.api GET /api/discussions/plaza/ws 404 11.8ms request_id=020ed2d7-6e70-49ed-84eb-114cddbf0f22
WARNING:  Unsupported upgrade request.
WARNING:  No supported WebSocket library detected. Please use "pip install 'uvicorn[standard]'", or install 'websockets' or 'wsproto' manually.
2026-07-17 18:20:22,991 INFO mental_health.api GET /api/discussions/ 200 14.3ms request_id=a18511ba-79bd-47e8-8918-08472f6044eb
2026-07-17 18:20:22,992 INFO mental_health.api GET /api/discussions/mine 200 15.4ms request_id=395726cb-9a86-48fa-b701-7ec670e44e06
2026-07-17 18:20:22,995 INFO mental_health.api GET /api/discussions/plaza/ws 404 17.4ms request_id=8e32ec02-97a6-40fd-87d3-a64461776c3b
2026-07-17 18:20:27,963 INFO mental_health.api GET /api/discussions/plaza 200 3.7ms request_id=baf5f5a9-de93-446f-acd4-adc629bc9b14
2026-07-17 18:20:32,986 INFO mental_health.api GET /api/discussions/plaza 200 3.9ms request_id=d05de118-e23a-400d-a4d6-44a84db97d8c
2026-07-17 18:20:38,021 INFO mental_health.api GET /api/discussions/plaza 200 2.6ms request_id=67e8ff34-c1fa-4a28-94a3-222116303aab
2026-07-17 18:20:43,044 INFO mental_health.api GET /api/discussions/plaza 200 3.6ms request_id=91f2666c-32d7-4894-a599-e1b85b7bbac2
2026-07-17 18:20:45,568 INFO mental_health.api POST /api/discussions/plaza 200 25.2ms request_id=e3ab042a-4a70-424d-9df2-253f6562700d
2026-07-17 18:20:45,584 INFO mental_health.api GET /api/discussions/plaza 200 4.6ms request_id=b7f965b9-b6a4-4778-b973-c6c3a62cee77
2026-07-17 18:20:50,608 INFO mental_health.api GET /api/discussions/plaza 200 6.0ms request_id=6431effa-f193-4821-ac01-12d7e13ad080
2026-07-17 18:20:55,636 INFO mental_health.api GET /api/discussions/plaza 200 3.7ms request_id=3dc778ec-3189-4c74-9bc9-7c8a5173c1af
2026-07-17 18:21:00,650 INFO mental_health.api GET /api/discussions/plaza 200 3.6ms request_id=40c653fe-f592-486c-8690-df532bb8c391
2026-07-17 18:21:05,665 INFO mental_health.api GET /api/discussions/plaza 200 3.4ms request_id=535a92dd-12c1-4d62-bc15-0dc5deb6bed8
2026-07-17 18:21:10,687 INFO mental_health.api GET /api/discussions/plaza 200 4.6ms request_id=8b60f61c-19a1-4bc6-83a9-cc71c4cae40d
WARNING:  Unsupported upgrade request.
WARNING:  No supported WebSocket library detected. Please use "pip install 'uvicorn[standard]'", or install 'websockets' or 'wsproto' manually.
WARNING:  Unsupported upgrade request.
WARNING:  No supported WebSocket library detected. Please use "pip install 'uvicorn[standard]'", or install 'websockets' or 'wsproto' manually.
2026-07-17 18:23:11,715 INFO mental_health.api GET /api/discussions/plaza 200 15.7ms request_id=3a01ad86-81e2-448e-9a26-e5fa0d131671
2026-07-17 18:23:11,718 INFO mental_health.api GET /api/discussions/plaza/ws 404 19.7ms request_id=934d436d-1091-401b-8e17-4c4288953a7c
2026-07-17 18:23:11,719 INFO mental_health.api GET /api/discussions/ 200 17.9ms request_id=754dae1a-e673-4795-bd7a-59fd52558a10
2026-07-17 18:23:11,721 INFO mental_health.api GET /api/discussions/mine 200 18.9ms request_id=8f36715f-feb1-444a-adb7-b1066094a769
2026-07-17 18:23:11,726 INFO mental_health.api GET /api/discussions/plaza/ws 404 10.6ms request_id=b0146d69-74c2-498e-ad19-55456302d2ef
2026-07-17 18:23:16,725 INFO mental_health.api GET /api/discussions/plaza 200 2.6ms request_id=6302ada6-1787-4b3d-a5d2-1a61581c2db8
2026-07-17 18:23:21,749 INFO mental_health.api GET /api/discussions/plaza 200 2.8ms request_id=1a45c3f3-6a07-412b-84df-8146e47b608c
2026-07-17 18:23:26,776 INFO mental_health.api GET /api/discussions/plaza 200 4.9ms request_id=74a5564c-94c2-4c9f-9552-0e8e88466270
2026-07-17 18:23:31,788 INFO mental_health.api GET /api/discussions/plaza 200 3.6ms request_id=4670819a-5c8b-4379-a271-3357a940d6d6
2026-07-17 18:23:36,808 INFO mental_health.api GET /api/discussions/plaza 200 2.8ms request_id=e53672b4-2045-4fc4-a6b4-9b294bdda957
WARNING:  Unsupported upgrade request.
WARNING:  No supported WebSocket library detected. Please use "pip install 'uvicorn[standard]'", or install 'websockets' or 'wsproto' manually.
2026-07-17 18:23:40,645 INFO mental_health.api GET /api/discussions/plaza 200 11.2ms request_id=83fca14a-e738-4c7d-af46-41b392713d8e
2026-07-17 18:23:40,648 INFO mental_health.api GET /api/discussions/plaza/ws 404 14.3ms request_id=efda92e8-27e5-45c2-a5be-875829a81f67
2026-07-17 18:23:40,650 INFO mental_health.api GET /api/discussions/ 200 13.0ms request_id=324d4f28-6a86-4303-bdbb-b73218e7c027
WARNING:  Unsupported upgrade request.
WARNING:  No supported WebSocket library detected. Please use "pip install 'uvicorn[standard]'", or install 'websockets' or 'wsproto' manually.
2026-07-17 18:23:40,654 INFO mental_health.api GET /api/discussions/mine 200 16.3ms request_id=66512bf4-8d93-4d0f-9c33-f730304a9298
2026-07-17 18:23:40,660 INFO mental_health.api GET /api/discussions/plaza/ws 404 5.6ms request_id=6709d903-6c07-429f-9e8e-1ea646342c35
2026-07-17 18:23:45,666 INFO mental_health.api GET /api/discussions/plaza 200 3.2ms request_id=1adb8438-2bb9-47f4-986d-3bcb0599db1f
2026-07-17 18:23:50,694 INFO mental_health.api GET /api/discussions/plaza 200 3.7ms request_id=574c2b00-ce8c-4fc1-bf04-a301a2d848b4
2026-07-17 18:23:55,726 INFO mental_health.api GET /api/discussions/plaza 200 3.6ms request_id=db666c97-db04-436b-b4f7-000f7902d60f
2026-07-17 18:24:00,748 INFO mental_health.api GET /api/discussions/plaza 200 2.4ms request_id=8ef200f6-f5c0-4563-97fd-408c1092856e
2026-07-17 18:24:05,771 INFO mental_health.api GET /api/discussions/plaza 200 3.2ms request_id=8d7b1858-8f3f-4e3b-a6cd-57270b592003
2026-07-17 18:24:10,794 INFO mental_health.api GET /api/discussions/plaza 200 3.2ms request_id=bafaf8ac-e497-4945-ab02-014f718afe12
WARNING:  Unsupported upgrade request.
WARNING:  No supported WebSocket library detected. Please use "pip install 'uvicorn[standard]'", or install 'websockets' or 'wsproto' manually.
2026-07-17 18:24:15,389 INFO mental_health.api GET /api/discussions/plaza/ws 404 33.5ms request_id=8dac28ff-651f-411e-b684-d8da22398c6d
2026-07-17 18:24:15,396 INFO mental_health.api GET /api/discussions/plaza 200 38.0ms request_id=b68ba1c0-2131-4c13-8bba-e549126f1304
WARNING:  Unsupported upgrade request.
WARNING:  No supported WebSocket library detected. Please use "pip install 'uvicorn[standard]'", or install 'websockets' or 'wsproto' manually.
2026-07-17 18:24:15,411 INFO mental_health.api GET /api/discussions/ 200 28.3ms request_id=5d381287-1227-4454-877b-4b42d9b22b11
2026-07-17 18:24:15,414 INFO mental_health.api GET /api/discussions/mine 200 30.0ms request_id=c5463b9d-01f5-491a-b573-99a541bec929
2026-07-17 18:24:15,420 INFO mental_health.api GET /api/discussions/plaza/ws 404 11.6ms request_id=8cd7eb08-155f-41b4-9cec-33c5ec7735e6
2026-07-17 18:24:15,812 INFO mental_health.api GET /api/discussions/plaza 200 3.5ms request_id=709107ee-508f-473e-80e6-45bbf46eec3b
2026-07-17 18:24:20,428 INFO mental_health.api GET /api/discussions/plaza 200 3.9ms request_id=effa4ca5-7eb3-4277-861a-a3466d73164a
2026-07-17 18:24:20,825 INFO mental_health.api GET /api/discussions/plaza 200 3.9ms request_id=2d0b907e-2b63-4fcf-a140-bb33d2ed9ec5
2026-07-17 18:24:25,440 INFO mental_health.api GET /api/discussions/plaza 200 3.1ms request_id=ec1f37ab-79a2-41c2-ae00-b738f87ce592
2026-07-17 18:24:25,848 INFO mental_health.api GET /api/discussions/plaza 200 2.7ms request_id=c58a0c29-e938-4780-9420-e00b35657b22
2026-07-17 18:24:30,462 INFO mental_health.api GET /api/discussions/plaza 200 3.0ms request_id=a5f40545-287e-4b82-89c7-df82e87b93c2
2026-07-17 18:24:30,872 INFO mental_health.api GET /api/discussions/plaza 200 3.0ms request_id=e99e13f2-7de1-43cd-8f0b-0da399138c77
2026-07-17 18:24:31,543 INFO mental_health.api POST /api/discussions/plaza 200 13.9ms request_id=a0a22a06-dd61-49e3-bc79-07f954c4c398
2026-07-17 18:24:31,558 INFO mental_health.api GET /api/discussions/plaza 200 6.2ms request_id=3524b2b0-ded7-4389-bee8-d06f322e381f
2026-07-17 18:24:35,479 INFO mental_health.api GET /api/discussions/plaza 200 3.8ms request_id=6d34a632-cd9d-4ca4-9fb4-da87076c9e36
2026-07-17 18:24:36,571 INFO mental_health.api GET /api/discussions/plaza 200 4.3ms request_id=83615ffe-b6ca-4ca2-9d23-ef22bd71f244
2026-07-17 18:24:40,502 INFO mental_health.api GET /api/discussions/plaza 200 3.7ms request_id=d1c910e8-e8b4-4629-8046-db59fd2eea29
2026-07-17 18:24:41,594 INFO mental_health.api GET /api/discussions/plaza 200 3.0ms request_id=274f2ff3-d35d-458b-b357-b4803376f028
2026-07-17 18:24:45,530 INFO mental_health.api GET /api/discussions/plaza 200 3.0ms request_id=c9bdd82b-50f4-47c3-86d7-954db45b5fe7
2026-07-17 18:24:46,607 INFO mental_health.api GET /api/discussions/plaza 200 3.1ms request_id=7b3fad12-d9b5-4ac2-ba31-8053a02117af
2026-07-17 18:24:50,554 INFO mental_health.api GET /api/discussions/plaza 200 3.9ms request_id=0feb6435-39aa-4694-8fc3-d5ff0909140e
2026-07-17 18:24:51,631 INFO mental_health.api GET /api/discussions/plaza 200 3.5ms request_id=ebfdfb16-20de-4878-aac9-e7124a0ed67d
2026-07-17 18:24:55,575 INFO mental_health.api GET /api/discussions/plaza 200 2.8ms request_id=a46d6ef3-5688-4eb9-8234-bb5daa62e668
2026-07-17 18:24:56,656 INFO mental_health.api GET /api/discussions/plaza 200 2.6ms request_id=69e646a1-4e59-44bc-9f41-61b87649f395
2026-07-17 18:25:00,607 INFO mental_health.api GET /api/discussions/plaza 200 3.4ms request_id=7df6ddbf-adb6-43bc-a478-10f8e230f737
2026-07-17 18:25:01,693 INFO mental_health.api GET /api/discussions/plaza 200 3.1ms request_id=94cc9987-7212-49b1-8685-ebe04fda8381
2026-07-17 18:25:05,642 INFO mental_health.api GET /api/discussions/plaza 200 2.6ms request_id=1deb4ae8-aa4c-4b63-bba8-76ee0416b38a
2026-07-17 18:25:06,719 INFO mental_health.api GET /api/discussions/plaza 200 3.9ms request_id=9c386f1e-cb63-490f-86b5-3e4cf29f8417
2026-07-17 18:25:10,669 INFO mental_health.api GET /api/discussions/plaza 200 3.6ms request_id=fe1cd52d-2238-4aeb-a2f7-9368e8a025da
2026-07-17 18:25:11,745 INFO mental_health.api GET /api/discussions/plaza 200 3.2ms request_id=3a1b7042-6d87-4152-9fe9-87c7fcf07a2d
2026-07-17 18:25:15,690 INFO mental_health.api GET /api/discussions/plaza 200 2.8ms request_id=bf4d8c80-769e-4b12-9137-580e4da4d8e7
2026-07-17 18:25:16,772 INFO mental_health.api GET /api/discussions/plaza 200 6.1ms request_id=cd5ef943-0ac6-4558-8244-9a66939d323a
2026-07-17 18:25:18,738 INFO mental_health.api GET /api/health 200 2.5ms request_id=da12b5e7-9faa-4515-86d1-5db921e3196d
2026-07-17 18:25:20,711 INFO mental_health.api GET /api/discussions/plaza 200 4.1ms request_id=78f12c8b-9219-4224-9b03-f0c35fff60a8
2026-07-17 18:25:21,789 INFO mental_health.api GET /api/discussions/plaza 200 5.5ms request_id=4a214945-714c-4402-8e53-c61a0c6eec70
2026-07-17 18:25:25,737 INFO mental_health.api GET /api/discussions/plaza 200 3.6ms request_id=f28a1b3e-b48a-4a55-9e03-d29795ea79dc
2026-07-17 18:25:26,823 INFO mental_health.api GET /api/discussions/plaza 200 5.7ms request_id=ce21c79c-9153-4c45-8b88-5025638c55c5
2026-07-17 18:25:30,759 INFO mental_health.api GET /api/discussions/plaza 200 3.4ms request_id=7790f37a-a106-4c98-88c7-ccc53151f87f
2026-07-17 18:25:31,839 INFO mental_health.api GET /api/discussions/plaza 200 4.0ms request_id=3c675c89-9a5c-43aa-9bcd-bc7b8e7c697c
2026-07-17 18:25:35,790 INFO mental_health.api GET /api/discussions/plaza 200 8.2ms request_id=226f29f7-25c9-4b33-a4e4-81f3c12dc88b
2026-07-17 18:25:36,862 INFO mental_health.api GET /api/discussions/plaza 200 7.3ms request_id=fdca2cbd-b00b-41b8-ab1c-a79cc9601c6a
2026-07-17 18:25:40,818 INFO mental_health.api GET /api/discussions/plaza 200 3.2ms request_id=2efc936e-fc56-49bb-8abf-9a2b08539fda
2026-07-17 18:25:41,884 INFO mental_health.api GET /api/discussions/plaza 200 3.2ms request_id=5e3f24bd-9e44-4614-934d-b9e9b9ce5559
2026-07-17 18:25:45,841 INFO mental_health.api GET /api/discussions/plaza 200 3.1ms request_id=226ff905-2fe2-43cc-83fe-24a9d0e394dc
2026-07-17 18:25:46,907 INFO mental_health.api GET /api/discussions/plaza 200 3.1ms request_id=f562a7e9-039d-48a4-8787-c8528776592e
2026-07-17 18:25:50,873 INFO mental_health.api GET /api/discussions/plaza 200 3.4ms request_id=1aebdb02-d73f-4915-9ffe-07e50dda6903
2026-07-17 18:25:51,934 INFO mental_health.api GET /api/discussions/plaza 200 3.7ms request_id=9ad86a9e-4584-468c-9b8f-51da102ffd82
2026-07-17 18:25:55,890 INFO mental_health.api GET /api/discussions/plaza 200 2.6ms request_id=7156349c-69d0-4d9c-9472-16882d255c66
2026-07-17 18:25:56,949 INFO mental_health.api GET /api/discussions/plaza 200 2.7ms request_id=97ab5d59-c254-44d0-9eed-f53478caf381
WARNING:  Unsupported upgrade request.
WARNING:  No supported WebSocket library detected. Please use "pip install 'uvicorn[standard]'", or install 'websockets' or 'wsproto' manually.
2026-07-17 18:26:00,140 INFO mental_health.api GET /api/discussions/plaza 200 13.9ms request_id=fdc23cf1-7b6c-4b7e-a14d-e031f7cad86e
WARNING:  Unsupported upgrade request.
WARNING:  No supported WebSocket library detected. Please use "pip install 'uvicorn[standard]'", or install 'websockets' or 'wsproto' manually.
2026-07-17 18:26:00,149 INFO mental_health.api GET /api/discussions/plaza/ws 404 23.0ms request_id=391d0813-e0fc-4dbc-a4f5-245271b538e6
2026-07-17 18:26:00,150 INFO mental_health.api GET /api/discussions/ 200 21.2ms request_id=a0e01395-6db0-424c-bf3d-ca337afb19af
2026-07-17 18:26:00,152 INFO mental_health.api GET /api/discussions/mine 200 21.6ms request_id=3669f7f4-5265-4f26-80d4-a8f9b95b6524
2026-07-17 18:26:00,157 INFO mental_health.api GET /api/discussions/plaza/ws 404 8.5ms request_id=a21d5ffe-23ea-420b-8aa0-11ca0d8737aa
2026-07-17 18:26:05,575 INFO mental_health.api GET /api/discussions/plaza 200 3.4ms request_id=91530d14-7a1f-4be7-87cd-454d813109b3
2026-07-17 18:26:11,576 INFO mental_health.api GET /api/discussions/plaza 200 3.0ms request_id=ee403251-6651-486a-9e8f-398c79ebc0b4
2026-07-17 18:26:17,575 INFO mental_health.api GET /api/discussions/plaza 200 2.8ms request_id=1d506384-62da-4733-89c8-073f6084953e
2026-07-17 18:26:23,570 INFO mental_health.api GET /api/discussions/plaza 200 4.2ms request_id=df735ae6-8644-40ef-b99c-0fd0ce677f0b
2026-07-17 18:26:29,572 INFO mental_health.api GET /api/discussions/plaza 200 3.2ms request_id=a1e03138-8fe4-4849-8661-2ba8eb6fb146
2026-07-17 18:26:35,578 INFO mental_health.api GET /api/discussions/plaza 200 4.0ms request_id=d9c205b2-37b1-4ae0-91b8-5ae62cafd2b0
2026-07-17 18:26:41,574 INFO mental_health.api GET /api/discussions/plaza 200 3.4ms request_id=3868e68f-b4bc-4f0d-baad-520e15ff3bef
2026-07-17 18:26:47,587 INFO mental_health.api GET /api/discussions/plaza 200 5.1ms request_id=4298f647-5401-4f00-85ad-82a93e2ab4f8
2026-07-17 18:26:53,573 INFO mental_health.api GET /api/discussions/plaza 200 2.8ms request_id=7f0af32b-0dab-4e6e-8b8c-ed07448990b0
2026-07-17 18:26:59,562 INFO mental_health.api GET /api/discussions/plaza 200 2.3ms request_id=7772a131-d9ea-42c5-abae-bf735cb2ec58
2026-07-17 18:27:05,575 INFO mental_health.api GET /api/discussions/plaza 200 3.4ms request_id=e5b42c9a-4705-4154-a104-732e9846921a
2026-07-17 18:27:11,576 INFO mental_health.api GET /api/discussions/plaza 200 4.3ms request_id=4d8c3bc0-43f5-4af7-9c5c-2730d88cd62d
2026-07-17 18:27:17,568 INFO mental_health.api GET /api/discussions/plaza 200 2.7ms request_id=c1fcfa66-c033-4761-83fa-4977fe043150
2026-07-17 18:27:23,561 INFO mental_health.api GET /api/discussions/plaza 200 3.0ms request_id=ec2452e1-69c3-4681-9b1a-6b528910f1fa
2026-07-17 18:27:29,564 INFO mental_health.api GET /api/discussions/plaza 200 3.9ms request_id=9a66bc64-104a-40c8-a7b2-6bd43af0a770
2026-07-17 18:27:35,566 INFO mental_health.api GET /api/discussions/plaza 200 3.3ms request_id=04e566d0-91d6-4f9b-87bb-407fa4a5b099
2026-07-17 18:27:41,576 INFO mental_health.api GET /api/discussions/plaza 200 3.1ms request_id=410682ae-2729-43b3-8359-8d2cf8b8d237
2026-07-17 18:27:47,575 INFO mental_health.api GET /api/discussions/plaza 200 3.7ms request_id=661ce73d-a127-45b7-ba71-02d18d9a3a4a
2026-07-17 18:27:51,610 INFO mental_health.api GET /api/consult/history/conv-1784283546747-ap4ef4 200 15.4ms request_id=67ae61d3-5f4c-4f73-8910-89c33b3d2f94
2026-07-17 18:27:51,611 INFO mental_health.api GET /api/users/me/profile 200 17.4ms request_id=1e5379bf-0c27-4b13-8dbc-22faa08c5429
2026-07-17 18:27:51,628 INFO mental_health.api GET /api/consult/conversations 200 35.5ms request_id=c373122f-1158-4f0f-8993-9a822d7e5c17
2026-07-17 18:27:53,564 INFO mental_health.api GET /api/discussions/plaza 200 4.9ms request_id=4325db9d-dabc-4540-8a7b-e3e4b973cd1e
2026-07-17 18:27:59,566 INFO mental_health.api GET /api/discussions/plaza 200 3.0ms request_id=3017f981-bf52-4d8d-8689-1035f536669c
2026-07-17 18:28:05,575 INFO mental_health.api GET /api/discussions/plaza 200 4.5ms request_id=2d19e769-cada-4461-8da3-bbc19751e4e6
2026-07-17 18:28:11,574 INFO mental_health.api GET /api/discussions/plaza 200 4.3ms request_id=0aa2d4d3-d35e-4dc6-950b-23138e906189
2026-07-17 18:28:17,563 INFO mental_health.api GET /api/discussions/plaza 200 2.9ms request_id=b5f6facd-b61e-4672-a91f-354301f5ed37
2026-07-17 18:28:20,593 INFO mental_health.api GET /api/users/me/profile 200 11.9ms request_id=6f69da38-6a3d-4147-b449-bab6c7d03d29
2026-07-17 18:28:20,594 INFO mental_health.api GET /api/consult/history/conv-1784283546747-ap4ef4 200 10.3ms request_id=939a01f9-55c8-4757-b0c6-6ca84259fa87
2026-07-17 18:28:20,599 INFO mental_health.api GET /api/consult/conversations 200 16.3ms request_id=066e3e16-8852-4511-a226-be99d39eec33
2026-07-17 18:28:23,575 INFO mental_health.api GET /api/discussions/plaza 200 3.1ms request_id=ef12d629-db04-49e9-9158-1bbc21054d88
2026-07-17 18:28:29,583 INFO mental_health.api GET /api/discussions/plaza 200 5.7ms request_id=538789ce-1ba0-472b-acdc-a0b51b349684
2026-07-17 18:28:35,574 INFO mental_health.api GET /api/discussions/plaza 200 4.0ms request_id=012a63ee-9d7a-4846-a772-075449f229e8
2026-07-17 18:28:41,561 INFO mental_health.api GET /api/discussions/plaza 200 3.0ms request_id=1d4bb384-4bad-46eb-936e-5fc0635959fb
2026-07-17 18:28:47,576 INFO mental_health.api GET /api/discussions/plaza 200 3.6ms request_id=d880f677-27a7-4568-92f4-13711d0e4ce6
2026-07-17 18:28:53,577 INFO mental_health.api GET /api/discussions/plaza 200 3.5ms request_id=46eece85-0fee-4bb2-a9d3-021f68e3140f
2026-07-17 18:28:59,570 INFO mental_health.api GET /api/discussions/plaza 200 4.0ms request_id=1e24a960-ce78-4665-be1e-407f9ace4f86
2026-07-17 18:29:05,568 INFO mental_health.api GET /api/discussions/plaza 200 2.8ms request_id=5c26e385-6320-457b-978c-218ced0cdfa8
2026-07-17 18:29:09,443 INFO mental_health.api GET /api/consult/history/conv-1784284149398-5womyn 200 14.3ms request_id=bc707a07-515e-4e25-8be6-00d54f0225aa
2026-07-17 18:29:09,449 INFO mental_health.api GET /api/users/me/profile 200 20.8ms request_id=4c3af48d-2715-48f9-9a08-c27944e8e01c
2026-07-17 18:29:09,455 INFO mental_health.api GET /api/consult/conversations 200 28.4ms request_id=c0c0fca4-23a5-43b2-aae5-c9e2713b0ea1
2026-07-17 18:29:11,573 INFO mental_health.api GET /api/discussions/plaza 200 3.4ms request_id=11a25f0c-52e8-4806-af7c-f2be6c16db21
2026-07-17 18:29:17,573 INFO mental_health.api GET /api/discussions/plaza 200 2.8ms request_id=bf54d23c-43e1-4c25-be97-064bc2c6a744
2026-07-17 18:29:23,114 INFO mental_health.api GET /api/consult/history/conv-1784284163094-0zv7zm 200 4.6ms request_id=2eed668b-10c4-4ac2-b189-e5803f92c708
2026-07-17 18:29:23,574 INFO mental_health.api GET /api/discussions/plaza 200 4.8ms request_id=8377fa11-d13a-440c-a24e-5d61a6882536
2026-07-17 18:29:29,562 INFO mental_health.api GET /api/discussions/plaza 200 3.5ms request_id=32a63f24-4b13-453f-a4b8-f97726b1af39
2026-07-17 18:29:35,571 INFO mental_health.api GET /api/discussions/plaza 200 3.5ms request_id=eedf28d3-aec4-4bf9-9060-d5c674902622
2026-07-17 18:29:41,571 INFO mental_health.api GET /api/discussions/plaza 200 3.2ms request_id=93c518b4-8f73-4918-b8ec-821cc1a77fdc
2026-07-17 18:29:47,567 INFO mental_health.api GET /api/discussions/plaza 200 3.4ms request_id=67626a53-4500-44a5-9d69-c3d61d777a4e
2026-07-17 18:29:53,566 INFO mental_health.api GET /api/discussions/plaza 200 4.9ms request_id=6746f82a-6876-466d-a852-464047e709c2
2026-07-17 18:29:59,576 INFO mental_health.api GET /api/discussions/plaza 200 3.1ms request_id=10acd301-2ee6-4139-a837-dba82dbb7bbb
2026-07-17 18:29:59,759 INFO mental_health.api POST /api/consult/chat 200 16147.8ms request_id=a20f595a-93a7-4849-b147-5bd7d0c4ef18
2026-07-17 18:29:59,773 INFO mental_health.api GET /api/consult/history/conv-1784284163094-0zv7zm 200 5.1ms request_id=bc7e5474-cefd-498b-a85d-a36db958ad01
2026-07-17 18:29:59,794 INFO mental_health.api GET /api/users/me/profile 200 14.3ms request_id=56cbdb8f-0e60-46fa-a2f7-cbe9cfdaf243
2026-07-17 18:29:59,798 INFO mental_health.api GET /api/consult/conversations 200 19.8ms request_id=1795ff0f-a483-4696-88cd-47126156f501
2026-07-17 18:30:05,575 INFO mental_health.api GET /api/discussions/plaza 200 2.9ms request_id=1a8d6918-fdc6-4f77-bdf4-4af69b19dd3c
2026-07-17 18:30:11,571 INFO mental_health.api GET /api/discussions/plaza 200 2.9ms request_id=e32b4a0e-bd7b-4747-8d6c-6b70ea5e6cd3
2026-07-17 18:30:17,568 INFO mental_health.api GET /api/discussions/plaza 200 3.1ms request_id=1882cd9d-4896-4669-bace-d5275b3418d5
2026-07-17 18:30:23,573 INFO mental_health.api GET /api/discussions/plaza 200 4.2ms request_id=89f766c1-ae3b-4125-bad4-da88b0b019af
2026-07-17 18:30:29,575 INFO mental_health.api GET /api/discussions/plaza 200 2.9ms request_id=bb2d4646-4407-474e-9603-39070b6702cf
2026-07-17 18:30:35,561 INFO mental_health.api GET /api/discussions/plaza 200 2.9ms request_id=a2d0e6f5-4e27-40fc-92ab-7f1f54af7dd7
2026-07-17 18:30:41,566 INFO mental_health.api GET /api/discussions/plaza 200 3.4ms request_id=29653be2-7f90-44d3-a806-4b4bac38ce2a
2026-07-17 18:30:47,575 INFO mental_health.api GET /api/discussions/plaza 200 2.8ms request_id=3de04e00-bcfb-482c-bc3d-c6de51e52be6
2026-07-17 18:30:53,573 INFO mental_health.api GET /api/discussions/plaza 200 2.9ms request_id=bd3ed310-5001-456d-926e-533cff08f2e0
2026-07-17 18:30:59,571 INFO mental_health.api GET /api/discussions/plaza 200 3.3ms request_id=f850c441-f929-44f5-8115-500c71ab7a48
2026-07-17 18:31:05,575 INFO mental_health.api GET /api/discussions/plaza 200 2.9ms request_id=cf42d289-b1d9-4e07-b4f7-3f02f96f938a
2026-07-17 18:31:11,571 INFO mental_health.api GET /api/discussions/plaza 200 3.8ms request_id=d85aa537-5cce-4c1e-8835-95d8823eb696
2026-07-17 18:31:17,567 INFO mental_health.api GET /api/discussions/plaza 200 2.3ms request_id=5a29459b-bf3f-4ed6-8e68-62c97f018c3b
2026-07-17 18:31:23,564 INFO mental_health.api GET /api/discussions/plaza 200 4.1ms request_id=da657106-a01b-4e51-bfef-1252d6de6178
2026-07-17 18:31:29,568 INFO mental_health.api GET /api/discussions/plaza 200 2.5ms request_id=6184255f-2871-4d91-914f-9365682554cb
2026-07-17 18:31:35,576 INFO mental_health.api GET /api/discussions/plaza 200 3.9ms request_id=0b1f6f5b-da28-41dc-955e-9faea5cb4378
2026-07-17 18:31:41,570 INFO mental_health.api GET /api/discussions/plaza 200 4.2ms request_id=a5fcd2bf-bb7b-4c09-a624-89f41dfff7c3
2026-07-17 18:31:47,570 INFO mental_health.api GET /api/discussions/plaza 200 3.0ms request_id=5d822e50-9291-4c1c-9a2c-30b6d11d44c0
2026-07-17 18:31:53,568 INFO mental_health.api GET /api/discussions/plaza 200 3.2ms request_id=bcba911e-6d3a-4be5-8a0f-292c0de3f8b4
2026-07-17 18:31:59,576 INFO mental_health.api GET /api/discussions/plaza 200 3.3ms request_id=46e8e5b3-df32-48e3-baf6-58446035bdeb
2026-07-17 18:32:03,841 INFO mental_health.api GET /api/health 200 1.3ms request_id=250880dd-4fef-4fe4-864c-6485dafb6236
2026-07-17 18:32:05,571 INFO mental_health.api GET /api/discussions/plaza 200 3.1ms request_id=7db16047-ad26-4848-a556-d0e371375c4e
2026-07-17 18:32:11,571 INFO mental_health.api GET /api/discussions/plaza 200 3.3ms request_id=20e72403-dfd1-40c4-bc49-a22ccfd21b36
2026-07-17 18:32:17,572 INFO mental_health.api GET /api/discussions/plaza 200 2.6ms request_id=c9ffe7fa-2527-495d-abe4-5ca2a29e4d9a
2026-07-17 18:32:23,436 INFO mental_health.api GET /api/consult/history/conv-1784284343419-8okmwc 200 6.0ms request_id=adfbaaa3-0ee2-4b78-8405-9c888e2ef672
2026-07-17 18:32:23,573 INFO mental_health.api GET /api/discussions/plaza 200 4.3ms request_id=2e592953-a35e-4ac7-80b5-7d52e92229c4
2026-07-17 18:32:23,857 INFO mental_health.api GET /api/users/me/profile 200 15.0ms request_id=b483bf10-4ef0-4dad-bc66-40ada799e341
2026-07-17 18:32:23,861 INFO mental_health.api GET /api/consult/history/conv-1784284343419-8okmwc 200 18.4ms request_id=640b33d1-de96-40cc-a981-1d9e78230949
2026-07-17 18:32:23,868 INFO mental_health.api GET /api/consult/conversations 200 28.0ms request_id=635c2c9d-a41a-45b4-a7b6-719beb4ec757
2026-07-17 18:32:29,571 INFO mental_health.api GET /api/discussions/plaza 200 2.7ms request_id=c3fc44eb-4321-4848-a1b5-a8dea8bd29ff
2026-07-17 18:32:35,573 INFO mental_health.api GET /api/discussions/plaza 200 3.3ms request_id=1f054e44-ded3-4f5d-9d75-1324c7c898c0
2026-07-17 18:32:41,573 INFO mental_health.api GET /api/discussions/plaza 200 3.7ms request_id=4911b81f-c2c9-475b-8dc8-318182148c4f
2026-07-17 18:32:47,568 INFO mental_health.api GET /api/discussions/plaza 200 3.4ms request_id=e6004c37-3d25-42f6-8d2b-5cef476c22f3
2026-07-17 18:32:53,564 INFO mental_health.api GET /api/discussions/plaza 200 3.4ms request_id=471cc9f7-a7c1-4516-b269-4fa751c3ce02
2026-07-17 18:32:59,573 INFO mental_health.api GET /api/discussions/plaza 200 3.1ms request_id=b6ffe57a-b2d6-4398-accf-9fa5f468c82d
2026-07-17 18:33:05,566 INFO mental_health.api GET /api/discussions/plaza 200 2.8ms request_id=371bd7d6-3ab6-4004-bbfb-08a88335f01e
2026-07-17 18:33:11,567 INFO mental_health.api GET /api/discussions/plaza 200 3.0ms request_id=da126320-56dc-4b03-8962-6bbe196a734f
2026-07-17 18:33:17,565 INFO mental_health.api GET /api/discussions/plaza 200 2.6ms request_id=e4bacf8e-e6c9-403f-ab77-7bbeebfc5103
2026-07-17 18:33:23,576 INFO mental_health.api GET /api/discussions/plaza 200 3.1ms request_id=7b6612f5-82e3-4da6-8270-0c8a6a963eb1
2026-07-17 18:33:29,567 INFO mental_health.api GET /api/discussions/plaza 200 3.0ms request_id=27526b80-a286-4987-86d4-8e6c2ce93879
2026-07-17 18:33:35,563 INFO mental_health.api GET /api/discussions/plaza 200 2.6ms request_id=f1fce9a0-308c-44c4-bcd6-7a3c8eddd6e0
2026-07-17 18:33:41,574 INFO mental_health.api GET /api/discussions/plaza 200 3.2ms request_id=837b676d-5a6e-4f4b-8dc6-111f0079fc9c
2026-07-17 18:33:47,585 INFO mental_health.api GET /api/discussions/plaza 200 4.7ms request_id=3bbc880b-5c07-4b25-9cee-34d6b618489a
2026-07-17 18:33:53,573 INFO mental_health.api GET /api/discussions/plaza 200 5.0ms request_id=0929edf6-b170-497e-ae79-1a43ae6f3b1c
2026-07-17 18:33:59,562 INFO mental_health.api GET /api/discussions/plaza 200 3.4ms request_id=d91384ee-535c-477b-b502-3eb9f95f9056
2026-07-17 18:34:05,569 INFO mental_health.api GET /api/discussions/plaza 200 2.8ms request_id=72d3967f-3af9-440b-92e1-34cfefc6718c
2026-07-17 18:34:11,577 INFO mental_health.api GET /api/discussions/plaza 200 3.4ms request_id=553cf8c9-83c4-4218-9c7e-ad67cab4b704
2026-07-17 18:34:17,576 INFO mental_health.api GET /api/discussions/plaza 200 3.1ms request_id=3dc36414-7431-41d5-9acb-d9e1ed820b1a
2026-07-17 18:34:23,562 INFO mental_health.api GET /api/discussions/plaza 200 4.5ms request_id=f6fbe99c-b84d-436e-9258-d66226aa3af1
2026-07-17 18:34:29,572 INFO mental_health.api GET /api/discussions/plaza 200 2.7ms request_id=547b756a-8a77-404e-8e94-b513ae20be6f
2026-07-17 18:34:35,574 INFO mental_health.api GET /api/discussions/plaza 200 3.2ms request_id=fc05e0e0-62a7-4724-9ab0-1cf57bfc04e2
2026-07-17 18:34:41,564 INFO mental_health.api GET /api/discussions/plaza 200 2.9ms request_id=cbf6510d-3b87-4056-94b3-904447d46200
2026-07-17 18:34:47,562 INFO mental_health.api GET /api/discussions/plaza 200 2.8ms request_id=39ef552c-b84c-45b6-b3e5-50e6e622ed86
2026-07-17 18:34:53,570 INFO mental_health.api GET /api/discussions/plaza 200 2.6ms request_id=a11b8b73-2256-44c0-a741-71f355a080ef
2026-07-17 18:34:59,573 INFO mental_health.api GET /api/discussions/plaza 200 3.3ms request_id=8997ed43-eb80-4551-b3f7-a93f16be8022
2026-07-17 18:35:05,572 INFO mental_health.api GET /api/discussions/plaza 200 3.3ms request_id=64b89334-01ea-4814-b1a7-720ea6dcbf87
2026-07-17 18:35:11,566 INFO mental_health.api GET /api/discussions/plaza 200 2.8ms request_id=8232be6f-c28a-4aa8-aff4-b159720557cc
2026-07-17 18:35:17,574 INFO mental_health.api GET /api/discussions/plaza 200 2.6ms request_id=308559f5-7e4b-46d9-9aea-02d9ab234b49
2026-07-17 18:35:23,569 INFO mental_health.api GET /api/discussions/plaza 200 2.7ms request_id=3b31573b-e7aa-4d2e-9a91-aab8de81264f
2026-07-17 18:35:29,573 INFO mental_health.api GET /api/discussions/plaza 200 2.4ms request_id=7853d301-440a-47de-b785-8bc144e77515
2026-07-17 18:35:35,571 INFO mental_health.api GET /api/discussions/plaza 200 2.8ms request_id=c26299bb-6698-4f34-b9ba-0b2556e57d90
2026-07-17 18:35:41,569 INFO mental_health.api GET /api/discussions/plaza 200 2.9ms request_id=5a6c87f9-9032-4e6d-bb99-785da31e783c
2026-07-17 18:35:47,573 INFO mental_health.api GET /api/discussions/plaza 200 3.0ms request_id=c9bee149-9b03-4d5b-b25f-9fb22aa4faec
2026-07-17 18:35:53,565 INFO mental_health.api GET /api/discussions/plaza 200 4.5ms request_id=0cb74ae4-4b67-4d9a-beb3-bb1433ee6023
2026-07-17 18:35:59,573 INFO mental_health.api GET /api/discussions/plaza 200 2.9ms request_id=ca3982b2-e035-4807-badc-b1f0a7dc94eb
2026-07-17 18:36:05,569 INFO mental_health.api GET /api/discussions/plaza 200 3.4ms request_id=21d4cff5-9f47-4506-901b-49ef2aab8f82
2026-07-17 18:36:11,568 INFO mental_health.api GET /api/discussions/plaza 200 3.6ms request_id=2037f5d4-e1dc-4d42-80e3-372941f599cd
2026-07-17 18:36:17,573 INFO mental_health.api GET /api/discussions/plaza 200 2.9ms request_id=9da1b064-f710-4dd9-bbdc-f1864b575f06
2026-07-17 18:36:23,576 INFO mental_health.api GET /api/discussions/plaza 200 3.4ms request_id=5eab61d6-25ce-4130-bef2-45e1b4234770
2026-07-17 18:36:29,561 INFO mental_health.api GET /api/discussions/plaza 200 2.8ms request_id=3ee9d954-913f-4ebc-9c19-aeeb96b27ab9
2026-07-17 18:36:35,562 INFO mental_health.api GET /api/discussions/plaza 200 2.9ms request_id=ddb81caa-5afb-4d2d-bdc9-bf37b85c558a
2026-07-17 18:36:41,576 INFO mental_health.api GET /api/discussions/plaza 200 3.8ms request_id=a234def9-8557-4b8a-b037-5e21b73f6d75
2026-07-17 18:36:47,570 INFO mental_health.api GET /api/discussions/plaza 200 2.2ms request_id=2694ebfa-93a5-4a80-a9f8-5a59faacff60
2026-07-17 18:36:53,564 INFO mental_health.api GET /api/discussions/plaza 200 2.9ms request_id=38b54f9e-fcd9-4754-bd02-46c9eeb25949
WARNING:  Unsupported upgrade request.
WARNING:  No supported WebSocket library detected. Please use "pip install 'uvicorn[standard]'", or install 'websockets' or 'wsproto' manually.
2026-07-17 18:36:58,630 INFO mental_health.api GET /api/analytics/mood-trend 200 38.5ms request_id=c1d058df-4dcd-4740-8653-5182d52d6252
2026-07-17 18:36:58,631 INFO mental_health.api GET /api/analytics/overview 200 42.3ms request_id=00457a11-5e6e-495b-acfd-85860db18a21
2026-07-17 18:36:58,632 INFO mental_health.api GET /api/mood/risk-status 200 37.1ms request_id=7c7a5cdd-cff9-411f-b3e2-44fdcb605c4b
2026-07-17 18:36:58,633 INFO mental_health.api GET /api/mood/mine 200 41.4ms request_id=c2e3740b-19b8-4cb6-bf6f-244913ed38ab
2026-07-17 18:36:58,638 INFO mental_health.api GET /api/analytics/mood-forecast 200 42.7ms request_id=f2efaea2-ef5e-4e37-9f54-07f34cc831bb
2026-07-17 18:36:58,641 INFO mental_health.api GET /api/analytics/user-activity 200 47.0ms request_id=ec815d45-8735-4ccd-9088-95f91f8dc160
2026-07-17 18:36:58,646 INFO mental_health.api GET /api/discussions/plaza/ws 404 26.2ms request_id=0d844117-794f-4135-be12-11968654fcf3
2026-07-17 18:36:58,673 INFO mental_health.api GET /api/users/me/notifications 200 24.3ms request_id=a5f3bb2d-de12-44d0-a050-c0de80f8d9f8
2026-07-17 18:36:58,680 INFO mental_health.api GET /api/recommendations/articles 200 36.3ms request_id=c608184d-b9a2-4cef-8025-4d90bd08b6de
2026-07-17 18:36:58,683 INFO mental_health.api GET /api/consult/conversations 200 31.3ms request_id=61522fdc-b407-4f91-ad95-ec29665123fb
2026-07-17 18:36:58,684 INFO mental_health.api GET /api/users/me/profile 200 26.8ms request_id=a0e18b74-16d4-4523-8017-45ce689f24d9
2026-07-17 18:36:58,696 INFO mental_health.api GET /api/consult/history/conv-1784283546747-ap4ef4 200 15.9ms request_id=43fbac9d-7f41-431a-a14f-eabdc95a6ddb
2026-07-17 18:36:58,704 INFO mental_health.api GET /api/consult/history/conv-1784284343419-8okmwc 200 16.4ms request_id=63b3129d-34a0-4f78-8a85-1009bebfd79b
2026-07-17 18:36:58,709 INFO mental_health.api GET /api/discussions/ 200 18.5ms request_id=45fbf137-cd2a-4787-af3a-41a6aa3c55ec
2026-07-17 18:36:58,714 INFO mental_health.api GET /api/articles/ 200 59.7ms request_id=1aa2ea70-5f9d-45eb-b3f7-c8fc7e7092c9
2026-07-17 18:36:58,716 INFO mental_health.api GET /api/discussions/mine 200 22.8ms request_id=15a33f6f-0e9c-4b84-b7b7-4b561d30e833
2026-07-17 18:36:58,722 INFO mental_health.api GET /api/discussions/plaza 200 71.1ms request_id=ee94a3fd-2893-4952-ab12-02cfc72dc991
2026-07-17 18:36:58,728 INFO mental_health.api GET /api/recommendations/articles 200 24.3ms request_id=ad84a341-1b57-4d93-8b6a-2bc8be0abc2d
2026-07-17 18:36:58,738 INFO mental_health.api GET /api/articles/ 200 15.4ms request_id=7bd38fcb-c856-48f2-91a7-8ee8160907b8
2026-07-17 18:36:58,740 INFO mental_health.api GET /api/users/me/profile 200 23.0ms request_id=1393c7b6-2913-4a53-a2e5-0d4755d4c40f
2026-07-17 18:36:58,747 INFO mental_health.api GET /api/consult/conversations 200 33.7ms request_id=3ca1132a-05e4-4201-8909-8e558d04d0c8
2026-07-17 18:36:58,752 INFO mental_health.api GET /api/recommendations/articles 200 16.2ms request_id=70f0a268-3319-414d-825b-3efb7262a26d
2026-07-17 18:37:04,573 INFO mental_health.api GET /api/discussions/plaza 200 3.1ms request_id=d70fe358-eabf-44c3-b83e-c0e2e60b231f
2026-07-17 18:37:10,564 INFO mental_health.api GET /api/discussions/plaza 200 3.4ms request_id=f4d4514f-10bb-487f-bb10-9df97986aede
2026-07-17 18:37:16,562 INFO mental_health.api GET /api/discussions/plaza 200 2.7ms request_id=da0a0db7-c469-43cf-8fe1-066c5baabdac
2026-07-17 18:37:22,575 INFO mental_health.api GET /api/discussions/plaza 200 3.5ms request_id=975ff7d8-c01d-494e-bc36-72f566d17413
2026-07-17 18:37:28,568 INFO mental_health.api GET /api/discussions/plaza 200 3.3ms request_id=cf40c9a6-3cc4-43d4-a24c-d81ea544b814
2026-07-17 18:37:34,563 INFO mental_health.api GET /api/discussions/plaza 200 2.6ms request_id=3f42415f-1909-45a1-a143-fd47f5867241
2026-07-17 18:37:40,564 INFO mental_health.api GET /api/discussions/plaza 200 3.3ms request_id=85140194-b6d4-4ac5-a9e1-c348bb3c48ad
2026-07-17 18:37:46,575 INFO mental_health.api GET /api/discussions/plaza 200 3.2ms request_id=2030825d-9e13-44e2-b92a-03570f6c9721
2026-07-17 18:37:52,575 INFO mental_health.api GET /api/discussions/plaza 200 3.7ms request_id=250f7c6c-b6cd-4644-bcc8-7e5eee0964be
2026-07-17 18:37:58,563 INFO mental_health.api GET /api/discussions/plaza 200 2.8ms request_id=5407b973-5c4c-48b4-9226-93a947fab5e9
2026-07-17 18:38:04,562 INFO mental_health.api GET /api/discussions/plaza 200 2.9ms request_id=def19064-031e-4af4-8823-7ceaea2ee2d3
2026-07-17 18:38:10,571 INFO mental_health.api GET /api/discussions/plaza 200 2.6ms request_id=521b47c2-c62e-4ab0-b4d3-ecb6ae1ded88
2026-07-17 18:38:16,563 INFO mental_health.api GET /api/discussions/plaza 200 2.7ms request_id=8dee1fb4-bf3f-4aa3-b2d9-2c2868041c19
2026-07-17 18:38:22,572 INFO mental_health.api GET /api/discussions/plaza 200 3.8ms request_id=2300d33f-a5e8-486e-8866-11fa90830df4
2026-07-17 18:38:28,573 INFO mental_health.api GET /api/discussions/plaza 200 5.1ms request_id=d3671f06-6aa8-4d7c-bcb9-edd125d0dcd3
2026-07-17 18:38:29,011 INFO mental_health.api GET /api/articles/ 200 11.5ms request_id=cef9842d-3763-47b3-86da-4f82d839d035
2026-07-17 18:38:29,022 INFO mental_health.api GET /api/recommendations/articles 200 22.0ms request_id=4937e8bf-d52a-4f6f-a940-36facc28a746
2026-07-17 18:38:29,049 INFO mental_health.api GET /api/consult/history/conv-1784284343419-8okmwc 200 22.2ms request_id=19a47f11-c27d-4c20-a6c3-ba0ed7bd260f
2026-07-17 18:38:29,052 INFO mental_health.api GET /api/users/me/profile 200 25.5ms request_id=8354efa1-c186-4bb1-9531-ff2b67271ce1
2026-07-17 18:38:29,062 INFO mental_health.api GET /api/consult/conversations 200 36.1ms request_id=44128ac2-c59f-4fe1-9edd-bd50602f9db4
2026-07-17 18:38:29,106 INFO mental_health.api GET /api/articles/ 200 23.1ms request_id=c2cd2494-db66-4c6b-8363-c6b51bf7646f
WARNING:  Unsupported upgrade request.
WARNING:  No supported WebSocket library detected. Please use "pip install 'uvicorn[standard]'", or install 'websockets' or 'wsproto' manually.
2026-07-17 18:38:29,125 INFO mental_health.api GET /api/recommendations/articles 200 42.5ms request_id=fe3a9609-d38a-4475-be4f-f719adb9fb2a
2026-07-17 18:38:29,129 INFO mental_health.api GET /api/users/me/profile 200 35.2ms request_id=73a51044-931e-4a8f-a315-69604b71f787
2026-07-17 18:38:29,133 INFO mental_health.api GET /api/consult/history/conv-1784284343419-8okmwc 200 37.7ms request_id=767a286b-4ff0-4696-b4ad-4c9770a7f752
WARNING:  Unsupported upgrade request.
WARNING:  No supported WebSocket library detected. Please use "pip install 'uvicorn[standard]'", or install 'websockets' or 'wsproto' manually.
2026-07-17 18:38:29,150 INFO mental_health.api GET /api/discussions/plaza/ws 404 34.6ms request_id=6bc44b0a-5067-42b0-a968-bb21283d47dd
2026-07-17 18:38:29,151 INFO mental_health.api GET /api/discussions/plaza 200 33.8ms request_id=1fa21b23-2411-470f-82b3-efd916190919
2026-07-17 18:38:29,155 INFO mental_health.api GET /api/discussions/ 200 32.7ms request_id=54835aa3-9da6-42a3-a07a-2e4167d50b21
2026-07-17 18:38:29,158 INFO mental_health.api GET /api/consult/conversations 200 67.5ms request_id=513ac740-5e60-4657-871d-f4cc0c050c67
2026-07-17 18:38:29,171 INFO mental_health.api GET /api/discussions/plaza/ws 404 32.8ms request_id=ce2ae497-0eed-4b2c-9a35-14b2e48f4a9b
2026-07-17 18:38:29,184 INFO mental_health.api GET /api/analytics/overview 200 36.4ms request_id=8a8973ef-b059-4bca-8630-cbac86c84ef9
2026-07-17 18:38:29,187 INFO mental_health.api GET /api/discussions/mine 200 45.8ms request_id=4b4b5857-486d-43b4-b581-f680bfeec124
2026-07-17 18:38:29,195 INFO mental_health.api GET /api/analytics/mood-trend 200 45.9ms request_id=1f3b34d9-e653-4ed3-91a4-52bc4eaa8cf5
2026-07-17 18:38:29,205 INFO mental_health.api GET /api/analytics/mood-forecast 200 34.3ms request_id=f83bf11e-41ab-47c6-bb5c-b773a242ba04
2026-07-17 18:38:29,212 INFO mental_health.api GET /api/analytics/user-activity 200 42.0ms request_id=21519f34-a3c4-4130-ba81-c772b2fee61b
2026-07-17 18:38:29,213 INFO mental_health.api GET /api/mood/mine 200 47.6ms request_id=b989e672-469d-4ea7-86fd-6f2e426d20c2
2026-07-17 18:38:29,220 INFO mental_health.api GET /api/mood/risk-status 200 20.0ms request_id=c14d5271-22bd-4e01-901f-4016ab10d04a
2026-07-17 18:38:29,224 INFO mental_health.api GET /api/users/me/notifications 200 19.6ms request_id=8068526d-54cd-456e-b82b-7f53c0aede3f
2026-07-17 18:38:29,234 INFO mental_health.api GET /api/recommendations/articles 200 33.1ms request_id=4a515755-a84b-4d84-b6bd-e92e6bba466b
2026-07-17 18:38:34,573 INFO mental_health.api GET /api/discussions/plaza 200 3.6ms request_id=26227eff-6c36-4c78-ac04-de5cfa257d19
2026-07-17 18:38:40,570 INFO mental_health.api GET /api/discussions/plaza 200 3.2ms request_id=f462e52c-d542-476e-8ead-e204d95a1c65
2026-07-17 18:38:46,564 INFO mental_health.api GET /api/discussions/plaza 200 3.3ms request_id=590b2d84-069e-4e3b-a87c-f01f87d1a75d
2026-07-17 18:38:52,568 INFO mental_health.api GET /api/discussions/plaza 200 2.9ms request_id=e0ce75bc-ec5c-46a9-9263-173c61b8b709
2026-07-17 18:38:58,565 INFO mental_health.api GET /api/discussions/plaza 200 2.9ms request_id=cea24fdd-2dfc-4ca1-8377-94896032bf41
2026-07-17 18:39:04,563 INFO mental_health.api GET /api/discussions/plaza 200 2.4ms request_id=959de676-851b-4574-9083-0dea1001443a
2026-07-17 18:39:10,576 INFO mental_health.api GET /api/discussions/plaza 200 2.8ms request_id=8d7e16a3-db26-4fbb-b9bb-e081c8756dee
2026-07-17 18:39:16,566 INFO mental_health.api GET /api/discussions/plaza 200 3.1ms request_id=8f1a74e4-7d62-44b5-945b-4a0c849fdd36
2026-07-17 18:39:22,570 INFO mental_health.api GET /api/discussions/plaza 200 3.5ms request_id=cfdd320d-3f19-460c-bff7-e53d74f89ae6
2026-07-17 18:39:28,562 INFO mental_health.api GET /api/discussions/plaza 200 3.2ms request_id=2246ff1b-cee0-443b-9621-88e13d3c8bdb
2026-07-17 18:39:34,566 INFO mental_health.api GET /api/discussions/plaza 200 3.3ms request_id=fbd1132b-8e73-4510-b561-e1cba5d9066a
2026-07-17 18:39:40,564 INFO mental_health.api GET /api/discussions/plaza 200 2.8ms request_id=9dd90a6f-2664-4e8d-9856-aeb7f2c12629
2026-07-17 18:39:46,574 INFO mental_health.api GET /api/discussions/plaza 200 2.6ms request_id=4e92a47d-ed16-4fed-b88e-af64c64e1921
2026-07-17 18:39:52,564 INFO mental_health.api GET /api/discussions/plaza 200 3.6ms request_id=067161f1-59a8-42f5-8824-39869bd50c5b
2026-07-17 18:39:58,570 INFO mental_health.api GET /api/discussions/plaza 200 3.5ms request_id=5ff419f9-97c2-40d2-b0a6-cd40649500c3
2026-07-17 18:40:04,565 INFO mental_health.api GET /api/discussions/plaza 200 2.6ms request_id=ac13c792-4207-42a6-9e2c-e6cb48611208
2026-07-17 18:40:10,566 INFO mental_health.api GET /api/discussions/plaza 200 3.4ms request_id=9c5fa565-a266-4612-8969-5eaaf6711d0c
2026-07-17 18:40:16,576 INFO mental_health.api GET /api/discussions/plaza 200 3.2ms request_id=b4647636-06e6-4609-ad2e-0ccc1e4f900b
2026-07-17 18:40:22,560 INFO mental_health.api GET /api/discussions/plaza 200 2.8ms request_id=f3922d22-b690-44fb-b98e-aebbf9e864ac
2026-07-17 18:40:28,576 INFO mental_health.api GET /api/discussions/plaza 200 3.0ms request_id=305be18c-1dd1-4689-be04-6c99c61b5628
2026-07-17 18:40:34,570 INFO mental_health.api GET /api/discussions/plaza 200 3.3ms request_id=1c1de39a-a54d-4a46-88d2-9f9a494c9118
2026-07-17 18:40:40,574 INFO mental_health.api GET /api/discussions/plaza 200 3.0ms request_id=e9d8d90c-2180-426d-a161-33cd205a8fb4
2026-07-17 18:40:46,567 INFO mental_health.api GET /api/discussions/plaza 200 3.5ms request_id=ad03d5e7-c54b-49f2-b658-367b8a52ce9e
2026-07-17 18:40:52,572 INFO mental_health.api GET /api/discussions/plaza 200 4.8ms request_id=5aedd62e-dc5e-46a3-b0ca-5cacb0018c92
2026-07-17 18:40:58,574 INFO mental_health.api GET /api/discussions/plaza 200 2.6ms request_id=94e11264-93c8-452a-a469-a4d60bdfe4f7
2026-07-17 18:41:04,571 INFO mental_health.api GET /api/discussions/plaza 200 5.4ms request_id=e0f70c37-8cc9-4ca0-8851-720c48be0971
2026-07-17 18:41:10,577 INFO mental_health.api GET /api/discussions/plaza 200 4.9ms request_id=ce611763-98d9-402d-9e2e-e0331770a1f1
2026-07-17 18:41:16,573 INFO mental_health.api GET /api/discussions/plaza 200 4.6ms request_id=66da5335-c41b-4115-acf5-9938c760d1e0
2026-07-17 18:41:22,577 INFO mental_health.api GET /api/discussions/plaza 200 3.4ms request_id=d500cd43-2637-4f21-9a8d-63a06f8fbce9
2026-07-17 18:41:28,574 INFO mental_health.api GET /api/discussions/plaza 200 2.9ms request_id=4a13d011-073a-4052-9c33-f3c81b9cb074
2026-07-17 18:41:34,562 INFO mental_health.api GET /api/discussions/plaza 200 3.4ms request_id=04c9b1c7-a186-4ffb-ad63-62cf10677c0b
2026-07-17 18:41:40,567 INFO mental_health.api GET /api/discussions/plaza 200 3.0ms request_id=bce15221-e393-4198-ae06-582de8806aeb
2026-07-17 18:41:46,570 INFO mental_health.api GET /api/discussions/plaza 200 4.7ms request_id=34e42d67-f222-4d78-8b95-5157e565a0f5
2026-07-17 18:41:52,571 INFO mental_health.api GET /api/discussions/plaza 200 3.5ms request_id=99f2224f-0e80-429b-ba24-7235a1fd3e77
2026-07-17 18:41:58,574 INFO mental_health.api GET /api/discussions/plaza 200 3.0ms request_id=ceea09dc-1656-4131-8e3e-5843ca3a2582
2026-07-17 18:42:04,566 INFO mental_health.api GET /api/discussions/plaza 200 3.3ms request_id=eead63ae-d923-4843-ac4f-8b36405883f5
2026-07-17 18:42:10,567 INFO mental_health.api GET /api/discussions/plaza 200 3.4ms request_id=1ae29cc2-2577-43b1-8939-3a1656d90dfe
2026-07-17 18:42:16,572 INFO mental_health.api GET /api/discussions/plaza 200 3.2ms request_id=04f99aef-b1c3-4782-bf09-9c9ecba78e5b
2026-07-17 18:42:22,565 INFO mental_health.api GET /api/discussions/plaza 200 3.5ms request_id=9ba9a02f-fe90-412a-92d8-099f7141c052
2026-07-17 18:42:28,573 INFO mental_health.api GET /api/discussions/plaza 200 3.4ms request_id=acf94085-1f21-4712-80a2-7a2aff0a5e42
2026-07-17 18:42:34,564 INFO mental_health.api GET /api/discussions/plaza 200 4.2ms request_id=981fb8b4-19a0-4002-ac37-87b138e2fbad
2026-07-17 18:42:40,579 INFO mental_health.api GET /api/discussions/plaza 200 4.0ms request_id=271b4dbf-043b-4ded-8f34-8a4a40d8e9d6
2026-07-17 18:42:46,572 INFO mental_health.api GET /api/discussions/plaza 200 3.3ms request_id=69bf947b-4bf9-4ca7-aae4-ffcffcd84b83
2026-07-17 18:42:52,565 INFO mental_health.api GET /api/discussions/plaza 200 2.9ms request_id=d61e19b8-bb2a-413d-8f6e-6e1bb7180c23
