INFO:     Started server process [15236]
INFO:     Waiting for application startup.
INFO:     Application startup complete.
INFO:     Uvicorn running on http://127.0.0.1:8000 (Press CTRL+C to quit)
2026-07-17 18:43:00,594 INFO mental_health.api GET /api/discussions/plaza 200 19.4ms request_id=15bb0880-ff0e-41b7-8cc9-bc3fb249142c
2026-07-17 18:43:06,564 INFO mental_health.api GET /api/discussions/plaza 200 4.5ms request_id=bf958b15-9faa-4d06-975f-7e5c82362a06
2026-07-17 18:43:12,566 INFO mental_health.api GET /api/discussions/plaza 200 3.0ms request_id=4334bf30-2539-44c1-9bf3-44606610fc43
2026-07-17 18:43:18,575 INFO mental_health.api GET /api/discussions/plaza 200 4.1ms request_id=9dcb679f-4aa9-42e2-9b23-ee7118dc2d72
2026-07-17 18:43:24,572 INFO mental_health.api GET /api/discussions/plaza 200 4.6ms request_id=ca5dba2b-fe6d-4d56-9e6e-c09dba27fcdf
2026-07-17 18:43:27,556 INFO mental_health.api GET /api/health 200 1.9ms request_id=17d873e7-aaf1-4a9d-b95a-409d7fb8acfc
2026-07-17 18:43:30,569 INFO mental_health.api GET /api/discussions/plaza 200 5.0ms request_id=ba33c0b5-214c-4728-927d-1497d01b61e3
2026-07-17 18:43:36,571 INFO mental_health.api GET /api/discussions/plaza 200 3.0ms request_id=4ce83a53-2c82-4c12-ba8b-9f9be0f304c2
2026-07-17 18:43:37,710 INFO mental_health.api GET /api/analytics/overview 200 24.4ms request_id=ffe2a873-4549-4ef5-bfe3-53d223910b1d
2026-07-17 18:43:37,716 INFO mental_health.api GET /api/analytics/user-activity 200 24.9ms request_id=78a869ad-11a6-4f32-b03e-db3d71f02a13
2026-07-17 18:43:37,751 INFO mental_health.api GET /api/mood/risk-status 200 58.6ms request_id=d15b8912-e8dc-4c68-8bf1-ca540c3a7f7c
2026-07-17 18:43:37,754 INFO mental_health.api GET /api/analytics/mood-trend 200 68.6ms request_id=c929a915-3ae5-4a67-8913-7680ebfa7308
2026-07-17 18:43:37,777 INFO mental_health.api GET /api/analytics/mood-forecast 200 87.3ms request_id=9d48fe71-6054-4674-aee6-14ef81909fdd
2026-07-17 18:43:37,780 INFO mental_health.api GET /api/mood/mine 200 91.4ms request_id=18c7e8e3-1ad5-4973-a173-6b6a13075490
2026-07-17 18:43:37,783 INFO mental_health.api GET /api/users/me/notifications 200 39.6ms request_id=841a4e8d-6b62-42b4-bbb4-80031eb77719
2026-07-17 18:43:37,785 INFO mental_health.api GET /api/recommendations/articles 200 53.9ms request_id=3245f412-8d66-4d69-bc2f-4ca8647b2652
2026-07-17 18:43:42,572 INFO mental_health.api GET /api/discussions/plaza 200 3.7ms request_id=304101df-1492-4316-8233-f84bdeabb8b1
2026-07-17 18:43:48,572 INFO mental_health.api GET /api/discussions/plaza 200 3.7ms request_id=76f4e59b-6531-4d0e-a68e-f833bebdbe62
2026-07-17 18:43:54,435 INFO mental_health.api GET /api/users/me 200 6.1ms request_id=0830de59-0016-437f-9df1-2da63b7216cd
2026-07-17 18:43:54,437 INFO mental_health.api GET /api/discussions/mine 200 7.3ms request_id=5d5ed753-1d87-4650-8149-21758d8ca765
2026-07-17 18:43:54,569 INFO mental_health.api GET /api/discussions/plaza 200 2.7ms request_id=5d67cd06-37c3-429b-aea8-4cdaa3caf47a
2026-07-17 18:44:00,572 INFO mental_health.api GET /api/discussions/plaza 200 3.5ms request_id=d8a8ca7f-033d-4a61-a305-40d640f16fb2
2026-07-17 18:44:06,567 INFO mental_health.api GET /api/discussions/plaza 200 3.5ms request_id=2b5d8cff-6ffd-4825-82e9-b02ae9b4a4ef
2026-07-17 18:44:12,570 INFO mental_health.api GET /api/discussions/plaza 200 4.2ms request_id=dce69756-017f-4944-a3bc-c619a40ec426
2026-07-17 18:44:18,574 INFO mental_health.api GET /api/discussions/plaza 200 3.8ms request_id=ba3826a3-07cc-40b7-93df-c356a029e0b2
2026-07-17 18:44:24,566 INFO mental_health.api GET /api/discussions/plaza 200 3.4ms request_id=112da23e-2bea-4a87-8fc8-b2125d368da8
2026-07-17 18:44:30,575 INFO mental_health.api GET /api/discussions/plaza 200 3.4ms request_id=1d4743a3-7d95-4232-8244-ce6e7388b524
2026-07-17 18:44:36,571 INFO mental_health.api GET /api/discussions/plaza 200 3.2ms request_id=c144d781-17e6-41b1-9662-743bcd76c225
2026-07-17 18:44:42,576 INFO mental_health.api GET /api/discussions/plaza 200 3.7ms request_id=768527a9-0450-4101-bbd9-3692d36e835f
2026-07-17 18:44:48,563 INFO mental_health.api GET /api/discussions/plaza 200 2.6ms request_id=c1db5fbd-e1a2-4053-bfa1-03ec45c58558
2026-07-17 18:44:54,571 INFO mental_health.api GET /api/discussions/plaza 200 2.4ms request_id=c906cc93-18cf-48f5-8e45-59def48e01fb
2026-07-17 18:45:00,574 INFO mental_health.api GET /api/discussions/plaza 200 2.7ms request_id=20dfc291-8d15-44ce-b752-a1b7700ab6bb
2026-07-17 18:45:01,828 INFO mental_health.api GET /api/users/me 200 6.3ms request_id=f9e34df1-b51e-45c6-b794-916207ef5df2
2026-07-17 18:45:01,830 INFO mental_health.api GET /api/discussions/mine 200 8.7ms request_id=46549c63-254b-4096-bb73-038741552589
2026-07-17 18:45:06,565 INFO mental_health.api GET /api/discussions/plaza 200 2.5ms request_id=548a6dca-8381-4e61-a6bb-652362131501
2026-07-17 18:45:12,573 INFO mental_health.api GET /api/discussions/plaza 200 2.7ms request_id=2df79561-2e94-4cdb-ab72-aa31a86072a1
2026-07-17 18:45:18,570 INFO mental_health.api GET /api/discussions/plaza 200 3.1ms request_id=e4d93b6a-42ae-4ee7-a5cc-1493eb7ff0b8
2026-07-17 18:45:24,572 INFO mental_health.api GET /api/discussions/plaza 200 2.4ms request_id=6d70f537-8590-4164-b31b-5784134e894d
2026-07-17 18:45:30,570 INFO mental_health.api GET /api/discussions/plaza 200 2.8ms request_id=bf598ed4-7a79-4186-b46d-dcd4f94c6bff
2026-07-17 18:45:36,567 INFO mental_health.api GET /api/discussions/plaza 200 2.6ms request_id=a3123ed3-2f35-42f7-b8a2-197eb675a068
2026-07-17 18:45:42,571 INFO mental_health.api GET /api/discussions/plaza 200 3.1ms request_id=8ab8d600-ac0a-48b9-991f-78109c10d0d2
2026-07-17 18:45:48,569 INFO mental_health.api GET /api/discussions/plaza 200 2.9ms request_id=7052c17a-9a3d-45bb-881e-58bdadd34d0e
2026-07-17 18:45:54,573 INFO mental_health.api GET /api/discussions/plaza 200 2.9ms request_id=309f3888-627e-4f3d-b09c-a547d5425800
2026-07-17 18:46:00,563 INFO mental_health.api GET /api/discussions/plaza 200 2.8ms request_id=db183f2c-7eed-4027-8626-2eb96753b0c3
2026-07-17 18:46:06,563 INFO mental_health.api GET /api/discussions/plaza 200 3.4ms request_id=ea7d3997-b7be-471a-8f10-043423d22677
2026-07-17 18:46:12,578 INFO mental_health.api GET /api/discussions/plaza 200 3.4ms request_id=72747508-f9de-4950-97c8-2d1b8b7e0b92
2026-07-17 18:46:18,565 INFO mental_health.api GET /api/discussions/plaza 200 4.4ms request_id=3c954215-e255-4517-a9d2-bd8982315821
2026-07-17 18:46:24,573 INFO mental_health.api GET /api/discussions/plaza 200 3.6ms request_id=8e948219-594e-402f-8108-63e12e7f201b
2026-07-17 18:46:30,582 INFO mental_health.api GET /api/discussions/plaza 200 4.7ms request_id=6b411951-de92-451c-bf31-af62cdbbb436
2026-07-17 18:46:36,560 INFO mental_health.api GET /api/discussions/plaza 200 3.0ms request_id=4cf9cde8-1571-4537-8305-01481013f53e
2026-07-17 18:46:42,567 INFO mental_health.api GET /api/discussions/plaza 200 3.2ms request_id=0fdbcb2a-cee7-4616-b827-3e72fde334c5
2026-07-17 18:46:48,567 INFO mental_health.api GET /api/discussions/plaza 200 4.1ms request_id=148c90fc-fd57-4adb-aa6b-2127e6f69dec
2026-07-17 18:46:54,573 INFO mental_health.api GET /api/discussions/plaza 200 2.7ms request_id=a7bafb65-ac9f-4f5d-a748-fa779e96294e
2026-07-17 18:47:00,569 INFO mental_health.api GET /api/discussions/plaza 200 2.5ms request_id=38230465-528b-4aa3-b5b9-d7dbb01c6dd5
2026-07-17 18:47:06,573 INFO mental_health.api GET /api/discussions/plaza 200 2.3ms request_id=3f6bc1e5-326a-4c84-8540-1b1302703e76
2026-07-17 18:47:12,569 INFO mental_health.api GET /api/discussions/plaza 200 2.8ms request_id=4f40cbbd-1815-4c1d-86e5-c7faa31c2eb4
2026-07-17 18:47:18,571 INFO mental_health.api GET /api/discussions/plaza 200 2.8ms request_id=c9066deb-7868-4cd1-a767-957be1a80342
2026-07-17 18:47:24,574 INFO mental_health.api GET /api/discussions/plaza 200 2.8ms request_id=52ed4483-e4fb-4a73-9e2e-d26fb42112a7
2026-07-17 18:47:30,575 INFO mental_health.api GET /api/discussions/plaza 200 2.8ms request_id=e2e11ad8-82f0-48ca-8ac2-fe35485f7650
2026-07-17 18:47:36,567 INFO mental_health.api GET /api/discussions/plaza 200 3.3ms request_id=64ca2338-a321-4fee-9e8c-856dc3c7429b
2026-07-17 18:47:42,569 INFO mental_health.api GET /api/discussions/plaza 200 3.1ms request_id=c120fd0f-5a70-4626-b886-51df9e5e7610
2026-07-17 18:47:48,568 INFO mental_health.api GET /api/discussions/plaza 200 4.2ms request_id=481d0212-083a-42ec-a934-90b603b17085
2026-07-17 18:47:54,564 INFO mental_health.api GET /api/discussions/plaza 200 3.4ms request_id=988ffb5a-3343-4b66-a7bd-93083553c06c
2026-07-17 18:48:00,573 INFO mental_health.api GET /api/discussions/plaza 200 3.1ms request_id=c42b8023-8c81-4466-b939-1d1ef1d8abff
2026-07-17 18:48:05,249 INFO mental_health.api GET /api/users/me 200 8.1ms request_id=d0d4a3cd-3c0d-4942-9f51-8e2de9349f5b
2026-07-17 18:48:05,251 INFO mental_health.api GET /api/discussions/mine 200 10.6ms request_id=2596c388-bd2c-4174-a463-bdea9e404e86
2026-07-17 18:48:06,565 INFO mental_health.api GET /api/discussions/plaza 200 3.5ms request_id=fa9d952f-7b73-4c65-8236-7854a1121a44
2026-07-17 18:48:12,575 INFO mental_health.api GET /api/discussions/plaza 200 2.6ms request_id=13a1e592-8ff5-4c46-80a7-dc6c597666c1
2026-07-17 18:48:18,565 INFO mental_health.api GET /api/discussions/plaza 200 3.2ms request_id=0b21e0d2-7eb0-4ca7-89ab-779ee1218037
2026-07-17 18:48:24,578 INFO mental_health.api GET /api/discussions/plaza 200 3.4ms request_id=b4de9815-beed-4a99-8539-cd254b024dff
2026-07-17 18:48:30,569 INFO mental_health.api GET /api/discussions/plaza 200 3.1ms request_id=657d69d3-7e77-47fc-8a6c-daeac8442f5c
2026-07-17 18:48:36,574 INFO mental_health.api GET /api/discussions/plaza 200 3.0ms request_id=d0cdbe26-68ee-41d0-b02f-b774154545aa
2026-07-17 18:48:42,565 INFO mental_health.api GET /api/discussions/plaza 200 2.9ms request_id=26eccbe4-f1ce-4ef1-bd8a-482599af4548
2026-07-17 18:48:48,569 INFO mental_health.api GET /api/discussions/plaza 200 3.2ms request_id=1a789b16-f83e-4fc3-80b9-a46f4f38e5e6
2026-07-17 18:48:54,569 INFO mental_health.api GET /api/discussions/plaza 200 3.8ms request_id=850c4357-b6ba-4c47-88c7-a0f1b187b488
2026-07-17 18:49:00,570 INFO mental_health.api GET /api/discussions/plaza 200 2.9ms request_id=25faba27-bc35-4a21-8200-5b26a4fe7427
2026-07-17 18:49:06,571 INFO mental_health.api GET /api/discussions/plaza 200 4.9ms request_id=0bde815f-d648-4950-be71-225bf8d3b6d4
2026-07-17 18:49:12,569 INFO mental_health.api GET /api/discussions/plaza 200 2.9ms request_id=aad5146a-0d21-4383-ba73-bd8cfd02f600
2026-07-17 18:49:18,569 INFO mental_health.api GET /api/discussions/plaza 200 3.1ms request_id=07dec85a-e92c-4bc7-bd0a-bee38d97a1d0
2026-07-17 18:49:24,564 INFO mental_health.api GET /api/discussions/plaza 200 4.6ms request_id=e10b5ccc-371f-4c1e-81d6-10ca56f0d3c8
2026-07-17 18:49:30,572 INFO mental_health.api GET /api/discussions/plaza 200 2.4ms request_id=89938e25-f4ee-42f3-8e9c-2f0cb961e35e
2026-07-17 18:49:36,559 INFO mental_health.api GET /api/discussions/plaza 200 2.4ms request_id=5ab38cbf-f018-4aaa-92bc-f50d0d7da93f
2026-07-17 18:49:42,572 INFO mental_health.api GET /api/discussions/plaza 200 2.6ms request_id=4daeae0d-35cf-4d68-aea7-81a38a4e24bf
2026-07-17 18:49:48,575 INFO mental_health.api GET /api/discussions/plaza 200 3.0ms request_id=75cfca16-4e29-4c71-b6a4-2b6f46492d30
2026-07-17 18:49:54,572 INFO mental_health.api GET /api/discussions/plaza 200 6.0ms request_id=9058755d-f198-4ee7-9d25-fa433f76a7fd
WARNING:  Unsupported upgrade request.
WARNING:  No supported WebSocket library detected. Please use "pip install 'uvicorn[standard]'", or install 'websockets' or 'wsproto' manually.
2026-07-17 18:49:54,624 INFO mental_health.api GET /api/analytics/overview 200 43.2ms request_id=fb61f846-10b5-464f-9d82-5e3c4b8f2117
2026-07-17 18:49:54,629 INFO mental_health.api GET /api/analytics/mood-trend 200 47.5ms request_id=9ef748dc-1efa-4fa3-a4f0-55d6d2ee0a41
2026-07-17 18:49:54,631 INFO mental_health.api GET /api/users/me 200 40.5ms request_id=f795cce1-bbb3-4f04-9ff1-01fefd1f1bfb
2026-07-17 18:49:54,636 INFO mental_health.api GET /api/analytics/mood-forecast 200 41.9ms request_id=79cc4e41-f028-4154-a0ae-42ead519fe4b
2026-07-17 18:49:54,640 INFO mental_health.api GET /api/mood/mine 200 53.4ms request_id=d18019f0-af03-4566-9814-0c2d28118d3d
2026-07-17 18:49:54,646 INFO mental_health.api GET /api/analytics/user-activity 200 57.4ms request_id=8df5874b-0c7a-4ee1-91ea-2964c2de6767
2026-07-17 18:49:54,647 INFO mental_health.api GET /api/discussions/plaza/ws 404 46.5ms request_id=c3c75b6e-8303-4eb3-831e-cf8d6aab4a6f
2026-07-17 18:49:54,661 INFO mental_health.api GET /api/mood/risk-status 200 25.3ms request_id=2409fcad-8fe3-4d0e-9e31-beec461c387f
2026-07-17 18:49:54,673 INFO mental_health.api GET /api/articles/ 200 30.0ms request_id=ec5a7bbb-c0df-4904-8154-8df1d9c550d4
2026-07-17 18:49:54,675 INFO mental_health.api GET /api/users/me/notifications 200 27.0ms request_id=e8243bb9-6ab1-4506-bdf2-0a5af49ce250
2026-07-17 18:49:54,682 INFO mental_health.api GET /api/discussions/ 200 23.9ms request_id=72d6c8cf-c6a6-420d-99d1-2d0494346806
2026-07-17 18:49:54,694 INFO mental_health.api GET /api/recommendations/articles 200 52.5ms request_id=accbd5df-9409-4ac4-8748-235b4ec5b4c6
2026-07-17 18:49:54,697 INFO mental_health.api GET /api/discussions/mine 200 46.4ms request_id=a3b50bdc-e8c5-44c1-b874-4450f993c033
2026-07-17 18:49:54,711 INFO mental_health.api GET /api/consult/conversations 200 40.2ms request_id=762cf0fb-12ff-4012-a7c8-d59f8ca8825f
2026-07-17 18:49:54,722 INFO mental_health.api GET /api/users/me/profile 200 32.4ms request_id=cd94f15f-5e02-44c8-aa0b-b60bfba7fc76
2026-07-17 18:49:54,727 INFO mental_health.api GET /api/consult/history/conv-1784284343419-8okmwc 200 34.4ms request_id=f9905c92-22c5-4e1b-baf4-6911b3aa956a
2026-07-17 18:49:54,732 INFO mental_health.api GET /api/articles/ 200 28.7ms request_id=c863298d-9782-402b-a9f5-ba6cdf48b24d
2026-07-17 18:49:54,740 INFO mental_health.api GET /api/recommendations/articles 200 29.9ms request_id=f25a1334-ce37-48b5-b19c-2b9469ea0581
2026-07-17 18:49:54,746 INFO mental_health.api GET /api/discussions/mine 200 35.5ms request_id=ff307034-2ac5-4e7f-aedf-78864f5c5138
2026-07-17 18:49:54,758 INFO mental_health.api GET /api/consult/conversations 200 37.8ms request_id=68090053-d02e-49cd-81fe-7b7e595b5baa
2026-07-17 18:49:54,761 INFO mental_health.api GET /api/users/me/profile 200 26.1ms request_id=15872f18-eab0-4485-a3ce-7965cdab39e5
2026-07-17 18:49:54,763 INFO mental_health.api GET /api/consult/history/conv-1784284343419-8okmwc 200 24.7ms request_id=9c62ada9-c190-4567-82f2-0c57a0e41f5b
2026-07-17 18:49:54,767 INFO mental_health.api GET /api/recommendations/articles 200 16.4ms request_id=a6f60a55-0d65-47ac-b97e-2e32670a82e4
2026-07-17 18:50:00,575 INFO mental_health.api GET /api/discussions/plaza 200 2.8ms request_id=50edcac4-e958-4d34-9ac7-0d453d6e843c
2026-07-17 18:50:06,563 INFO mental_health.api GET /api/discussions/plaza 200 2.9ms request_id=9d791303-b102-4bca-9d69-4515c694c613
2026-07-17 18:50:12,567 INFO mental_health.api GET /api/discussions/plaza 200 3.3ms request_id=0be4e4de-5e0c-4a5b-9449-5aac39dfa8ba
2026-07-17 18:50:18,561 INFO mental_health.api GET /api/discussions/plaza 200 2.5ms request_id=567d20bf-6e07-44c1-8913-f0ca65584f8d
2026-07-17 18:50:24,568 INFO mental_health.api GET /api/discussions/plaza 200 2.9ms request_id=84ef911f-4ae7-4b32-8b49-fe31c4efc7b4
2026-07-17 18:50:30,575 INFO mental_health.api GET /api/discussions/plaza 200 2.8ms request_id=8352da18-ffe6-4114-ad4c-8a7eacda9466
2026-07-17 18:50:36,570 INFO mental_health.api GET /api/discussions/plaza 200 3.6ms request_id=2e0182f0-242d-48c2-ad4d-b609fb6dbb5c
2026-07-17 18:50:42,574 INFO mental_health.api GET /api/discussions/plaza 200 3.4ms request_id=a05eb3f6-0865-46fe-97d3-c3e5395c27a6
2026-07-17 18:50:48,572 INFO mental_health.api GET /api/discussions/plaza 200 4.2ms request_id=7ad4efbe-a57b-4d5d-a5be-f926334b0650
2026-07-17 18:50:54,565 INFO mental_health.api GET /api/discussions/plaza 200 3.2ms request_id=4c46033d-ee75-4157-83ca-bd0450b0bd6f
2026-07-17 18:51:00,571 INFO mental_health.api GET /api/discussions/plaza 200 2.9ms request_id=a993370f-3096-4453-a587-486da2e06ce1
2026-07-17 18:51:06,572 INFO mental_health.api GET /api/discussions/plaza 200 2.9ms request_id=329909c0-ae74-4fbd-b09a-1385d2db74e8
2026-07-17 18:51:12,564 INFO mental_health.api GET /api/discussions/plaza 200 3.8ms request_id=ec615d87-271e-4d17-a2cc-349b93b11be6
2026-07-17 18:51:18,572 INFO mental_health.api GET /api/discussions/plaza 200 4.1ms request_id=552dc0f2-f0d6-410d-9c0e-b37a9678f0e2
2026-07-17 18:51:24,571 INFO mental_health.api GET /api/discussions/plaza 200 3.8ms request_id=ce09f4fe-c1a9-44f1-b02b-1773fdb6ede2
2026-07-17 18:51:30,576 INFO mental_health.api GET /api/discussions/plaza 200 3.3ms request_id=be878d58-5c08-4438-ab95-987874401273
2026-07-17 18:51:36,567 INFO mental_health.api GET /api/discussions/plaza 200 5.2ms request_id=db11a0e6-2344-4673-a873-917129f8034d
2026-07-17 18:51:42,565 INFO mental_health.api GET /api/discussions/plaza 200 4.0ms request_id=e84e956a-fd71-427b-838f-809413714203
2026-07-17 18:51:48,566 INFO mental_health.api GET /api/discussions/plaza 200 2.9ms request_id=b5216dde-ca6f-4271-9a60-1263bada7dc1
2026-07-17 18:51:54,568 INFO mental_health.api GET /api/discussions/plaza 200 2.9ms request_id=1e9e955c-24f1-43ea-b72e-99d624943a62
2026-07-17 18:52:00,571 INFO mental_health.api GET /api/discussions/plaza 200 3.0ms request_id=3a8f68c0-8db2-4880-ba4a-00ca0c0a3642
2026-07-17 18:52:06,566 INFO mental_health.api GET /api/discussions/plaza 200 3.0ms request_id=15246dbf-7292-4b08-93a0-712250294bc7
2026-07-17 18:52:12,570 INFO mental_health.api GET /api/discussions/plaza 200 2.7ms request_id=f576faa6-1fed-402c-a2d0-b98a498cc91e
2026-07-17 18:52:18,579 INFO mental_health.api GET /api/discussions/plaza 200 5.4ms request_id=ea153cb7-c35c-4157-87d0-54496eec03a3
2026-07-17 18:52:24,570 INFO mental_health.api GET /api/discussions/plaza 200 3.2ms request_id=a5c19c74-078e-4e84-a392-c9d20751f9f9
2026-07-17 18:52:30,575 INFO mental_health.api GET /api/discussions/plaza 200 3.6ms request_id=52fd9461-1879-4166-8ec4-cacfb25f1702
2026-07-17 18:52:36,568 INFO mental_health.api GET /api/discussions/plaza 200 2.7ms request_id=31efa346-83ef-4a7f-8699-68bae9b9edb6
2026-07-17 18:52:42,567 INFO mental_health.api GET /api/discussions/plaza 200 3.1ms request_id=b8f14fed-893a-4cba-826e-41970de2f205
2026-07-17 18:52:48,574 INFO mental_health.api GET /api/discussions/plaza 200 2.7ms request_id=252f7cd5-6f60-4469-a3bc-677eeb1e0017
2026-07-17 18:52:54,561 INFO mental_health.api GET /api/discussions/plaza 200 3.6ms request_id=4da783ff-6adb-4426-85ab-c93a18de629b
2026-07-17 18:53:00,572 INFO mental_health.api GET /api/discussions/plaza 200 4.1ms request_id=227f1448-7782-407d-ab17-366cf9e8fbc6
2026-07-17 18:53:06,570 INFO mental_health.api GET /api/discussions/plaza 200 2.9ms request_id=6e2da442-7fc6-4f09-8ba3-800babfc8705
2026-07-17 18:53:10,587 INFO mental_health.api GET /api/analytics/overview 200 7.2ms request_id=bd2c1390-61b8-4d8c-9660-0f1276866b51
2026-07-17 18:53:10,618 INFO mental_health.api GET /api/analytics/mood-trend 200 25.9ms request_id=793eb8fa-d3a7-49fc-917a-2f35d9c16e92
WARNING:  Unsupported upgrade request.
WARNING:  No supported WebSocket library detected. Please use "pip install 'uvicorn[standard]'", or install 'websockets' or 'wsproto' manually.
2026-07-17 18:53:10,681 INFO mental_health.api GET /api/consult/conversations 200 78.8ms request_id=ca7ee239-7c81-4a64-a444-6377622b84ee
2026-07-17 18:53:10,690 INFO mental_health.api GET /api/discussions/plaza 200 86.1ms request_id=c4fde7d6-86ed-49d0-a5d7-62f289380afc
2026-07-17 18:53:10,695 INFO mental_health.api GET /api/discussions/plaza/ws 404 67.6ms request_id=ce80df75-c546-45b6-9a4a-bb70adf1483b
2026-07-17 18:53:10,707 INFO mental_health.api GET /api/analytics/mood-forecast 200 75.8ms request_id=ea28b981-57d9-4d3d-b848-2b10a2cd9a35
2026-07-17 18:53:10,714 INFO mental_health.api GET /api/analytics/user-activity 200 91.2ms request_id=0ba2e8b6-cf4c-4e9d-8cb0-af03a36985d5
2026-07-17 18:53:10,716 INFO mental_health.api GET /api/mood/mine 200 95.5ms request_id=61ef7c9d-3203-4ee0-802c-fbbebc59aa74
2026-07-17 18:53:10,718 INFO mental_health.api GET /api/mood/risk-status 200 72.3ms request_id=bdfd72ec-b828-449a-b399-4a00754aef6f
2026-07-17 18:53:10,732 INFO mental_health.api GET /api/discussions/ 200 31.7ms request_id=c2e47adb-0761-4083-8114-09bbf77fc4a8
2026-07-17 18:53:10,751 INFO mental_health.api GET /api/discussions/mine 200 28.1ms request_id=a1435bc8-7e5c-4218-acb5-9d6521d521dc
2026-07-17 18:53:10,754 INFO mental_health.api GET /api/users/me/notifications 200 28.8ms request_id=26579a92-7905-4f4b-af8c-4557071b663a
2026-07-17 18:53:10,756 INFO mental_health.api GET /api/users/me/profile 200 27.6ms request_id=e5f88826-79a2-4b04-91f5-bf2fdef1eb9b
2026-07-17 18:53:10,757 INFO mental_health.api GET /api/recommendations/articles 200 50.2ms request_id=0b374f38-1997-4aac-b3c7-03c51cd42838
2026-07-17 18:53:10,764 INFO mental_health.api GET /api/articles/ 200 37.5ms request_id=d890711a-1c33-4d2a-9aad-12ba907efedf
2026-07-17 18:53:10,766 INFO mental_health.api GET /api/consult/history/conv-1784284343419-8okmwc 200 22.7ms request_id=f69a0ef8-a128-4950-aefa-86194d803cd8
2026-07-17 18:53:10,787 INFO mental_health.api GET /api/users/me 200 24.9ms request_id=e0cf2029-89cd-48cf-a7c3-c5249609b622
2026-07-17 18:53:10,797 INFO mental_health.api GET /api/users/me/profile 200 28.8ms request_id=1e15d213-3f83-4f13-8567-e513f4ade67e
2026-07-17 18:53:10,799 INFO mental_health.api GET /api/articles/ 200 21.3ms request_id=c8737432-bd28-4b57-9be0-936ea8aaa783
2026-07-17 18:53:10,804 INFO mental_health.api GET /api/consult/conversations 200 40.1ms request_id=f7e2f402-4a0e-4b3c-9ff6-54dbb7ad7886
2026-07-17 18:53:10,806 INFO mental_health.api GET /api/recommendations/articles 200 31.1ms request_id=6eda1fb6-d7ba-4d77-a077-34f2854fd533
2026-07-17 18:53:10,808 INFO mental_health.api GET /api/discussions/mine 200 41.1ms request_id=3f71d8d4-0f87-48bc-9a07-085eaa229934
2026-07-17 18:53:10,815 INFO mental_health.api GET /api/consult/history/conv-1784284343419-8okmwc 200 16.3ms request_id=5fbc8370-11da-415e-99d3-71845828d47a
2026-07-17 18:53:10,824 INFO mental_health.api GET /api/recommendations/articles 200 10.9ms request_id=81d986e7-08d3-4de6-8007-94779df8d76f
2026-07-17 18:53:16,572 INFO mental_health.api GET /api/discussions/plaza 200 2.8ms request_id=ba4a3168-a111-4025-ab63-707c7ed773d6
2026-07-17 18:53:22,566 INFO mental_health.api GET /api/discussions/plaza 200 3.2ms request_id=0a721b9d-6a36-463d-b34b-d8d1000aef4d
2026-07-17 18:53:28,571 INFO mental_health.api GET /api/discussions/plaza 200 3.5ms request_id=61bd7794-6b5b-4376-8258-f2c869aab36f
2026-07-17 18:53:34,573 INFO mental_health.api GET /api/discussions/plaza 200 2.8ms request_id=680cf003-f398-42ee-ac64-db3234707932
2026-07-17 18:53:40,560 INFO mental_health.api GET /api/discussions/plaza 200 2.4ms request_id=1611519a-831a-43af-bf29-ba08f732a6f4
2026-07-17 18:53:46,575 INFO mental_health.api GET /api/discussions/plaza 200 3.3ms request_id=3c3f4eb7-e510-48c8-85c5-33cc86485ede
2026-07-17 18:53:52,567 INFO mental_health.api GET /api/discussions/plaza 200 3.3ms request_id=ce8b4951-e256-4b33-a08d-dd05001f8d2b
2026-07-17 18:53:58,564 INFO mental_health.api GET /api/discussions/plaza 200 2.9ms request_id=8c4bde14-db51-4d69-ba3e-4e168c9cec33
2026-07-17 18:54:04,569 INFO mental_health.api GET /api/discussions/plaza 200 3.0ms request_id=9ce20fba-13aa-4a6d-998b-ea8d13739675
2026-07-17 18:54:10,567 INFO mental_health.api GET /api/discussions/plaza 200 3.6ms request_id=8b7ab35b-26ab-4f6c-bed1-0719fa520a4d
2026-07-17 18:54:16,567 INFO mental_health.api GET /api/discussions/plaza 200 3.3ms request_id=4b6d5fa1-536e-41fa-a39c-2c72468b5c7c
2026-07-17 18:54:22,575 INFO mental_health.api GET /api/discussions/plaza 200 4.7ms request_id=04ab2c5c-566f-4827-a804-050b3db59bc5
2026-07-17 18:54:28,566 INFO mental_health.api GET /api/discussions/plaza 200 3.7ms request_id=3dc46cf7-5d73-4cbf-94a5-528e35260f15
2026-07-17 18:54:34,572 INFO mental_health.api GET /api/discussions/plaza 200 3.4ms request_id=8e1df0d8-f1a3-443e-b9ea-8d70f432fd4f
2026-07-17 18:54:40,563 INFO mental_health.api GET /api/discussions/plaza 200 3.5ms request_id=24af206d-3aa0-4cc8-ad4c-9cb5fd1eaa44
2026-07-17 18:54:46,565 INFO mental_health.api GET /api/discussions/plaza 200 2.5ms request_id=20930efa-cb92-43fd-9091-3bd07a95601f
2026-07-17 18:54:51,574 INFO mental_health.api GET /api/discussions/plaza 200 3.3ms request_id=8910a47a-5cce-4f36-b604-2f77d88618d9
2026-07-17 18:54:57,571 INFO mental_health.api GET /api/discussions/plaza 200 3.0ms request_id=b1ffa2d8-ed52-47a7-868c-a8fd43600159
2026-07-17 18:55:03,575 INFO mental_health.api GET /api/discussions/plaza 200 3.2ms request_id=4a679dc0-886c-467f-9494-f1d0a64a4e9a
2026-07-17 18:55:09,569 INFO mental_health.api GET /api/discussions/plaza 200 3.1ms request_id=ab6a2226-749e-4cd2-a029-96dde31d3eee
2026-07-17 18:55:15,563 INFO mental_health.api GET /api/discussions/plaza 200 2.4ms request_id=3b46cb15-cd4c-49b3-91df-50ad5787d6cf
2026-07-17 18:55:18,571 INFO mental_health.api GET /api/consult/history/conv-1784284343419-8okmwc 200 10.4ms request_id=b039d2a5-f070-4eae-90cb-1b1527e2aca0
2026-07-17 18:55:18,572 INFO mental_health.api GET /api/users/me/profile 200 12.1ms request_id=d8bee3ab-f531-45ec-a48e-a618565d78d0
2026-07-17 18:55:18,576 INFO mental_health.api GET /api/consult/conversations 200 17.5ms request_id=422993ec-7769-42da-8124-868eebaf1e87
2026-07-17 18:55:21,568 INFO mental_health.api GET /api/discussions/plaza 200 3.5ms request_id=0bd3d0c7-8587-4698-8b6c-ec37af6c86fd
2026-07-17 18:55:27,565 INFO mental_health.api GET /api/discussions/plaza 200 2.4ms request_id=ec680bb3-cbac-4dda-987a-58988b963a44
2026-07-17 18:55:33,562 INFO mental_health.api GET /api/discussions/plaza 200 3.3ms request_id=8032402c-a143-46c6-a395-75893eb716d8
2026-07-17 18:55:33,715 INFO mental_health.api GET /api/consult/history/conv-1784277394455-tsauo8 200 6.1ms request_id=025c3cbf-31eb-4743-928a-a3a3b90d50cd
2026-07-17 18:55:39,570 INFO mental_health.api GET /api/discussions/plaza 200 2.7ms request_id=9b415c90-dae0-4e05-b144-413315f35cca
2026-07-17 18:55:45,567 INFO mental_health.api GET /api/discussions/plaza 200 2.6ms request_id=df48b3c3-d94e-4482-bbcb-387d5ed7228f
2026-07-17 18:55:51,450 INFO mental_health.api PATCH /api/consult/conversations/conv-1784277394455-tsauo8/visibility 200 14.5ms request_id=bcbffa7e-b50e-437f-9fc2-800a7df9797b
2026-07-17 18:55:51,472 INFO mental_health.api GET /api/consult/conversations 200 12.2ms request_id=ebd3ded5-2773-4f0c-a953-0b93b0534d5a
2026-07-17 18:55:51,570 INFO mental_health.api GET /api/discussions/plaza 200 3.5ms request_id=424a0c9e-5c7a-4dfc-ac0e-78922f2279c1
2026-07-17 18:55:57,565 INFO mental_health.api GET /api/discussions/plaza 200 3.3ms request_id=6683b87f-3316-42e8-aa96-64f048eeefb7
2026-07-17 18:56:02,893 INFO mental_health.api PATCH /api/consult/conversations/conv-1784277394455-tsauo8/visibility 200 9.0ms request_id=b05cdbd3-abfd-4758-a23e-f2f74d70a5b4
2026-07-17 18:56:02,911 INFO mental_health.api GET /api/consult/conversations 200 8.0ms request_id=2cbe0d6b-c5e7-4cf2-b4ab-830b7d78b885
2026-07-17 18:56:03,568 INFO mental_health.api GET /api/discussions/plaza 200 3.0ms request_id=1bbdfef0-4e25-4794-825d-4cd532383dce
2026-07-17 18:56:09,574 INFO mental_health.api GET /api/discussions/plaza 200 3.2ms request_id=b3f53054-2ec9-4607-82cb-8d3345f1e196
2026-07-17 18:56:15,569 INFO mental_health.api GET /api/discussions/plaza 200 4.0ms request_id=171b76e6-1893-4005-9398-547b85ae44b0
2026-07-17 18:56:21,562 INFO mental_health.api GET /api/discussions/plaza 200 2.5ms request_id=b24ee0af-ab8c-45d6-84e5-4d5cf73257c8
2026-07-17 18:56:27,567 INFO mental_health.api GET /api/discussions/plaza 200 2.9ms request_id=4bc84837-2428-420e-9679-da943f1e3aa7
2026-07-17 18:56:33,564 INFO mental_health.api GET /api/discussions/plaza 200 2.3ms request_id=1739adc6-988d-4ec1-bf9c-880395e660e3
2026-07-17 18:56:39,562 INFO mental_health.api GET /api/discussions/plaza 200 2.4ms request_id=c19ab36a-bea4-4118-9801-d1c684e9b902
2026-07-17 18:56:45,574 INFO mental_health.api GET /api/discussions/plaza 200 2.9ms request_id=0656deaf-1caa-4279-8e81-ee417afb1924
2026-07-17 18:56:51,570 INFO mental_health.api GET /api/discussions/plaza 200 2.9ms request_id=0e63bb2a-5c89-4fe1-869b-f1896487ec9b
2026-07-17 18:56:53,909 INFO mental_health.api GET /api/users/me/profile 200 14.4ms request_id=2e9a841f-720d-47dd-aae4-f8a8ad81c408
2026-07-17 18:56:53,914 INFO mental_health.api GET /api/consult/history/conv-1784277394455-tsauo8 200 17.3ms request_id=32c4c0cb-5632-4da9-965d-90ffca619923
2026-07-17 18:56:53,917 INFO mental_health.api GET /api/consult/conversations 200 24.0ms request_id=81d7f21d-6853-493a-8ac6-6e5012d4ddfa
2026-07-17 18:56:57,565 INFO mental_health.api GET /api/discussions/plaza 200 2.5ms request_id=f11c2805-ccbe-460c-9489-70c511b3a9df
2026-07-17 18:57:03,577 INFO mental_health.api GET /api/discussions/plaza 200 2.9ms request_id=519193b0-f91b-49a7-93ed-4fb3248e49c3
2026-07-17 18:57:09,563 INFO mental_health.api GET /api/discussions/plaza 200 2.6ms request_id=8791085c-4391-41ea-8b5c-07d27914e310
2026-07-17 18:57:15,568 INFO mental_health.api GET /api/discussions/plaza 200 4.0ms request_id=f0f01a6f-9edd-4b13-afe5-26ac97aff425
2026-07-17 18:57:16,072 INFO mental_health.api GET /health 404 4.2ms request_id=a606c548-368b-4b5a-a409-d61ac4cefae3
2026-07-17 18:57:21,571 INFO mental_health.api GET /api/discussions/plaza 200 3.1ms request_id=4851f8b0-2119-4466-aa8d-e75f154a3b30
2026-07-17 18:57:27,089 INFO mental_health.api GET /api/health 200 1.9ms request_id=e5472d68-a727-4db3-92f2-548fb55e94eb
2026-07-17 18:57:27,566 INFO mental_health.api GET /api/discussions/plaza 200 3.9ms request_id=3896fb90-9d16-47d5-82d6-ba442e69bcc4
2026-07-17 18:57:33,560 INFO mental_health.api GET /api/discussions/plaza 200 2.6ms request_id=06fc5516-b694-4535-ae57-8226c3f4d3b1
2026-07-17 18:57:39,565 INFO mental_health.api GET /api/discussions/plaza 200 4.4ms request_id=f19ecf52-8ce7-4797-b114-ab80669b4341
2026-07-17 18:57:45,577 INFO mental_health.api GET /api/discussions/plaza 200 3.2ms request_id=63f43b07-b833-4d49-a093-f5f024f71b53
2026-07-17 18:57:51,568 INFO mental_health.api GET /api/discussions/plaza 200 3.3ms request_id=3251188e-ce24-47d6-b73d-e3ae6239946e
2026-07-17 18:57:57,566 INFO mental_health.api GET /api/discussions/plaza 200 2.7ms request_id=7f7193cc-b49a-43c9-8db4-cc0b53679c6d
2026-07-17 18:58:03,572 INFO mental_health.api GET /api/discussions/plaza 200 3.0ms request_id=99ea63df-5981-4488-b960-e9d5ecf1e376
2026-07-17 18:58:09,574 INFO mental_health.api GET /api/discussions/plaza 200 2.8ms request_id=d7a0c2ae-8ee8-4f9a-8c40-c8a07fb51622
2026-07-17 18:58:15,566 INFO mental_health.api GET /api/discussions/plaza 200 3.4ms request_id=78be464d-4f72-4ab4-a871-db0fd652b42a
2026-07-17 18:58:21,572 INFO mental_health.api GET /api/discussions/plaza 200 3.2ms request_id=45915e04-f995-471f-8d49-9c91eee8dc7e
2026-07-17 18:58:27,573 INFO mental_health.api GET /api/discussions/plaza 200 2.5ms request_id=38569c72-362f-44b6-b6de-f1920b8907c8
2026-07-17 18:58:33,570 INFO mental_health.api GET /api/discussions/plaza 200 3.7ms request_id=39b174f4-8425-416b-9e05-177f3c61929c
2026-07-17 18:58:39,562 INFO mental_health.api GET /api/discussions/plaza 200 2.4ms request_id=5e07a474-7b98-4e97-87dd-14b22e69ef03
2026-07-17 18:58:45,561 INFO mental_health.api GET /api/discussions/plaza 200 2.4ms request_id=e8da943f-fd0e-4308-b629-367fda4644ff
2026-07-17 18:58:51,575 INFO mental_health.api GET /api/discussions/plaza 200 2.9ms request_id=5b6d544d-240b-4b28-9c14-013bbae91eb0
2026-07-17 18:58:57,572 INFO mental_health.api GET /api/discussions/plaza 200 4.2ms request_id=bf63ca37-a131-4396-837b-c9c81be19f5e
2026-07-17 18:59:03,560 INFO mental_health.api GET /api/discussions/plaza 200 2.9ms request_id=cfc04219-4eae-4772-b337-289f9544d10b
2026-07-17 18:59:09,571 INFO mental_health.api GET /api/discussions/plaza 200 3.1ms request_id=5cad744b-33e2-4640-84e3-9b479bf6286d
2026-07-17 18:59:15,570 INFO mental_health.api GET /api/discussions/plaza 200 3.2ms request_id=17bb34c4-6935-4b1e-93a0-843bc02b75e9
2026-07-17 18:59:21,563 INFO mental_health.api GET /api/discussions/plaza 200 3.4ms request_id=500c0b42-c160-40b1-b6fe-8d8d99dfd596
2026-07-17 18:59:27,566 INFO mental_health.api GET /api/discussions/plaza 200 4.2ms request_id=ccf77d0a-e911-4d51-a142-bb3ca3756bac
2026-07-17 18:59:33,567 INFO mental_health.api GET /api/discussions/plaza 200 2.8ms request_id=b415c928-d340-49d8-9d94-aff63bf93fe0
2026-07-17 18:59:39,569 INFO mental_health.api GET /api/discussions/plaza 200 3.3ms request_id=303b52a0-2965-4aa6-a6f5-62650c1be76d
2026-07-17 18:59:45,565 INFO mental_health.api GET /api/discussions/plaza 200 2.4ms request_id=e5383d3b-b4a8-4819-9323-85fe4b8f9341
2026-07-17 18:59:51,572 INFO mental_health.api GET /api/discussions/plaza 200 3.8ms request_id=b2599e4e-8cc1-45ab-ae89-6440747b635d
2026-07-17 18:59:57,566 INFO mental_health.api GET /api/discussions/plaza 200 2.4ms request_id=d201026b-3be1-41c2-9c65-3e23f0722110
2026-07-17 19:00:03,570 INFO mental_health.api GET /api/discussions/plaza 200 3.3ms request_id=f9e6b5d8-f8d6-4362-9bc6-a51396526d44
2026-07-17 19:00:09,574 INFO mental_health.api GET /api/discussions/plaza 200 2.5ms request_id=23fa2181-404d-42d1-83ff-d9c613af33c0
2026-07-17 19:00:15,568 INFO mental_health.api GET /api/discussions/plaza 200 2.6ms request_id=1ee15ced-c23c-407f-8e34-20c9d06ca8c3
2026-07-17 19:00:21,566 INFO mental_health.api GET /api/discussions/plaza 200 3.1ms request_id=54b2cd57-123d-4c3c-9e5e-a1fa6795b12f
2026-07-17 19:00:27,576 INFO mental_health.api GET /api/discussions/plaza 200 3.2ms request_id=d97ec05c-590a-46cc-9b80-5f2a505e6633
2026-07-17 19:00:33,570 INFO mental_health.api GET /api/discussions/plaza 200 4.1ms request_id=3f5ad8b5-173d-49e1-b924-b79fb90754cc
2026-07-17 19:00:39,570 INFO mental_health.api GET /api/discussions/plaza 200 3.4ms request_id=332ebf86-ce01-40e8-aace-6a875c7a3124
2026-07-17 19:00:45,570 INFO mental_health.api GET /api/discussions/plaza 200 3.6ms request_id=505e13eb-2f20-4580-8968-f490f0b18e41
2026-07-17 19:00:51,562 INFO mental_health.api GET /api/discussions/plaza 200 3.0ms request_id=e30459ac-e281-409f-b566-692a26735534
2026-07-17 19:00:57,572 INFO mental_health.api GET /api/discussions/plaza 200 3.5ms request_id=08f0e14d-12e1-409a-ac85-523cf52add4b
WARNING:  Unsupported upgrade request.
WARNING:  No supported WebSocket library detected. Please use "pip install 'uvicorn[standard]'", or install 'websockets' or 'wsproto' manually.
2026-07-17 19:01:01,589 INFO mental_health.api GET /api/discussions/plaza/ws 404 5.2ms request_id=51bf3941-cefc-4bb5-9b23-fa6c73601e6a
2026-07-17 19:01:01,631 INFO mental_health.api GET /api/discussions/plaza 200 21.4ms request_id=5fde6ab4-5f59-4f03-93d5-c1cba3e0fd16
2026-07-17 19:01:01,644 INFO mental_health.api GET /api/users/me/profile 200 31.2ms request_id=6246059c-0f63-4505-9d63-ec3987ce7ea7
2026-07-17 19:01:01,650 INFO mental_health.api GET /api/consult/history/conv-1784284343419-8okmwc 200 37.1ms request_id=785f5662-531a-4b1d-88ef-1f6b1d227194
2026-07-17 19:01:01,651 INFO mental_health.api GET /api/discussions/ 200 41.4ms request_id=94255cf0-8c34-4932-af46-fad7b2870b9f
2026-07-17 19:01:01,653 INFO mental_health.api GET /api/discussions/mine 200 41.2ms request_id=6502371d-0eec-40ec-9938-8da271b73c85
2026-07-17 19:01:01,655 INFO mental_health.api GET /api/consult/conversations 200 42.6ms request_id=a8a31cc4-5b95-428d-9fcb-81db75bb3ba4
2026-07-17 19:01:02,601 INFO mental_health.api GET /api/users/me 200 21.2ms request_id=0cc60a7d-097f-4cac-9952-7e9146fe97ee
2026-07-17 19:01:02,620 INFO mental_health.api GET /api/discussions/mine 200 37.3ms request_id=e9b1a296-880a-43c2-9198-f899d124221c
2026-07-17 19:01:02,627 INFO mental_health.api GET /api/analytics/overview 200 36.9ms request_id=71d834b3-e8e9-40ca-9e1b-d2e98e08c3d5
2026-07-17 19:01:02,637 INFO mental_health.api GET /api/analytics/mood-trend 200 43.4ms request_id=a1802f56-49fd-4d54-8ac6-61956fbd32ae
2026-07-17 19:01:02,642 INFO mental_health.api GET /api/mood/mine 200 46.8ms request_id=f3c40011-8e4b-43a7-a88f-75ebb6b70c69
2026-07-17 19:01:02,645 INFO mental_health.api GET /api/analytics/mood-forecast 200 31.6ms request_id=8f158c7e-0fe9-4435-9d8f-383dd71537f6
2026-07-17 19:01:02,651 INFO mental_health.api GET /api/analytics/user-activity 200 54.4ms request_id=b1ecb31a-3f7c-49d8-b9a6-5d10b86f113d
2026-07-17 19:01:02,662 INFO mental_health.api GET /api/mood/risk-status 200 30.6ms request_id=f4ec5bb4-0398-419b-a5d2-b5358071ad11
2026-07-17 19:01:02,675 INFO mental_health.api GET /api/recommendations/articles 200 37.8ms request_id=3b681223-8233-4a87-9194-017427bd1e84
2026-07-17 19:01:02,687 INFO mental_health.api GET /api/users/me/profile 200 29.1ms request_id=a5e929b6-8fac-4515-bdfc-54a36e559e96
2026-07-17 19:01:02,688 INFO mental_health.api GET /api/users/me/notifications 200 39.4ms request_id=34043038-9a54-47a5-9475-814d553908b8
2026-07-17 19:01:02,693 INFO mental_health.api GET /api/consult/history/conv-1784284343419-8okmwc 200 30.6ms request_id=b6605752-1e1c-49a2-9053-e629f7917d58
2026-07-17 19:01:02,695 INFO mental_health.api GET /api/consult/conversations 200 41.6ms request_id=cceba5c3-fc2e-4153-b7ba-67e9cf3a0956
2026-07-17 19:01:02,697 INFO mental_health.api GET /api/articles/ 200 24.3ms request_id=974796bc-d3ec-4030-b5a2-709da25f25a7
2026-07-17 19:01:02,706 INFO mental_health.api GET /api/recommendations/articles 200 18.6ms request_id=72d327bf-9abd-426b-a420-e74e0053b762
2026-07-17 19:01:02,707 INFO mental_health.api GET /api/articles/ 200 4.3ms request_id=2594d455-afa2-4945-b87b-203d8c1a7027
2026-07-17 19:01:02,719 INFO mental_health.api GET /api/recommendations/articles 200 6.8ms request_id=7fcab1e0-cfe0-472f-bb34-d3f671b0b5f1
2026-07-17 19:01:07,574 INFO mental_health.api GET /api/discussions/plaza 200 3.1ms request_id=351c2137-8c05-4bac-8997-5bd82af59683
2026-07-17 19:01:13,572 INFO mental_health.api GET /api/discussions/plaza 200 5.1ms request_id=d6f3b6b7-992e-4507-8dc3-3766eb1b055b
2026-07-17 19:01:19,571 INFO mental_health.api GET /api/discussions/plaza 200 3.5ms request_id=94f4fe4b-8d92-4866-9d30-b787ffd91387
2026-07-17 19:01:25,569 INFO mental_health.api GET /api/discussions/plaza 200 4.2ms request_id=0007b7c8-139a-4ede-8ef3-0a69edf009e6
2026-07-17 19:01:31,575 INFO mental_health.api GET /api/discussions/plaza 200 3.1ms request_id=d3ef1002-ba92-49de-9f50-0d5d35cd57c9
2026-07-17 19:01:37,562 INFO mental_health.api GET /api/discussions/plaza 200 2.4ms request_id=8d1bdd4c-b2f5-4a9f-8c9f-25d7e63fafb5
2026-07-17 19:01:43,566 INFO mental_health.api GET /api/discussions/plaza 200 2.7ms request_id=73fdc054-4cb1-41b6-9e77-b28d69b1da6b
2026-07-17 19:01:49,572 INFO mental_health.api GET /api/discussions/plaza 200 2.6ms request_id=c904e759-a2d1-4bf9-9834-866eff4d1b9d
2026-07-17 19:01:55,576 INFO mental_health.api GET /api/discussions/plaza 200 2.9ms request_id=1c218a4e-27a6-43d0-893c-4106ac2be991
2026-07-17 19:02:01,570 INFO mental_health.api GET /api/discussions/plaza 200 2.6ms request_id=d3c8a3ee-ec7e-4fe0-9646-e3d96858657d
2026-07-17 19:02:07,577 INFO mental_health.api GET /api/discussions/plaza 200 3.7ms request_id=b39a646c-d24d-49ca-bb74-c1723b150982
2026-07-17 19:02:13,565 INFO mental_health.api GET /api/discussions/plaza 200 3.6ms request_id=d19bce30-aad5-4ed0-ac1a-6dd87ad603b3
2026-07-17 19:02:19,562 INFO mental_health.api GET /api/discussions/plaza 200 3.1ms request_id=453c68ad-d431-45d9-9bbf-c6c1d659a729
2026-07-17 19:02:25,565 INFO mental_health.api GET /api/discussions/plaza 200 2.5ms request_id=c2658906-3341-4f2f-a1ea-1c143857a40a
2026-07-17 19:02:31,560 INFO mental_health.api GET /api/discussions/plaza 200 3.1ms request_id=9d02d9b7-e592-4cfa-8be8-a92f51ac0692
2026-07-17 19:02:37,574 INFO mental_health.api GET /api/discussions/plaza 200 2.5ms request_id=a542c3af-cecc-4129-b70b-d9157cf8ca63
2026-07-17 19:02:43,570 INFO mental_health.api GET /api/discussions/plaza 200 3.2ms request_id=7f69f8cf-3c75-4e10-9966-f2334decf11a
2026-07-17 19:02:49,561 INFO mental_health.api GET /api/discussions/plaza 200 2.3ms request_id=5f11ff51-b124-408a-8dd8-bf95eb3de1f4
2026-07-17 19:02:55,568 INFO mental_health.api GET /api/discussions/plaza 200 5.0ms request_id=fb545846-093a-4dc2-8c23-d8db220ac4a0
2026-07-17 19:03:01,564 INFO mental_health.api GET /api/discussions/plaza 200 3.1ms request_id=ac69fa31-345b-412b-88a8-5acc1e091420
WARNING:  Unsupported upgrade request.
WARNING:  No supported WebSocket library detected. Please use "pip install 'uvicorn[standard]'", or install 'websockets' or 'wsproto' manually.
2026-07-17 19:03:03,618 INFO mental_health.api GET /api/analytics/overview 200 34.5ms request_id=58f08121-70c9-4881-ae1e-65b1b9a39412
2026-07-17 19:03:03,628 INFO mental_health.api GET /api/analytics/mood-trend 200 42.0ms request_id=8f12b547-ceb4-4c82-a3bc-383e66381b1a
2026-07-17 19:03:03,629 INFO mental_health.api GET /api/users/me 200 39.5ms request_id=cce35fcb-3451-425b-b7de-a1b877176d48
2026-07-17 19:03:03,633 INFO mental_health.api GET /api/mood/mine 200 44.0ms request_id=133a6d42-14fd-43e5-a52e-df16c5f5b336
2026-07-17 19:03:03,634 INFO mental_health.api GET /api/discussions/plaza/ws 404 34.7ms request_id=9535d1ea-7260-4008-b042-68bd2cf7ab21
2026-07-17 19:03:03,638 INFO mental_health.api GET /api/discussions/mine 200 44.4ms request_id=c637ec3d-ed8e-4f06-bffc-f05a1fdd4d97
2026-07-17 19:03:03,640 INFO mental_health.api GET /api/analytics/user-activity 200 48.6ms request_id=c2920565-e718-4468-a911-c0b4860cb05a
2026-07-17 19:03:03,650 INFO mental_health.api GET /api/analytics/mood-forecast 200 22.8ms request_id=bb4bb269-8dcc-4480-850f-f4db50f0faea
2026-07-17 19:03:03,666 INFO mental_health.api GET /api/mood/risk-status 200 29.0ms request_id=2545ddd4-d169-434b-8432-d84ea6b810a9
2026-07-17 19:03:03,672 INFO mental_health.api GET /api/discussions/plaza 200 24.9ms request_id=db0f2cde-63ed-4da9-b475-0ce67375a6cb
2026-07-17 19:03:03,677 INFO mental_health.api GET /api/users/me/notifications 200 33.5ms request_id=dc85ca7e-f34d-407d-982f-ae7c22a4befd
2026-07-17 19:03:03,679 INFO mental_health.api GET /api/recommendations/articles 200 38.1ms request_id=c4786f4a-e5e7-4bc3-9144-a71e0c371fb2
2026-07-17 19:03:03,685 INFO mental_health.api GET /api/articles/ 200 36.8ms request_id=2c7d08c6-280b-4cbf-9029-fc545c9a2d71
2026-07-17 19:03:03,694 INFO mental_health.api GET /api/consult/conversations 200 31.9ms request_id=6c81ba62-f156-43b8-9c6c-ac3153c59c2e
2026-07-17 19:03:03,706 INFO mental_health.api GET /api/discussions/ 200 30.0ms request_id=1454a5fb-0feb-4d50-b695-37f43c9c1036
2026-07-17 19:03:03,710 INFO mental_health.api GET /api/users/me/profile 200 23.1ms request_id=85738224-4d48-4348-8e95-ae7a8b977dd3
2026-07-17 19:03:03,716 INFO mental_health.api GET /api/articles/ 200 13.3ms request_id=acf8e882-30d9-45a8-a7f0-7ac3c6037ce9
2026-07-17 19:03:03,720 INFO mental_health.api GET /api/consult/history/conv-1784284343419-8okmwc 200 26.8ms request_id=c80fe1db-0bb0-4ce7-8c43-f72f4208623b
2026-07-17 19:03:03,726 INFO mental_health.api GET /api/discussions/mine 200 31.4ms request_id=30290bc3-1aad-4b26-b8b9-fb50a155917f
2026-07-17 19:03:03,727 INFO mental_health.api GET /api/recommendations/articles 200 29.8ms request_id=7c77b0ad-360f-4ef3-aaec-c125f747e06a
2026-07-17 19:03:03,743 INFO mental_health.api GET /api/users/me/profile 200 21.3ms request_id=9f60c8cd-def2-4ac7-95fd-dac0bb3254c4
2026-07-17 19:03:03,746 INFO mental_health.api GET /api/consult/history/conv-1784284343419-8okmwc 200 17.9ms request_id=e36c67de-71e5-4413-bac9-27b5cf59a946
2026-07-17 19:03:03,748 INFO mental_health.api GET /api/consult/conversations 200 33.4ms request_id=fb65ee9f-8bce-48b2-a865-75dae4efb435
2026-07-17 19:03:03,752 INFO mental_health.api GET /api/recommendations/articles 200 15.2ms request_id=34e5185c-056a-48d9-b024-df7cf4c61612
2026-07-17 19:03:09,570 INFO mental_health.api GET /api/discussions/plaza 200 2.7ms request_id=04500af4-f644-4f65-b2e1-0604c9f64e41
2026-07-17 19:03:15,563 INFO mental_health.api GET /api/discussions/plaza 200 3.0ms request_id=9b39b12a-a151-4fd0-b728-cf5c3f364dee
2026-07-17 19:03:21,565 INFO mental_health.api GET /api/discussions/plaza 200 3.9ms request_id=0bee772d-72f1-404c-94ad-5e300b6078b2
2026-07-17 19:03:27,565 INFO mental_health.api GET /api/discussions/plaza 200 3.3ms request_id=3ef3142d-2eda-43c1-8ec1-9d7331508d94
2026-07-17 19:03:33,570 INFO mental_health.api GET /api/discussions/plaza 200 2.8ms request_id=f8dbe18f-e6ac-47b9-9a86-838ea4e2f399
2026-07-17 19:03:39,571 INFO mental_health.api GET /api/discussions/plaza 200 2.9ms request_id=c94a5d2e-70b5-4593-b15b-b384f8c0ac21
2026-07-17 19:03:45,568 INFO mental_health.api GET /api/discussions/plaza 200 2.7ms request_id=b86b5565-96fd-4afe-aac2-44ab60520dd9
2026-07-17 19:03:51,567 INFO mental_health.api GET /api/discussions/plaza 200 3.7ms request_id=5734b235-6422-4264-877e-4e7d43d3a27d
2026-07-17 19:03:57,565 INFO mental_health.api GET /api/discussions/plaza 200 3.2ms request_id=723de3eb-a30a-4887-a5c4-9f4c7b9f9413
2026-07-17 19:04:03,587 INFO mental_health.api GET /api/discussions/plaza 200 4.0ms request_id=29f2dbef-1e57-466f-8775-19f53fbd1807
2026-07-17 19:04:09,575 INFO mental_health.api GET /api/discussions/plaza 200 4.9ms request_id=5d188ee0-48dd-4f43-9309-ebd897bf8ca0
2026-07-17 19:04:15,574 INFO mental_health.api GET /api/discussions/plaza 200 2.6ms request_id=f4937d8f-f04d-40d3-b0c0-87a9b5d001c8
2026-07-17 19:04:21,564 INFO mental_health.api GET /api/discussions/plaza 200 3.2ms request_id=af1c8e81-b395-4252-9d17-c3cfd906d034
2026-07-17 19:04:27,569 INFO mental_health.api GET /api/discussions/plaza 200 3.3ms request_id=db9e7e3a-ca5b-41cf-b9d4-d0691f37344f
2026-07-17 19:04:33,575 INFO mental_health.api GET /api/discussions/plaza 200 2.7ms request_id=3d21fda9-6d8d-4996-88e5-e699d6d4f6c3
2026-07-17 19:04:39,567 INFO mental_health.api GET /api/discussions/plaza 200 3.6ms request_id=1b6ed341-bc3c-4df3-a4c5-66e6c04ebbfd
2026-07-17 19:04:45,573 INFO mental_health.api GET /api/discussions/plaza 200 5.1ms request_id=ff2de2cd-ddfa-421e-9b95-0a65022d25b5
2026-07-17 19:04:51,571 INFO mental_health.api GET /api/discussions/plaza 200 3.9ms request_id=1df9ff67-27f7-4c1e-a726-725957a6d9f3
2026-07-17 19:04:57,573 INFO mental_health.api GET /api/discussions/plaza 200 3.9ms request_id=891f40b0-e424-4164-acea-7f8aeef1d892
2026-07-17 19:05:03,568 INFO mental_health.api GET /api/discussions/plaza 200 2.6ms request_id=a6612549-20c1-410d-a1c4-84730195354a
2026-07-17 19:05:09,568 INFO mental_health.api GET /api/discussions/plaza 200 2.9ms request_id=2d49e982-e3fc-4142-abbf-8cd8825daf4e
2026-07-17 19:05:15,569 INFO mental_health.api GET /api/discussions/plaza 200 4.5ms request_id=0586f52c-cb29-4519-89d6-cd709dbfcc42
2026-07-17 19:05:21,570 INFO mental_health.api GET /api/discussions/plaza 200 3.9ms request_id=62afeaa1-d850-4eda-b5d9-da7eca7d5586
2026-07-17 19:05:27,568 INFO mental_health.api GET /api/discussions/plaza 200 5.4ms request_id=093dd720-1d76-4916-9fcc-b1e84d828c6a
2026-07-17 19:05:33,571 INFO mental_health.api GET /api/discussions/plaza 200 3.2ms request_id=6b18c528-d5e7-44e0-ad18-532372fd287e
2026-07-17 19:05:39,563 INFO mental_health.api GET /api/discussions/plaza 200 3.5ms request_id=75f36b49-08aa-46da-bded-909ecbf07826
2026-07-17 19:05:45,565 INFO mental_health.api GET /api/discussions/plaza 200 3.8ms request_id=4ee98be7-69d8-4a21-bee4-8b2ee36541c6
2026-07-17 19:05:51,575 INFO mental_health.api GET /api/discussions/plaza 200 3.0ms request_id=d5a7f65f-e232-491f-92be-0aa89bbdafab
2026-07-17 19:05:57,570 INFO mental_health.api GET /api/discussions/plaza 200 2.5ms request_id=87d381bb-4583-4dbf-9c43-d5dcfa8ba839
