INFO:     Started server process [25748]
INFO:     Waiting for application startup.
INFO:     Application startup complete.
INFO:     Uvicorn running on http://127.0.0.1:8000 (Press CTRL+C to quit)
2026-07-17 17:14:51,821 INFO mental_health.api POST /api/consult/chat 401 39.6ms request_id=9c19ddd4-2f28-4c4a-8910-681da3f7b872
2026-07-17 17:14:59,810 INFO mental_health.api POST /api/auth/login 200 507.1ms request_id=5a57e3a8-ab66-4d24-b946-a0adb3100140
2026-07-17 17:14:59,897 INFO mental_health.api GET /api/users/me/profile 200 25.4ms request_id=a258853a-7b73-432a-82dc-57d58837f8e6
2026-07-17 17:14:59,909 INFO mental_health.api GET /api/consult/history/conv-1784277394455-tsauo8 200 37.1ms request_id=d034c195-ee18-4ec7-a3c8-8fb84b046540
2026-07-17 17:14:59,915 INFO mental_health.api GET /api/consult/conversations 200 45.7ms request_id=aaf724c5-71ef-49c0-99f6-9c468c755762
2026-07-17 17:15:06,116 INFO mental_health.api GET /api/health 200 2.2ms request_id=2dc24ec2-d3db-4911-b0ce-271fdde026ec
2026-07-17 17:15:06,759 INFO mental_health.api POST /api/consult/chat 200 1355.6ms request_id=c5f6a94e-2d9c-4e65-8ebe-bce4139bdf1b
2026-07-17 17:15:06,798 INFO mental_health.api GET /api/users/me/profile 200 20.1ms request_id=6acc5c3e-fddb-4e15-871a-fe6d23323e94
2026-07-17 17:15:06,806 INFO mental_health.api GET /api/consult/history/conv-1784277394455-tsauo8 200 29.6ms request_id=629249a3-9387-4b5c-a311-5029ed4bed18
2026-07-17 17:15:06,813 INFO mental_health.api GET /api/consult/conversations 200 34.6ms request_id=c4a92141-59aa-4ddd-af4f-e7420bf1b30a
2026-07-17 17:15:10,658 INFO mental_health.api GET /api/analytics/mood-trend 200 57.3ms request_id=44c31892-ba11-46ea-b893-cf34f958a710
2026-07-17 17:15:10,671 INFO mental_health.api GET /api/analytics/overview 200 74.9ms request_id=9d71e4fe-2376-4d82-83c7-97749a05250c
2026-07-17 17:15:10,672 INFO mental_health.api GET /api/mood/risk-status 200 61.6ms request_id=8f7597c7-dc7a-4d6d-8877-2c1edaf9c079
2026-07-17 17:15:10,677 INFO mental_health.api GET /api/analytics/mood-forecast 200 74.7ms request_id=0a5bff75-79d3-4477-994c-d9a9ddbb2bb3
2026-07-17 17:15:10,682 INFO mental_health.api GET /api/mood/mine 200 74.1ms request_id=7624bda6-b4a3-42ef-92e1-bfc64dae16fc
2026-07-17 17:15:10,697 INFO mental_health.api GET /api/analytics/user-activity 200 89.0ms request_id=1c7091f7-d669-409e-8979-9942586596b5
2026-07-17 17:15:10,720 INFO mental_health.api GET /api/users/me/notifications 200 35.0ms request_id=2a5b0d76-0a96-442e-9aaf-62a5c26336a2
2026-07-17 17:15:10,724 INFO mental_health.api GET /api/recommendations/articles 200 49.0ms request_id=8dc51ff7-cd02-46f7-b98f-c080580cb34d
2026-07-17 17:15:14,252 INFO mental_health.api GET /api/analytics/mood-trend 200 10.7ms request_id=b2336c24-e9e3-4d45-afa2-01696783c26f
2026-07-17 17:15:19,465 INFO mental_health.api GET /api/articles/ 200 13.1ms request_id=f307c89a-07da-41a1-ba7c-ff24954dbc4e
2026-07-17 17:15:19,471 INFO mental_health.api GET /api/recommendations/articles 200 18.8ms request_id=c40c2732-720d-442c-a7f4-1db325b9e312
2026-07-17 17:15:23,188 INFO mental_health.api GET /api/discussions/ 200 16.7ms request_id=cd3f16a5-17b9-4506-892c-ef0bff7aaea1
2026-07-17 17:15:23,190 INFO mental_health.api GET /api/discussions/mine 200 20.5ms request_id=b202a337-1c96-4301-a4f8-56fea9f0b7b1
2026-07-17 17:15:23,985 INFO mental_health.api GET /api/articles/ 200 11.1ms request_id=acb4e995-a412-44b9-aea8-fd49e375504a
2026-07-17 17:15:23,995 INFO mental_health.api GET /api/recommendations/articles 200 20.4ms request_id=e0ebbf7b-663e-4682-bb00-957a0aecb073
2026-07-17 17:15:25,679 INFO mental_health.api GET /api/analytics/overview 200 38.3ms request_id=dc9d90cb-a482-4de0-b3af-ae7c3e8410cf
2026-07-17 17:15:25,690 INFO mental_health.api GET /api/analytics/mood-forecast 200 45.2ms request_id=8ae9b876-2c79-4aad-b605-58181deffb6b
2026-07-17 17:15:25,699 INFO mental_health.api GET /api/mood/risk-status 200 53.1ms request_id=859ffba7-1867-48df-9d1c-3490cac6717b
2026-07-17 17:15:25,704 INFO mental_health.api GET /api/mood/mine 200 61.4ms request_id=dd71c87c-55ca-490b-b64c-d38d9ed61b51
2026-07-17 17:15:25,705 INFO mental_health.api GET /api/analytics/mood-trend 200 63.3ms request_id=bc73c2c5-2ab4-40db-9bae-11652dc24428
2026-07-17 17:15:25,706 INFO mental_health.api GET /api/analytics/user-activity 200 61.5ms request_id=13013387-9efe-4b6e-86a7-ec54f9bed6cb
2026-07-17 17:15:25,724 INFO mental_health.api GET /api/users/me/notifications 200 17.9ms request_id=96aa6611-f043-472c-8b9e-e1a6fe23d95e
2026-07-17 17:15:25,727 INFO mental_health.api GET /api/recommendations/articles 200 31.3ms request_id=b87493be-42c3-4c52-af93-ce4fe17b2571
2026-07-17 17:15:28,229 INFO mental_health.api GET /api/mood/ 200 8.5ms request_id=5e5ecabf-2e47-4209-9a39-ab0b8ec1d1b2
2026-07-17 17:15:30,328 INFO mental_health.api POST /api/auth/login 200 515.1ms request_id=825c9905-9af4-44d7-9f9b-bbd46545a49b
2026-07-17 17:15:30,590 INFO mental_health.api GET /api/consult/conversations 200 18.8ms request_id=87605fc2-7802-4e7b-8317-4b4c8d6da24f
2026-07-17 17:15:39,226 INFO mental_health.api GET /api/users/me/profile 200 27.9ms request_id=60752d15-a719-4dd8-a92b-8ef3051da569
2026-07-17 17:15:39,235 INFO mental_health.api GET /api/consult/history/conv-1784277394455-tsauo8 200 33.9ms request_id=8b12fc56-3a7f-47ca-a28c-0ec3b6a7e4a7
2026-07-17 17:15:39,240 INFO mental_health.api GET /api/consult/conversations 200 44.5ms request_id=e3ccc206-8985-41b2-a6e4-f082cad2073d
2026-07-17 17:15:46,121 INFO mental_health.api GET /api/consultations/ 200 10.8ms request_id=c9332c60-8890-4596-9bab-04b1aaff9b91
2026-07-17 17:15:51,557 INFO mental_health.api GET /api/users/me/profile 200 21.8ms request_id=b1200d87-9ccd-4707-8134-7e9530efcd60
2026-07-17 17:15:51,567 INFO mental_health.api GET /api/consult/history/conv-1784277394455-tsauo8 200 31.3ms request_id=34001661-0eaf-40a4-931f-0c8da550b703
2026-07-17 17:15:51,571 INFO mental_health.api GET /api/consult/conversations 200 38.9ms request_id=4c44055b-d5d6-4070-a31f-03f487ef0259
2026-07-17 17:15:52,546 INFO mental_health.api POST /api/auth/login 200 517.2ms request_id=77e1c2a2-cbfc-4853-ba26-3874e22df032
2026-07-17 17:15:54,057 INFO mental_health.api GET /api/articles/ 200 13.4ms request_id=ce4a0a8a-5922-4057-a565-3724441d62c0
2026-07-17 17:15:54,096 INFO mental_health.api GET /api/recommendations/articles 200 51.3ms request_id=d028b42e-ccdb-4a9f-a290-ef06b46a79a0
2026-07-17 17:15:56,135 INFO mental_health.api GET /api/discussions/ 200 14.7ms request_id=364bf769-47ff-420f-8b99-3d4953c3c3b3
2026-07-17 17:15:56,139 INFO mental_health.api GET /api/discussions/mine 200 17.7ms request_id=f4180ce2-94ba-4f7a-ac5b-d5650818becc
2026-07-17 17:16:03,027 INFO mental_health.api POST /api/consult/chat 200 10236.8ms request_id=046cd0dc-0ebb-4611-973d-a661a2fd1915
2026-07-17 17:16:21,863 INFO mental_health.api POST /api/discussions/ 200 68.4ms request_id=424241c4-5553-44af-943a-d7ede2541e2a
2026-07-17 17:16:21,884 INFO mental_health.api GET /api/discussions/ 200 12.0ms request_id=1c5eb2c3-bb0b-4eaa-9d3e-e4bd6cfb08fd
2026-07-17 17:16:21,890 INFO mental_health.api GET /api/discussions/mine 200 15.6ms request_id=0fee36ca-4890-4c6d-8610-b40daf7ccf72
2026-07-17 17:16:31,490 INFO mental_health.api PATCH /api/consult/conversations/qa-manage-conversation 200 24.7ms request_id=b1d5ed68-f5d8-4ce8-82b7-d1f31f2b2371
2026-07-17 17:16:31,521 INFO mental_health.api GET /api/consult/conversations 200 21.1ms request_id=bf4889fe-95f1-4142-860f-bc4c0cf051f2
2026-07-17 17:16:50,401 INFO mental_health.api PATCH /api/consult/conversations/qa-manage-conversation 200 16.5ms request_id=57aef57e-83ad-4d99-922c-5bb224c7724b
2026-07-17 17:16:50,431 INFO mental_health.api GET /api/consult/conversations 200 18.4ms request_id=a70763c1-e018-4c0f-ad36-b6d46349c6bf
2026-07-17 17:17:05,842 INFO mental_health.api GET /api/users/me/profile 200 21.9ms request_id=fa800c1b-3eb5-4686-b092-c10612e9089a
2026-07-17 17:17:05,850 INFO mental_health.api GET /api/consult/history/conv-1784277394455-tsauo8 200 24.6ms request_id=c1dec544-713a-40e2-98fa-a10d7c8de426
2026-07-17 17:17:05,855 INFO mental_health.api GET /api/consult/conversations 200 38.5ms request_id=11ff37bf-68ee-4cf3-887a-0e1271110b52
2026-07-17 17:17:07,096 INFO mental_health.api PATCH /api/consult/conversations/qa-manage-conversation 200 15.5ms request_id=2a318c8a-ddf1-443c-8e0e-f8d379d0ae9d
2026-07-17 17:17:07,127 INFO mental_health.api GET /api/consult/conversations 200 17.5ms request_id=fdc69aae-2c86-4b25-810c-44134cea464f
2026-07-17 17:17:08,680 INFO mental_health.api PATCH /api/consult/conversations/qa-manage-conversation 200 9.2ms request_id=4bcfea49-7376-4939-ac6e-328cbef39c3c
2026-07-17 17:17:08,710 INFO mental_health.api GET /api/consult/conversations 200 18.8ms request_id=77535e44-caa7-4920-b03c-925160fb9efd
2026-07-17 17:17:10,400 INFO mental_health.api PATCH /api/consult/conversations/conv-1784277394455-tsauo8 200 51.3ms request_id=5703eb7c-6008-4794-a9ae-0d8e5de3b9de
2026-07-17 17:17:10,424 INFO mental_health.api GET /api/consult/conversations 200 16.0ms request_id=8043a6d0-24c0-4c99-b55e-5c79df78841a
2026-07-17 17:17:11,749 INFO mental_health.api PATCH /api/consult/conversations/conv-1784277394455-tsauo8 200 16.2ms request_id=eb135711-139c-4ddd-8f2e-e3605f7f032d
2026-07-17 17:17:11,779 INFO mental_health.api GET /api/consult/conversations 200 20.1ms request_id=12898207-5cc1-4eaf-95a9-8f6ae69573fc
2026-07-17 17:20:29,353 INFO mental_health.api PATCH /api/consult/conversations/conv-1784277394455-tsauo8 200 36.6ms request_id=b172b132-ea68-4b63-85ee-c3b8f6eb085a
2026-07-17 17:20:29,381 INFO mental_health.api GET /api/consult/conversations 200 16.0ms request_id=b5b6d820-cdc9-45a0-ae5a-3f675afa466f
2026-07-17 17:21:11,513 INFO mental_health.api PATCH /api/consult/conversations/conv-1784087003131-l4l6cw 200 15.6ms request_id=4bb3989e-2dfb-4f6c-80ad-b3d111521aad
2026-07-17 17:21:11,553 INFO mental_health.api GET /api/consult/conversations 200 27.6ms request_id=f1867b9a-f227-4313-bcec-06f3ea3651cf
2026-07-17 17:24:40,253 INFO mental_health.api GET /api/users/me/profile 200 14.6ms request_id=9c594653-7889-4bb9-ad69-3544c8643ff5
2026-07-17 17:24:40,263 INFO mental_health.api GET /api/consult/history/conv-1784278973059-ysph0l 200 23.7ms request_id=6d227a76-522c-4912-bbc5-67cd7eac7944
2026-07-17 17:24:40,273 INFO mental_health.api GET /api/consult/conversations 200 35.8ms request_id=2cd95a2f-e660-4662-b815-008e02a2f01d
2026-07-17 17:24:50,340 INFO mental_health.api GET /api/users/me/profile 200 19.6ms request_id=8c446df7-cb02-4b45-a4d2-8fc635ff5f96
2026-07-17 17:24:50,345 INFO mental_health.api GET /api/consult/history/conv-1784277394455-tsauo8 200 23.0ms request_id=a03af8eb-459a-4f41-a737-d503b7990cac
2026-07-17 17:24:50,348 INFO mental_health.api GET /api/consult/conversations 200 30.5ms request_id=c1de98c8-a179-479f-83ae-284289c85edb
2026-07-17 17:24:55,218 INFO mental_health.api DELETE /api/consult/conversations/conv-1784087003131-l4l6cw 200 13.2ms request_id=7a75727e-b420-41e0-97ee-89703e88d5fe
2026-07-17 17:24:55,240 INFO mental_health.api GET /api/consult/conversations 200 15.0ms request_id=ceb3a6fd-996d-49e4-817b-14eeeedc8b13
2026-07-17 17:24:56,767 INFO mental_health.api GET /api/mood/ 200 4.8ms request_id=978f338f-dded-481a-b513-1e9dd1858cb5
2026-07-17 17:24:57,938 INFO mental_health.api GET /api/analytics/mood-trend 200 24.1ms request_id=da80d2ec-34aa-4b6c-8c26-7db03a4545c1
2026-07-17 17:24:57,943 INFO mental_health.api GET /api/analytics/mood-forecast 200 26.4ms request_id=db952cc0-c07b-4342-81de-f23ff4616589
2026-07-17 17:24:57,945 INFO mental_health.api GET /api/mood/risk-status 200 23.9ms request_id=63b77064-aeb8-4bf5-a3e3-d6ca230723c0
2026-07-17 17:24:57,947 INFO mental_health.api GET /api/analytics/overview 200 35.4ms request_id=d8110feb-a9b5-47ff-941e-275e833634c1
2026-07-17 17:24:57,948 INFO mental_health.api GET /api/mood/mine 200 33.9ms request_id=45037026-633f-4d6d-a830-000abfb291a0
2026-07-17 17:24:57,949 INFO mental_health.api GET /api/analytics/user-activity 200 33.0ms request_id=f1ee0d79-12d1-4d0e-9058-54414d9fe8cf
2026-07-17 17:24:57,960 INFO mental_health.api GET /api/recommendations/articles 200 14.4ms request_id=69cbc732-aba0-4831-b8ff-44ffa93b9784
2026-07-17 17:24:57,976 INFO mental_health.api GET /api/users/me/notifications 200 23.8ms request_id=7eceba6c-f059-45d3-ac66-afa785fecbb5
2026-07-17 17:24:59,626 INFO mental_health.api DELETE /api/consult/conversations/qa-manage-conversation 200 8.2ms request_id=8aecab19-955a-4df3-a1c5-0bc79cbb526f
2026-07-17 17:24:59,645 INFO mental_health.api GET /api/consult/conversations 200 11.7ms request_id=ebc6e052-7ed2-45eb-bdfe-3fffbc9fe7e0
2026-07-17 17:25:04,231 INFO mental_health.api GET /api/mood/ 200 7.1ms request_id=2c590cf2-fd29-49d3-a4dc-e48bc933fd05
2026-07-17 17:25:18,866 INFO mental_health.api POST /api/mood/ 200 14.7ms request_id=c523ae35-4291-4c7c-a214-464eb61924e2
2026-07-17 17:25:18,873 INFO mental_health.api GET /api/mood/ 200 2.7ms request_id=515ca3ca-14a2-4e32-98fa-6ebbf01241bf
2026-07-17 17:25:23,862 INFO mental_health.api GET /api/analytics/overview 200 23.8ms request_id=aa3ef43d-cfb8-4317-9409-9f73d03e009e
2026-07-17 17:25:23,873 INFO mental_health.api GET /api/analytics/mood-trend 200 30.6ms request_id=34078c8a-0e17-41be-9bb2-fd24c472665d
2026-07-17 17:25:23,875 INFO mental_health.api GET /api/mood/risk-status 200 24.3ms request_id=01e3d90e-0730-4730-bb33-5f92f17a847c
2026-07-17 17:25:23,878 INFO mental_health.api GET /api/mood/mine 200 35.5ms request_id=4468e712-0c8e-42d3-84c0-537a33b84475
2026-07-17 17:25:23,879 INFO mental_health.api GET /api/analytics/user-activity 200 36.3ms request_id=85bd71d8-0f4f-402a-a405-8d8f8c666d8d
2026-07-17 17:25:23,884 INFO mental_health.api GET /api/analytics/mood-forecast 200 35.0ms request_id=ce6b6609-fd97-4ca7-bb07-65c8facd5bf2
2026-07-17 17:25:23,891 INFO mental_health.api GET /api/recommendations/articles 200 20.1ms request_id=bbaa5f4c-92d0-4904-989b-d314da0fa5b3
2026-07-17 17:25:23,894 INFO mental_health.api GET /api/users/me/notifications 200 7.5ms request_id=fea4939d-4c94-4e9e-bd53-c8f26e2ef1b6
2026-07-17 17:25:24,742 INFO mental_health.api GET /api/mood/ 200 4.6ms request_id=e73160f5-7d23-497b-831f-2da1a12967e6
2026-07-17 17:25:25,401 INFO mental_health.api GET /api/analytics/overview 200 28.7ms request_id=b492c29c-e93b-4347-8d29-feec64f7de99
2026-07-17 17:25:25,411 INFO mental_health.api GET /api/analytics/mood-forecast 200 34.4ms request_id=c25ec327-1d07-4c80-83f8-fd2a378536a7
2026-07-17 17:25:25,415 INFO mental_health.api GET /api/mood/risk-status 200 38.4ms request_id=00b42e6d-79eb-4ee8-aea0-c0caf75540ee
2026-07-17 17:25:25,417 INFO mental_health.api GET /api/analytics/user-activity 200 41.5ms request_id=4d7dd17a-6cf0-46d0-b9a2-c9aaf540a6da
2026-07-17 17:25:25,422 INFO mental_health.api GET /api/analytics/mood-trend 200 46.9ms request_id=c72f6e71-8608-4a51-ba90-7ead57f48a04
2026-07-17 17:25:25,425 INFO mental_health.api GET /api/mood/mine 200 49.7ms request_id=58ac9fda-1ab3-487c-855e-2823c2928c67
2026-07-17 17:25:25,437 INFO mental_health.api GET /api/recommendations/articles 200 23.4ms request_id=3ca83295-3464-4c93-9821-aa97844cf8d0
2026-07-17 17:25:25,438 INFO mental_health.api GET /api/users/me/notifications 200 16.8ms request_id=00921f24-975a-48d8-9e5a-e4f1a23517ac
2026-07-17 17:25:26,790 INFO mental_health.api GET /api/mood/ 200 4.2ms request_id=5e9f53ce-cc8f-4c85-95d4-a4e960f98009
2026-07-17 17:25:28,727 INFO mental_health.api GET /api/analytics/overview 200 8.3ms request_id=42e1c7a6-a045-492b-8bcc-164fc1bbf65c
2026-07-17 17:25:28,747 INFO mental_health.api GET /api/analytics/mood-forecast 200 23.0ms request_id=ba761f51-805e-4a59-b4c4-cd02fa3cea16
2026-07-17 17:25:28,750 INFO mental_health.api GET /api/mood/risk-status 200 25.4ms request_id=65178928-2f6b-424c-88f6-0ebf500f1dec
2026-07-17 17:25:28,754 INFO mental_health.api GET /api/analytics/mood-trend 200 32.0ms request_id=e6a8f772-034a-4dde-9e18-af0ce666df02
2026-07-17 17:25:28,759 INFO mental_health.api GET /api/mood/mine 200 34.1ms request_id=331b37a5-d22c-4a72-ab2c-a93434b8b4b2
2026-07-17 17:25:28,760 INFO mental_health.api GET /api/analytics/user-activity 200 35.4ms request_id=e7b12ff0-f5b6-4c91-9c39-5515b3cdfbdd
2026-07-17 17:25:28,761 INFO mental_health.api GET /api/recommendations/articles 200 20.7ms request_id=fa9636e7-6fd7-4447-af8b-aea11cd1e98e
2026-07-17 17:25:28,766 INFO mental_health.api GET /api/users/me/notifications 200 8.8ms request_id=ab7165f0-0674-445d-937e-aba95d30daec
2026-07-17 17:25:31,853 INFO mental_health.api GET /api/users/me/profile 200 16.5ms request_id=f8c03410-f132-49a9-8e03-6db4d449cede
2026-07-17 17:25:31,859 INFO mental_health.api GET /api/consult/history/conv-1784277394455-tsauo8 200 22.0ms request_id=3a2dc005-1aa8-46db-9510-18381646d869
2026-07-17 17:25:31,862 INFO mental_health.api GET /api/consult/conversations 200 27.2ms request_id=a292221d-6240-4cc9-87a8-82080c223db9
2026-07-17 17:25:33,568 INFO mental_health.api GET /api/analytics/overview 200 12.8ms request_id=b78d1a79-0210-46ad-ba3e-4bd9c0e0303f
2026-07-17 17:25:33,584 INFO mental_health.api GET /api/analytics/mood-forecast 200 25.4ms request_id=e5701e71-20ed-4b13-b1ea-5154343269ee
2026-07-17 17:25:33,591 INFO mental_health.api GET /api/mood/risk-status 200 30.5ms request_id=99ff1bc3-697e-42a5-8457-7486439e7410
2026-07-17 17:25:33,598 INFO mental_health.api GET /api/analytics/mood-trend 200 41.4ms request_id=47bd66da-9a31-4c4f-a7fa-08b5de37babe
2026-07-17 17:25:33,599 INFO mental_health.api GET /api/mood/mine 200 41.0ms request_id=238b457f-f998-46d7-8338-166c1fbf6fdc
2026-07-17 17:25:33,600 INFO mental_health.api GET /api/analytics/user-activity 200 41.9ms request_id=f6b4d106-7559-47e6-8e4b-83897e690b9a
2026-07-17 17:25:33,604 INFO mental_health.api GET /api/recommendations/articles 200 22.4ms request_id=b8d18d25-e728-4d5f-8980-ec62b954ab6e
2026-07-17 17:25:33,609 INFO mental_health.api GET /api/users/me/notifications 200 13.5ms request_id=7c2d6f0e-5173-4020-8bab-dc5c7ebe92bf
2026-07-17 17:25:42,681 INFO mental_health.api GET /api/analytics/mood-trend 200 6.0ms request_id=00a9fff3-3b63-4124-87d9-312430b25031
2026-07-17 17:25:46,048 INFO mental_health.api GET /api/analytics/mood-trend 200 6.3ms request_id=4c1517b1-6077-4099-95d3-83bf7fe5b787
2026-07-17 17:25:48,493 INFO mental_health.api GET /api/mood/ 200 4.1ms request_id=894773c7-2f3c-4620-b093-66453a80363c
2026-07-17 17:25:57,960 INFO mental_health.api GET /api/analytics/overview 200 30.0ms request_id=46228575-59f7-4acd-a193-7750c6cc06fd
2026-07-17 17:25:57,966 INFO mental_health.api GET /api/analytics/mood-trend 200 30.8ms request_id=7a3e2dc7-b42d-462e-b9f4-621a09c1acf7
2026-07-17 17:25:57,968 INFO mental_health.api GET /api/mood/risk-status 200 23.6ms request_id=3bc12db8-55db-4b0b-bed8-e4fa780987df
2026-07-17 17:25:57,969 INFO mental_health.api GET /api/analytics/mood-forecast 200 25.7ms request_id=a9ab2133-806a-4bc6-87ad-870f0a25a96d
2026-07-17 17:25:57,971 INFO mental_health.api GET /api/mood/mine 200 35.0ms request_id=1d336f1a-3802-4afc-9220-876877a555b2
2026-07-17 17:25:57,971 INFO mental_health.api GET /api/analytics/user-activity 200 33.2ms request_id=2d56f680-c1d9-4979-b929-3524ee159e9a
2026-07-17 17:25:57,982 INFO mental_health.api GET /api/users/me/notifications 200 7.9ms request_id=014340ab-fc1c-4f21-8143-7400b9f7b9e7
2026-07-17 17:25:57,983 INFO mental_health.api GET /api/recommendations/articles 200 15.7ms request_id=9c6e9e75-74e7-4fda-8810-0e2769ba345e
2026-07-17 17:26:07,502 INFO mental_health.api GET /api/articles/ 200 12.4ms request_id=565e061f-fe2c-4c4e-88d2-11bc659d6c2e
2026-07-17 17:26:07,506 INFO mental_health.api GET /api/recommendations/articles 200 15.6ms request_id=877a4a55-d47b-47dd-a6fa-9e01cacbc0b7
2026-07-17 17:26:09,261 INFO mental_health.api GET /api/discussions/ 200 11.7ms request_id=561354b8-6a8f-49ac-a88d-bbd84bea5aed
2026-07-17 17:26:09,265 INFO mental_health.api GET /api/discussions/mine 200 15.2ms request_id=e2aea4b3-3d81-4fa1-b635-964083d78a5b
2026-07-17 17:26:12,795 INFO mental_health.api POST /api/discussions/3/like 200 15.8ms request_id=ca11c4e1-686d-401a-9f1d-f49b823489b2
2026-07-17 17:26:12,805 INFO mental_health.api GET /api/discussions/ 200 3.0ms request_id=5e3accc5-eb01-483e-9f71-7df2536c2caf
2026-07-17 17:26:13,838 INFO mental_health.api GET /api/articles/ 200 8.0ms request_id=7a8932a7-8eeb-4aff-9ba9-ca97a67bdd8c
2026-07-17 17:26:13,848 INFO mental_health.api GET /api/recommendations/articles 200 16.1ms request_id=a0b1d75b-6a06-4387-b60d-2c10cca0bc5b
2026-07-17 17:26:41,632 INFO mental_health.api GET /api/consultations/ 200 6.6ms request_id=2405479f-2dde-4b8d-a4a8-1f4df0d6583c
2026-07-17 17:26:43,183 INFO mental_health.api GET /api/users/me/profile 200 20.1ms request_id=07eea4b2-1a8c-4b39-bc53-fc36d72ca747
2026-07-17 17:26:43,188 INFO mental_health.api GET /api/consult/history/conv-1784277394455-tsauo8 200 23.3ms request_id=38c0e86e-3acc-4410-a988-8582e1a09529
2026-07-17 17:26:43,190 INFO mental_health.api GET /api/consult/conversations 200 29.7ms request_id=ea71a67c-5ea1-4bdc-9c6d-4cda3a9699cf
2026-07-17 17:26:44,115 INFO mental_health.api GET /api/mood/ 200 5.4ms request_id=f36af8b3-95e3-4264-a548-e30ffa89a12f
2026-07-17 17:35:05,712 INFO mental_health.api GET /api/mood/ 200 5.2ms request_id=ec009f04-2774-47d9-865c-6a20ee33abbb
2026-07-17 17:35:08,678 INFO mental_health.api GET /api/analytics/mood-trend 200 28.7ms request_id=c94057ea-734d-49fd-a1c8-521fb6699bdc
2026-07-17 17:35:08,682 INFO mental_health.api GET /api/analytics/overview 200 34.5ms request_id=0ec29993-1aa7-4029-9072-00e074916457
2026-07-17 17:35:08,685 INFO mental_health.api GET /api/mood/risk-status 200 28.5ms request_id=7b5f08f4-6d66-42f6-a298-cd9060d775e3
2026-07-17 17:35:08,691 INFO mental_health.api GET /api/analytics/mood-forecast 200 36.3ms request_id=235225bf-7bec-4c7f-8a93-9ae611125fc7
2026-07-17 17:35:08,693 INFO mental_health.api GET /api/analytics/user-activity 200 39.4ms request_id=e772a454-9a90-449f-a1d8-cf4672254295
2026-07-17 17:35:08,697 INFO mental_health.api GET /api/mood/mine 200 46.7ms request_id=b7f47e73-ce13-4f8f-ad70-dffd5358197b
2026-07-17 17:35:08,708 INFO mental_health.api GET /api/users/me/notifications 200 17.4ms request_id=d2bdc05c-7d04-49cb-b7f6-30e59dc3573a
2026-07-17 17:35:08,711 INFO mental_health.api GET /api/recommendations/articles 200 22.0ms request_id=b6fc0421-5ba5-4bc7-bbe8-3d960721f772
2026-07-17 17:35:14,528 INFO mental_health.api GET /api/analytics/overview 200 19.7ms request_id=ced07417-8c80-4948-a298-68e1a0dc9b32
2026-07-17 17:35:14,537 INFO mental_health.api GET /api/mood/risk-status 200 20.9ms request_id=d6b96870-8fb1-4bdc-82c7-1ce8ee8e4cb3
2026-07-17 17:35:14,540 INFO mental_health.api GET /api/analytics/mood-forecast 200 24.7ms request_id=8d0abfb3-fe1a-4cf8-b8c0-240551e663bd
2026-07-17 17:35:14,544 INFO mental_health.api GET /api/analytics/mood-trend 200 33.5ms request_id=b3e4ed3b-9389-4d8e-84d8-163938d46747
2026-07-17 17:35:14,551 INFO mental_health.api GET /api/analytics/user-activity 200 37.8ms request_id=0836f93e-8a6f-4f2d-ae6b-f89e3430bdfa
2026-07-17 17:35:14,552 INFO mental_health.api GET /api/mood/mine 200 42.1ms request_id=bfc7a90d-517c-4743-8d46-b2233932860f
2026-07-17 17:35:14,565 INFO mental_health.api GET /api/recommendations/articles 200 27.6ms request_id=65fcb2a2-820a-4438-825d-98d89b3fd162
2026-07-17 17:35:14,566 INFO mental_health.api GET /api/users/me/notifications 200 15.9ms request_id=f2e93e99-3b67-43cd-8794-445810f30a79
2026-07-17 17:35:17,582 INFO mental_health.api GET /api/mood/ 200 4.9ms request_id=db5d0d7f-e8cd-4bab-8f6f-09d5145043f0
2026-07-17 17:37:05,471 INFO mental_health.api GET /api/consultations/ 200 4.9ms request_id=65326e16-8f99-4c98-b1a9-1f7b1ce26fd6
2026-07-17 17:37:40,609 INFO mental_health.api GET /api/consult/history/conv-1784278973059-ysph0l 200 34.3ms request_id=d9f6637c-20f3-4fb1-8280-af5722ff4db6
2026-07-17 17:37:40,613 INFO mental_health.api GET /api/users/me/profile 200 39.1ms request_id=ddc99c74-a13c-4755-bce4-93de25fc83df
2026-07-17 17:37:40,629 INFO mental_health.api GET /api/consult/conversations 200 54.5ms request_id=be6b2e1e-3c6a-40e7-b43d-8461f04d43df
2026-07-17 17:37:40,664 INFO mental_health.api GET /api/analytics/overview 200 64.9ms request_id=66570479-4e8f-40b4-bf94-9017dbf3dabd
2026-07-17 17:37:40,679 INFO mental_health.api GET /api/analytics/overview 200 70.9ms request_id=669094e3-5561-43fd-9e2f-088ed2956297
2026-07-17 17:37:40,684 INFO mental_health.api GET /api/analytics/mood-trend 200 80.9ms request_id=da18969c-10fa-4e1b-a372-9422f52d21a4
2026-07-17 17:37:40,691 INFO mental_health.api GET /api/analytics/mood-forecast 200 66.8ms request_id=82ff6d31-86ff-4f87-809d-03af362c23a2
2026-07-17 17:37:40,692 INFO mental_health.api GET /api/analytics/mood-trend 200 80.2ms request_id=0a777a02-c87c-44ac-8c59-91f95e00cf5e
2026-07-17 17:37:40,697 INFO mental_health.api GET /api/mood/risk-status 200 65.6ms request_id=ed572a26-4c59-49d5-a03b-960837158c71
2026-07-17 17:37:40,706 INFO mental_health.api GET /api/mood/mine 200 100.9ms request_id=5000bbf0-ddf4-47a1-8366-369b0dba6943
2026-07-17 17:37:40,706 INFO mental_health.api GET /api/mood/mine 200 89.2ms request_id=6963e394-5d11-4423-bfbe-07b33887f9d2
2026-07-17 17:37:40,707 INFO mental_health.api GET /api/analytics/mood-forecast 200 66.6ms request_id=15e71134-99c4-4b98-aec1-acf5913875a2
2026-07-17 17:37:40,710 INFO mental_health.api GET /api/analytics/user-activity 200 75.3ms request_id=09c30b3a-8fef-4e58-884e-56995108fa1f
2026-07-17 17:37:40,713 INFO mental_health.api GET /api/analytics/user-activity 200 92.6ms request_id=0e3ccf11-993f-456a-b60e-f3b04935b1e1
2026-07-17 17:37:40,715 INFO mental_health.api GET /api/mood/risk-status 200 62.7ms request_id=eeb0529a-c5de-42ae-8239-1bca6bbd3ed9
2026-07-17 17:37:40,739 INFO mental_health.api GET /api/articles/ 200 23.1ms request_id=1f0b0bb0-fafb-4d67-9c46-5b0630376081
2026-07-17 17:37:40,740 INFO mental_health.api GET /api/recommendations/articles 200 55.1ms request_id=e994e931-a4bb-46dc-b286-2ade14f67673
2026-07-17 17:37:40,744 INFO mental_health.api GET /api/users/me/notifications 200 32.2ms request_id=65496b0a-7a7f-4fb9-a744-e0e308986546
2026-07-17 17:37:40,747 INFO mental_health.api GET /api/users/me/notifications 200 45.3ms request_id=1cdd7c25-a060-4680-9293-e65243129b0d
2026-07-17 17:37:40,749 INFO mental_health.api GET /api/recommendations/articles 200 52.6ms request_id=d428a423-d639-415a-95c7-97493cfe0464
2026-07-17 17:37:40,763 INFO mental_health.api GET /api/recommendations/articles 200 7.5ms request_id=adb5509a-4345-48b3-a05d-8498e9650286
2026-07-17 17:39:01,587 INFO mental_health.api GET /api/content/public-conversations 404 6.1ms request_id=23a5b2ef-7d1e-45d1-844c-b14bdcbd231a
