INFO:     Started server process [14268]
INFO:     Waiting for application startup.
INFO:     Application startup complete.
INFO:     Uvicorn running on http://127.0.0.1:8000 (Press CTRL+C to quit)
2026-07-17 17:45:32,437 INFO mental_health.api GET /api/health 200 2.8ms request_id=ea4b1c5b-4fd2-4705-865a-5941df7309e3
2026-07-17 17:45:50,484 INFO mental_health.api GET /api/articles/ 200 21.6ms request_id=3fdd2cfb-0d17-45d2-9980-955cb7842b76
2026-07-17 17:45:50,655 INFO mental_health.api GET /api/content/public-conversations 200 6.5ms request_id=b7a7a635-4005-4bd1-95f9-58a0570d691f
2026-07-17 17:47:20,670 INFO mental_health.api GET /api/articles/ 200 7.7ms request_id=d2b495cb-b80d-41a4-8b90-285223025e6b
2026-07-17 17:47:20,687 INFO mental_health.api GET /api/recommendations/articles 200 24.1ms request_id=c4c0b143-a84e-4ccd-b93a-da50cb308210
2026-07-17 17:47:41,839 INFO mental_health.api GET /api/content/public-conversations 200 4.1ms request_id=65fdad5c-4c5f-47ca-8320-a3f794942396
2026-07-17 17:47:59,216 INFO mental_health.api GET /api/content/public-conversations 200 4.8ms request_id=e367a6e0-3bba-4266-947e-de29fe6f3024
2026-07-17 17:48:09,270 INFO mental_health.api GET /api/content/public-conversations 200 4.2ms request_id=3d4032d6-600b-4692-b817-f560a7dea658
2026-07-17 17:48:25,377 INFO mental_health.api GET /api/content/public-conversations 200 3.1ms request_id=3c8fd941-3e7a-42b1-94a7-1cc474025be4
2026-07-17 17:48:39,051 INFO mental_health.api GET /api/articles/ 200 5.2ms request_id=61418d91-d904-483a-9b71-fdf0ab1d81fc
2026-07-17 17:48:39,056 INFO mental_health.api GET /api/recommendations/articles 200 9.7ms request_id=685ed39b-a87f-43f1-bee4-1bd5c1cbdb2c
2026-07-17 17:48:42,489 INFO mental_health.api GET /api/articles/ 200 6.2ms request_id=b16c6ee3-ba11-445c-bc9b-9f49d7123e25
2026-07-17 17:50:34,594 INFO mental_health.api GET /api/users/me/profile 200 16.2ms request_id=beb61d7d-4b72-42e7-8eff-ca2569ca6eeb
2026-07-17 17:50:34,600 INFO mental_health.api GET /api/consult/history/conv-1784278973059-ysph0l 200 20.8ms request_id=2dd9d7c4-674d-47ca-ab8f-c814564502fd
2026-07-17 17:50:34,603 INFO mental_health.api GET /api/consult/conversations 200 27.1ms request_id=05897d68-843a-44b9-b906-6f62995d6dfe
2026-07-17 17:59:08,602 INFO mental_health.api GET /api/analytics/overview 200 31.7ms request_id=ffeedd3a-9824-4f45-abd8-658ccf32ce71
2026-07-17 17:59:08,613 INFO mental_health.api GET /api/mood/risk-status 200 34.6ms request_id=7d8febef-8d52-4802-a3e5-ab68fd52764b
2026-07-17 17:59:08,613 INFO mental_health.api GET /api/analytics/mood-forecast 200 35.7ms request_id=cb424a38-4791-4fdd-9299-7b28c916d107
2026-07-17 17:59:08,616 INFO mental_health.api GET /api/analytics/mood-trend 200 43.0ms request_id=49c33873-fe91-494a-8f4d-75ceef0be1d6
2026-07-17 17:59:08,619 INFO mental_health.api GET /api/analytics/user-activity 200 44.8ms request_id=a8e6b085-99ee-4d8c-ae64-23cbc7fac993
2026-07-17 17:59:08,621 INFO mental_health.api GET /api/mood/mine 200 46.1ms request_id=79cfd1b4-5e82-4ef6-ae22-108db5f1175d
2026-07-17 17:59:08,650 INFO mental_health.api GET /api/recommendations/articles 200 36.0ms request_id=f173683c-fe0e-4742-897e-17623b39a097
2026-07-17 17:59:08,652 INFO mental_health.api GET /api/articles/ 200 28.5ms request_id=67d6c9d2-d1ac-4bb0-9009-c57ba68f32e7
2026-07-17 17:59:08,657 INFO mental_health.api GET /api/users/me/notifications 200 34.8ms request_id=fb564cf4-533f-44db-ad23-0cec07aeb684
2026-07-17 17:59:08,661 INFO mental_health.api GET /api/consult/history/conv-1784278973059-ysph0l 200 26.6ms request_id=0bcfa1c7-a4a6-4fc1-b4c5-ace7f4a714d0
2026-07-17 17:59:08,664 INFO mental_health.api GET /api/users/me/profile 200 30.4ms request_id=a3ff0e8b-9139-47ca-830b-99755e97b6fe
2026-07-17 17:59:08,666 INFO mental_health.api GET /api/consult/conversations 200 39.6ms request_id=ec5e5875-9597-4eba-a8f2-5b4540baf72b
2026-07-17 17:59:08,674 INFO mental_health.api GET /api/recommendations/articles 200 9.8ms request_id=c9a50bad-dd24-455a-bc35-b81cb1690b2b
