
> mental-health-ai-frontend@1.0.0 dev
> vite --host 0.0.0.0 --host 127.0.0.1 --port 5173

[2m15:08:01[22m [36m[1m[vite][22m[39m [90m[2m(client)[22m[39m Re-optimizing dependencies because lockfile has changed

  [32m[1mVITE[22m v6.4.3[39m  [2mready in [0m[1m593[22m[2m[0m ms[22m

  [32m➜[39m  [1mLocal[22m:   [36mhttp://127.0.0.1:[1m5173[22m/[39m
[2m15:17:18[22m [36m[1m[vite][22m[39m [90m[2m(client)[22m[39m [32mhmr update [39m[2m/src/pages/ArticlesPage.tsx[22m
[2m15:17:18[22m [36m[1m[vite][22m[39m [32mvite.config.ts changed, restarting server...[39m
[2m15:17:18[22m [36m[1m[vite][22m[39m server restarted.
[2m15:24:22[22m [36m[1m[vite][22m[39m [90m[2m(client)[22m[39m [32mhmr update [39m[2m/src/App.tsx[22m
[2m15:42:22[22m [36m[1m[vite][22m[39m [90m[2m(client)[22m[39m [32mhmr update [39m[2m/src/components/AuthPanel.tsx, /src/pages/ArticlesPage.tsx, /src/pages/AdminPage.tsx, /src/pages/DashboardPage.tsx[22m
[2m15:42:49[22m [36m[1m[vite][22m[39m [90m[2m(client)[22m[39m [32mhmr update [39m[2m/src/components/AuthPanel.tsx, /src/pages/ArticlesPage.tsx, /src/pages/AdminPage.tsx, /src/pages/DashboardPage.tsx[22m
[2m15:43:16[22m [36m[1m[vite][22m[39m [90m[2m(client)[22m[39m [32mhmr update [39m[2m/src/pages/DashboardPage.tsx[22m
[2m15:48:20[22m [36m[1m[vite][22m[39m [90m[2m(client)[22m[39m [32mhmr update [39m[2m/src/pages/AdminPage.tsx[22m
[2m15:49:37[22m [36m[1m[vite][22m[39m [90m[2m(client)[22m[39m [32mhmr update [39m[2m/src/styles.css[22m
[2m16:02:36[22m [36m[1m[vite][22m[39m [90m[2m(client)[22m[39m [32mpage reload [39m[2msrc/main.tsx[22m
[2m16:13:26[22m [36m[1m[vite][22m[39m [90m[2m(client)[22m[39m [32mhmr update [39m[2m/src/components/AuthPanel.tsx, /src/pages/ArticlesPage.tsx, /src/pages/AdminPage.tsx, /src/pages/DashboardPage.tsx, /src/pages/CommunityPage.tsx[22m
[2m16:13:49[22m [36m[1m[vite][22m[39m [90m[2m(client)[22m[39m [32mhmr update [39m[2m/src/pages/AdminPage.tsx[22m
[2m16:14:38[22m [36m[1m[vite][22m[39m [90m[2m(client)[22m[39m [32mhmr update [39m[2m/src/pages/AdminPage.tsx[22m
[2m16:15:04[22m [36m[1m[vite][22m[39m [90m[2m(client)[22m[39m [32mhmr update [39m[2m/src/pages/AdminPage.tsx[22m
[2m16:15:31[22m [36m[1m[vite][22m[39m [90m[2m(client)[22m[39m [32mhmr update [39m[2m/src/pages/DashboardPage.tsx[22m
[2m16:16:05[22m [36m[1m[vite][22m[39m [90m[2m(client)[22m[39m [32mhmr update [39m[2m/src/styles.css[22m
[2m16:20:48[22m [36m[1m[vite][22m[39m [90m[2m(client)[22m[39m [32mhmr update [39m[2m/src/pages/AdminPage.tsx[22m
[2m16:21:03[22m [36m[1m[vite][22m[39m [90m[2m(client)[22m[39m [32mhmr update [39m[2m/src/pages/AdminPage.tsx[22m
[2m16:28:46[22m [36m[1m[vite][22m[39m [90m[2m(client)[22m[39m [32mhmr update [39m[2m/src/styles.css[22m
[2m16:50:52[22m [36m[1m[vite][22m[39m [90m[2m(client)[22m[39m [32mhmr update [39m[2m/src/components/AuthPanel.tsx, /src/pages/ArticlesPage.tsx, /src/pages/AdminPage.tsx, /src/pages/DashboardPage.tsx, /src/pages/CommunityPage.tsx, /src/pages/RecordsPage.tsx, /src/pages/ConsultPage.tsx, /src/pages/MoodPage.tsx[22m
[2m16:50:52[22m [36m[1m[vite][22m[39m [90m[2m(client)[22m[39m [32mhmr update [39m[2m/src/pages/DashboardPage.tsx[22m
[2m16:50:52[22m [36m[1m[vite][22m[39m [90m[2m(client)[22m[39m [32mhmr update [39m[2m/src/styles.css[22m
[2m17:00:08[22m [36m[1m[vite][22m[39m [90m[2m(client)[22m[39m [32mhmr update [39m[2m/src/components/AuthPanel.tsx, /src/pages/ArticlesPage.tsx, /src/pages/AdminPage.tsx, /src/pages/DashboardPage.tsx, /src/pages/CommunityPage.tsx, /src/pages/RecordsPage.tsx, /src/pages/ConsultPage.tsx, /src/pages/MoodPage.tsx[22m
[2m17:00:08[22m [36m[1m[vite][22m[39m [90m[2m(client)[22m[39m [32mhmr update [39m[2m/src/pages/ConsultPage.tsx[22m
[2m17:00:08[22m [36m[1m[vite][22m[39m [90m[2m(client)[22m[39m [32mhmr update [39m[2m/src/styles.css[22m
[2m17:08:43[22m [36m[1m[vite][22m[39m [90m[2m(client)[22m[39m [32mhmr update [39m[2m/src/components/AuthPanel.tsx, /src/pages/ArticlesPage.tsx, /src/pages/AdminPage.tsx, /src/pages/DashboardPage.tsx, /src/pages/CommunityPage.tsx, /src/pages/RecordsPage.tsx, /src/pages/ConsultPage.tsx, /src/pages/MoodPage.tsx[22m
[2m17:08:43[22m [36m[1m[vite][22m[39m [90m[2m(client)[22m[39m [32mhmr update [39m[2m/src/pages/ConsultPage.tsx[22m
[2m17:08:43[22m [36m[1m[vite][22m[39m [90m[2m(client)[22m[39m [32mhmr update [39m[2m/src/styles.css[22m
[2m17:18:27[22m [36m[1m[vite][22m[39m [90m[2m(client)[22m[39m [32mhmr update [39m[2m/src/styles.css[22m
[2m17:23:42[22m [36m[1m[vite][22m[39m [90m[2m(client)[22m[39m [32mhmr update [39m[2m/src/styles.css[22m
[2m17:24:40[22m [36m[1m[vite][22m[39m [90m[2m(client)[22m[39m [32mhmr update [39m[2m/src/pages/ConsultPage.tsx[22m
[2m17:24:40[22m [36m[1m[vite][22m[39m [90m[2m(client)[22m[39m [32mhmr update [39m[2m/src/styles.css[22m
[2m17:37:40[22m [36m[1m[vite][22m[39m [90m[2m(client)[22m[39m [32mhmr update [39m[2m/src/App.tsx[22m
[2m17:37:40[22m [36m[1m[vite][22m[39m [90m[2m(client)[22m[39m [32mhmr update [39m[2m/src/components/AuthPanel.tsx, /src/pages/ArticlesPage.tsx, /src/pages/AdminPage.tsx, /src/pages/DashboardPage.tsx, /src/pages/CommunityPage.tsx, /src/pages/RecordsPage.tsx, /src/pages/ConsultPage.tsx, /src/pages/MoodPage.tsx[22m
[2m17:37:40[22m [36m[1m[vite][22m[39m [90m[2m(client)[22m[39m [32mhmr update [39m[2m/src/pages/ConsultPage.tsx[22m
[2m17:37:40[22m [36m[1m[vite][22m[39m [90m[2m(client)[22m[39m [32mhmr update [39m[2m/src/pages/RecordsPage.tsx[22m
[2m17:39:00[22m [36m[1m[vite][22m[39m [90m[2m(client)[22m[39m [32mhmr update [39m[2m/src/pages/ArticlesPage.tsx[22m
[2m17:39:58[22m [36m[1m[vite][22m[39m [90m[2m(client)[22m[39m [32mhmr update [39m[2m/src/styles.css[22m
[2m17:48:25[22m [36m[1m[vite][22m[39m [90m[2m(client)[22m[39m [32mhmr update [39m[2m/src/pages/ArticlesPage.tsx[22m
[2m17:50:34[22m [36m[1m[vite][22m[39m [90m[2m(client)[22m[39m [32mhmr update [39m[2m/src/pages/ConsultPage.tsx[22m
[2m17:59:07[22m [36m[1m[vite][22m[39m [90m[2m(client)[22m[39m [32mhmr update [39m[2m/src/components/AuthPanel.tsx, /src/pages/ArticlesPage.tsx, /src/pages/AdminPage.tsx, /src/pages/DashboardPage.tsx, /src/pages/CommunityPage.tsx, /src/pages/ConsultPage.tsx, /src/pages/MoodPage.tsx[22m
[2m17:59:07[22m [36m[1m[vite][22m[39m [90m[2m(client)[22m[39m [32mhmr update [39m[2m/src/pages/ArticlesPage.tsx[22m
[2m17:59:07[22m [36m[1m[vite][22m[39m [90m[2m(client)[22m[39m [32mhmr update [39m[2m/src/styles.css[22m
[2m18:11:33[22m [36m[1m[vite][22m[39m [32mvite.config.ts changed, restarting server...[39m
[2m18:11:33[22m [36m[1m[vite][22m[39m [90m[2m(client)[22m[39m [32mhmr update [39m[2m/src/components/AuthPanel.tsx, /src/pages/ArticlesPage.tsx, /src/pages/AdminPage.tsx, /src/pages/DashboardPage.tsx, /src/pages/CommunityPage.tsx, /src/pages/ConsultPage.tsx, /src/pages/MoodPage.tsx[22m
[2m18:11:33[22m [36m[1m[vite][22m[39m [90m[2m(client)[22m[39m [32mhmr update [39m[2m/src/components/AuthPanel.tsx, /src/pages/ArticlesPage.tsx, /src/pages/AdminPage.tsx, /src/pages/DashboardPage.tsx, /src/pages/CommunityPage.tsx, /src/pages/ConsultPage.tsx, /src/pages/MoodPage.tsx[22m
[2m18:11:33[22m [36m[1m[vite][22m[39m server restarted.
[2m18:12:57[22m [36m[1m[vite][22m[39m [90m[2m(client)[22m[39m [32mhmr update [39m[2m/src/App.tsx[22m
[2m18:15:01[22m [36m[1m[vite][22m[39m [90m[2m(client)[22m[39m [32mhmr update [39m[2m/src/styles.css[22m
[2m18:15:11[22m [36m[1m[vite][22m[39m [90m[2m(client)[22m[39m [32mhmr update [39m[2m/src/styles.css[22m
